ARM GAS  C:\Users\Kotori\AppData\Local\Temp\cc90Ko9b.s 			page 1


   1              		.syntax unified
   2              		.cpu cortex-m3
   3              		.fpu softvfp
   4              		.eabi_attribute 20, 1
   5              		.eabi_attribute 21, 1
   6              		.eabi_attribute 23, 3
   7              		.eabi_attribute 24, 1
   8              		.eabi_attribute 25, 1
   9              		.eabi_attribute 26, 1
  10              		.eabi_attribute 30, 1
  11              		.eabi_attribute 34, 1
  12              		.eabi_attribute 18, 4
  13              		.thumb
  14              		.syntax unified
  15              		.file	"cymetadata.c"
  16              		.text
  17              	.Ltext0:
  18              		.cfi_sections	.debug_frame
  19              		.global	cy_metadata
  20              		.global	cy_meta_flashprotect
  21              		.global	cy_meta_wonvl
  22              		.global	cy_meta_custnvl
  23              		.global	cy_meta_configecc
  24              		.section	.cyconfigecc,"a",%progbits
  25              		.align	2
  26              		.type	cy_meta_configecc, %object
  27              		.size	cy_meta_configecc, 1192
  28              	cy_meta_configecc:
  29 0000 02       		.byte	2
  30 0001 4F       		.byte	79
  31 0002 00       		.byte	0
  32 0003 40       		.byte	64
  33 0004 07       		.byte	7
  34 0005 52       		.byte	82
  35 0006 00       		.byte	0
  36 0007 40       		.byte	64
  37 0008 01       		.byte	1
  38 0009 64       		.byte	100
  39 000a 00       		.byte	0
  40 000b 40       		.byte	64
  41 000c 02       		.byte	2
  42 000d 65       		.byte	101
  43 000e 00       		.byte	0
  44 000f 40       		.byte	64
  45 0010 03       		.byte	3
  46 0011 05       		.byte	5
  47 0012 01       		.byte	1
  48 0013 40       		.byte	64
  49 0014 62       		.byte	98
  50 0015 06       		.byte	6
  51 0016 01       		.byte	1
  52 0017 40       		.byte	64
  53 0018 38       		.byte	56
  54 0019 07       		.byte	7
  55 001a 01       		.byte	1
  56 001b 40       		.byte	64
  57 001c 02       		.byte	2
ARM GAS  C:\Users\Kotori\AppData\Local\Temp\cc90Ko9b.s 			page 2


  58 001d 0B       		.byte	11
  59 001e 01       		.byte	1
  60 001f 40       		.byte	64
  61 0020 06       		.byte	6
  62 0021 14       		.byte	20
  63 0022 01       		.byte	1
  64 0023 40       		.byte	64
  65 0024 3D       		.byte	61
  66 0025 15       		.byte	21
  67 0026 01       		.byte	1
  68 0027 40       		.byte	64
  69 0028 45       		.byte	69
  70 0029 16       		.byte	22
  71 002a 01       		.byte	1
  72 002b 40       		.byte	64
  73 002c 41       		.byte	65
  74 002d 17       		.byte	23
  75 002e 01       		.byte	1
  76 002f 40       		.byte	64
  77 0030 01       		.byte	1
  78 0031 19       		.byte	25
  79 0032 01       		.byte	1
  80 0033 40       		.byte	64
  81 0034 01       		.byte	1
  82 0035 1B       		.byte	27
  83 0036 01       		.byte	1
  84 0037 40       		.byte	64
  85 0038 02       		.byte	2
  86 0039 40       		.byte	64
  87 003a 01       		.byte	1
  88 003b 40       		.byte	64
  89 003c 08       		.byte	8
  90 003d 41       		.byte	65
  91 003e 01       		.byte	1
  92 003f 40       		.byte	64
  93 0040 0A       		.byte	10
  94 0041 42       		.byte	66
  95 0042 01       		.byte	1
  96 0043 40       		.byte	64
  97 0044 0A       		.byte	10
  98 0045 43       		.byte	67
  99 0046 01       		.byte	1
 100 0047 40       		.byte	64
 101 0048 02       		.byte	2
 102 0049 44       		.byte	68
 103 004a 01       		.byte	1
 104 004b 40       		.byte	64
 105 004c 05       		.byte	5
 106 004d 45       		.byte	69
 107 004e 01       		.byte	1
 108 004f 40       		.byte	64
 109 0050 06       		.byte	6
 110 0051 46       		.byte	70
 111 0052 01       		.byte	1
 112 0053 40       		.byte	64
 113 0054 02       		.byte	2
 114 0055 47       		.byte	71
ARM GAS  C:\Users\Kotori\AppData\Local\Temp\cc90Ko9b.s 			page 3


 115 0056 01       		.byte	1
 116 0057 40       		.byte	64
 117 0058 0D       		.byte	13
 118 0059 48       		.byte	72
 119 005a 01       		.byte	1
 120 005b 40       		.byte	64
 121 005c 0C       		.byte	12
 122 005d 49       		.byte	73
 123 005e 01       		.byte	1
 124 005f 40       		.byte	64
 125 0060 02       		.byte	2
 126 0061 4C       		.byte	76
 127 0062 01       		.byte	1
 128 0063 40       		.byte	64
 129 0064 02       		.byte	2
 130 0065 4D       		.byte	77
 131 0066 01       		.byte	1
 132 0067 40       		.byte	64
 133 0068 06       		.byte	6
 134 0069 50       		.byte	80
 135 006a 01       		.byte	1
 136 006b 40       		.byte	64
 137 006c 01       		.byte	1
 138 006d 51       		.byte	81
 139 006e 01       		.byte	1
 140 006f 40       		.byte	64
 141 0070 01       		.byte	1
 142 0071 10       		.byte	16
 143 0072 0A       		.byte	10
 144 0073 87       		.byte	-121
 145 0074 00       		.byte	0
 146 0075 06       		.byte	6
 147 0076 01       		.byte	1
 148 0077 0C       		.byte	12
 149 0078 02       		.byte	2
 150 0079 0F       		.byte	15
 151 007a 10       		.byte	16
 152 007b 04       		.byte	4
 153 007c 11       		.byte	17
 154 007d 04       		.byte	4
 155 007e 18       		.byte	24
 156 007f 40       		.byte	64
 157 0080 1C       		.byte	28
 158 0081 80       		.byte	-128
 159 0082 86       		.byte	-122
 160 0083 0F       		.byte	15
 161 0084 85       		.byte	-123
 162 0085 72       		.byte	114
 163 0086 86       		.byte	-122
 164 0087 38       		.byte	56
 165 0088 83       		.byte	-125
 166 0089 02       		.byte	2
 167 008a E0       		.byte	-32
 168 008b 04       		.byte	4
 169 008c EE       		.byte	-18
 170 008d 01       		.byte	1
 171 008e 01       		.byte	1
ARM GAS  C:\Users\Kotori\AppData\Local\Temp\cc90Ko9b.s 			page 4


 172 008f 0A       		.byte	10
 173 0090 03       		.byte	3
 174 0091 14       		.byte	20
 175 0092 05       		.byte	5
 176 0093 13       		.byte	19
 177 0094 07       		.byte	7
 178 0095 04       		.byte	4
 179 0096 09       		.byte	9
 180 0097 13       		.byte	19
 181 0098 0B       		.byte	11
 182 0099 0C       		.byte	12
 183 009a 0D       		.byte	13
 184 009b 03       		.byte	3
 185 009c 0F       		.byte	15
 186 009d 14       		.byte	20
 187 009e 13       		.byte	19
 188 009f 08       		.byte	8
 189 00a0 15       		.byte	21
 190 00a1 20       		.byte	32
 191 00a2 17       		.byte	23
 192 00a3 C0       		.byte	-64
 193 00a4 1D       		.byte	29
 194 00a5 80       		.byte	-128
 195 00a6 1F       		.byte	31
 196 00a7 20       		.byte	32
 197 00a8 21       		.byte	33
 198 00a9 40       		.byte	64
 199 00aa 23       		.byte	35
 200 00ab 20       		.byte	32
 201 00ac 25       		.byte	37
 202 00ad E0       		.byte	-32
 203 00ae 29       		.byte	41
 204 00af E0       		.byte	-32
 205 00b0 2F       		.byte	47
 206 00b1 15       		.byte	21
 207 00b2 33       		.byte	51
 208 00b3 0F       		.byte	15
 209 00b4 35       		.byte	53
 210 00b5 E0       		.byte	-32
 211 00b6 37       		.byte	55
 212 00b7 10       		.byte	16
 213 00b8 3B       		.byte	59
 214 00b9 08       		.byte	8
 215 00ba 3F       		.byte	63
 216 00bb 40       		.byte	64
 217 00bc 40       		.byte	64
 218 00bd 23       		.byte	35
 219 00be 41       		.byte	65
 220 00bf 06       		.byte	6
 221 00c0 45       		.byte	69
 222 00c1 0B       		.byte	11
 223 00c2 46       		.byte	70
 224 00c3 0C       		.byte	12
 225 00c4 47       		.byte	71
 226 00c5 E0       		.byte	-32
 227 00c6 48       		.byte	72
 228 00c7 25       		.byte	37
ARM GAS  C:\Users\Kotori\AppData\Local\Temp\cc90Ko9b.s 			page 5


 229 00c8 49       		.byte	73
 230 00c9 FF       		.byte	-1
 231 00ca 4A       		.byte	74
 232 00cb FF       		.byte	-1
 233 00cc 4B       		.byte	75
 234 00cd FF       		.byte	-1
 235 00ce 4E       		.byte	78
 236 00cf F0       		.byte	-16
 237 00d0 4F       		.byte	79
 238 00d1 44       		.byte	68
 239 00d2 50       		.byte	80
 240 00d3 0C       		.byte	12
 241 00d4 54       		.byte	84
 242 00d5 01       		.byte	1
 243 00d6 59       		.byte	89
 244 00d7 04       		.byte	4
 245 00d8 5A       		.byte	90
 246 00d9 04       		.byte	4
 247 00da 5B       		.byte	91
 248 00db 04       		.byte	4
 249 00dc 5C       		.byte	92
 250 00dd 20       		.byte	32
 251 00de 5D       		.byte	93
 252 00df 22       		.byte	34
 253 00e0 5F       		.byte	95
 254 00e1 01       		.byte	1
 255 00e2 66       		.byte	102
 256 00e3 C0       		.byte	-64
 257 00e4 6A       		.byte	106
 258 00e5 40       		.byte	64
 259 00e6 6B       		.byte	107
 260 00e7 02       		.byte	2
 261 00e8 80       		.byte	-128
 262 00e9 DC       		.byte	-36
 263 00ea 82       		.byte	-126
 264 00eb 22       		.byte	34
 265 00ec 84       		.byte	-124
 266 00ed 0C       		.byte	12
 267 00ee 86       		.byte	-122
 268 00ef 71       		.byte	113
 269 00f0 89       		.byte	-119
 270 00f1 11       		.byte	17
 271 00f2 8B       		.byte	-117
 272 00f3 06       		.byte	6
 273 00f4 8C       		.byte	-116
 274 00f5 09       		.byte	9
 275 00f6 8D       		.byte	-115
 276 00f7 0C       		.byte	12
 277 00f8 8E       		.byte	-114
 278 00f9 D0       		.byte	-48
 279 00fa 8F       		.byte	-113
 280 00fb 13       		.byte	19
 281 00fc 92       		.byte	-110
 282 00fd 03       		.byte	3
 283 00fe 93       		.byte	-109
 284 00ff 0C       		.byte	12
 285 0100 94       		.byte	-108
ARM GAS  C:\Users\Kotori\AppData\Local\Temp\cc90Ko9b.s 			page 6


 286 0101 10       		.byte	16
 287 0102 95       		.byte	-107
 288 0103 11       		.byte	17
 289 0104 96       		.byte	-106
 290 0105 AC       		.byte	-84
 291 0106 97       		.byte	-105
 292 0107 0E       		.byte	14
 293 0108 9C       		.byte	-100
 294 0109 10       		.byte	16
 295 010a 9E       		.byte	-98
 296 010b 40       		.byte	64
 297 010c 9F       		.byte	-97
 298 010d 08       		.byte	8
 299 010e A4       		.byte	-92
 300 010f 14       		.byte	20
 301 0110 AD       		.byte	-83
 302 0111 20       		.byte	32
 303 0112 AE       		.byte	-82
 304 0113 20       		.byte	32
 305 0114 AF       		.byte	-81
 306 0115 03       		.byte	3
 307 0116 B0       		.byte	-80
 308 0117 1F       		.byte	31
 309 0118 B1       		.byte	-79
 310 0119 30       		.byte	48
 311 011a B4       		.byte	-76
 312 011b E0       		.byte	-32
 313 011c B7       		.byte	-73
 314 011d 0F       		.byte	15
 315 011e B8       		.byte	-72
 316 011f 08       		.byte	8
 317 0120 B9       		.byte	-71
 318 0121 02       		.byte	2
 319 0122 BA       		.byte	-70
 320 0123 20       		.byte	32
 321 0124 BB       		.byte	-69
 322 0125 80       		.byte	-128
 323 0126 BE       		.byte	-66
 324 0127 04       		.byte	4
 325 0128 C0       		.byte	-64
 326 0129 02       		.byte	2
 327 012a C6       		.byte	-58
 328 012b 04       		.byte	4
 329 012c C9       		.byte	-55
 330 012d FF       		.byte	-1
 331 012e CA       		.byte	-54
 332 012f 07       		.byte	7
 333 0130 CB       		.byte	-53
 334 0131 FF       		.byte	-1
 335 0132 CC       		.byte	-52
 336 0133 40       		.byte	64
 337 0134 CD       		.byte	-51
 338 0135 20       		.byte	32
 339 0136 CE       		.byte	-50
 340 0137 F0       		.byte	-16
 341 0138 CF       		.byte	-49
 342 0139 05       		.byte	5
ARM GAS  C:\Users\Kotori\AppData\Local\Temp\cc90Ko9b.s 			page 7


 343 013a D0       		.byte	-48
 344 013b 08       		.byte	8
 345 013c D8       		.byte	-40
 346 013d 04       		.byte	4
 347 013e D9       		.byte	-39
 348 013f 04       		.byte	4
 349 0140 DA       		.byte	-38
 350 0141 04       		.byte	4
 351 0142 DB       		.byte	-37
 352 0143 04       		.byte	4
 353 0144 DC       		.byte	-36
 354 0145 22       		.byte	34
 355 0146 DD       		.byte	-35
 356 0147 02       		.byte	2
 357 0148 DF       		.byte	-33
 358 0149 01       		.byte	1
 359 014a E0       		.byte	-32
 360 014b 40       		.byte	64
 361 014c E1       		.byte	-31
 362 014d A8       		.byte	-88
 363 014e E2       		.byte	-30
 364 014f 40       		.byte	64
 365 0150 E3       		.byte	-29
 366 0151 20       		.byte	32
 367 0152 00       		.byte	0
 368 0153 06       		.byte	6
 369 0154 02       		.byte	2
 370 0155 02       		.byte	2
 371 0156 09       		.byte	9
 372 0157 84       		.byte	-124
 373 0158 0A       		.byte	10
 374 0159 40       		.byte	64
 375 015a 10       		.byte	16
 376 015b 01       		.byte	1
 377 015c 13       		.byte	19
 378 015d 04       		.byte	4
 379 015e 18       		.byte	24
 380 015f 04       		.byte	4
 381 0160 19       		.byte	25
 382 0161 04       		.byte	4
 383 0162 1A       		.byte	26
 384 0163 C8       		.byte	-56
 385 0164 20       		.byte	32
 386 0165 02       		.byte	2
 387 0166 21       		.byte	33
 388 0167 40       		.byte	64
 389 0168 22       		.byte	34
 390 0169 02       		.byte	2
 391 016a 24       		.byte	36
 392 016b 20       		.byte	32
 393 016c 25       		.byte	37
 394 016d 04       		.byte	4
 395 016e 26       		.byte	38
 396 016f 40       		.byte	64
 397 0170 27       		.byte	39
 398 0171 24       		.byte	36
 399 0172 28       		.byte	40
ARM GAS  C:\Users\Kotori\AppData\Local\Temp\cc90Ko9b.s 			page 8


 400 0173 01       		.byte	1
 401 0174 2C       		.byte	44
 402 0175 01       		.byte	1
 403 0176 2F       		.byte	47
 404 0177 A8       		.byte	-88
 405 0178 31       		.byte	49
 406 0179 80       		.byte	-128
 407 017a 32       		.byte	50
 408 017b 06       		.byte	6
 409 017c 36       		.byte	54
 410 017d 02       		.byte	2
 411 017e 37       		.byte	55
 412 017f 44       		.byte	68
 413 0180 38       		.byte	56
 414 0181 20       		.byte	32
 415 0182 39       		.byte	57
 416 0183 80       		.byte	-128
 417 0184 3C       		.byte	60
 418 0185 06       		.byte	6
 419 0186 3D       		.byte	61
 420 0187 20       		.byte	32
 421 0188 3F       		.byte	63
 422 0189 80       		.byte	-128
 423 018a 42       		.byte	66
 424 018b 04       		.byte	4
 425 018c 45       		.byte	69
 426 018d 19       		.byte	25
 427 018e 47       		.byte	71
 428 018f 22       		.byte	34
 429 0190 4E       		.byte	78
 430 0191 04       		.byte	4
 431 0192 4F       		.byte	79
 432 0193 04       		.byte	4
 433 0194 51       		.byte	81
 434 0195 88       		.byte	-120
 435 0196 55       		.byte	85
 436 0197 01       		.byte	1
 437 0198 56       		.byte	86
 438 0199 40       		.byte	64
 439 019a 57       		.byte	87
 440 019b 40       		.byte	64
 441 019c 5D       		.byte	93
 442 019d 08       		.byte	8
 443 019e 5E       		.byte	94
 444 019f 80       		.byte	-128
 445 01a0 5F       		.byte	95
 446 01a1 12       		.byte	18
 447 01a2 68       		.byte	104
 448 01a3 20       		.byte	32
 449 01a4 69       		.byte	105
 450 01a5 54       		.byte	84
 451 01a6 6F       		.byte	111
 452 01a7 02       		.byte	2
 453 01a8 81       		.byte	-127
 454 01a9 40       		.byte	64
 455 01aa 8F       		.byte	-113
 456 01ab 02       		.byte	2
ARM GAS  C:\Users\Kotori\AppData\Local\Temp\cc90Ko9b.s 			page 9


 457 01ac A7       		.byte	-89
 458 01ad 02       		.byte	2
 459 01ae C0       		.byte	-64
 460 01af 0D       		.byte	13
 461 01b0 C2       		.byte	-62
 462 01b1 0D       		.byte	13
 463 01b2 C4       		.byte	-60
 464 01b3 05       		.byte	5
 465 01b4 CA       		.byte	-54
 466 01b5 F8       		.byte	-8
 467 01b6 CC       		.byte	-52
 468 01b7 DB       		.byte	-37
 469 01b8 CE       		.byte	-50
 470 01b9 FC       		.byte	-4
 471 01ba D0       		.byte	-48
 472 01bb 64       		.byte	100
 473 01bc D2       		.byte	-46
 474 01bd 20       		.byte	32
 475 01be D6       		.byte	-42
 476 01bf F0       		.byte	-16
 477 01c0 E6       		.byte	-26
 478 01c1 40       		.byte	64
 479 01c2 E0       		.byte	-32
 480 01c3 04       		.byte	4
 481 01c4 EE       		.byte	-18
 482 01c5 01       		.byte	1
 483 01c6 22       		.byte	34
 484 01c7 01       		.byte	1
 485 01c8 2A       		.byte	42
 486 01c9 01       		.byte	1
 487 01ca 36       		.byte	54
 488 01cb 01       		.byte	1
 489 01cc 3E       		.byte	62
 490 01cd 40       		.byte	64
 491 01ce 58       		.byte	88
 492 01cf 04       		.byte	4
 493 01d0 5F       		.byte	95
 494 01d1 01       		.byte	1
 495 01d2 06       		.byte	6
 496 01d3 25       		.byte	37
 497 01d4 07       		.byte	7
 498 01d5 50       		.byte	80
 499 01d6 0C       		.byte	12
 500 01d7 09       		.byte	9
 501 01d8 0E       		.byte	14
 502 01d9 45       		.byte	69
 503 01da 0F       		.byte	15
 504 01db 80       		.byte	-128
 505 01dc 10       		.byte	16
 506 01dd 80       		.byte	-128
 507 01de 11       		.byte	17
 508 01df 20       		.byte	32
 509 01e0 14       		.byte	20
 510 01e1 80       		.byte	-128
 511 01e2 15       		.byte	21
 512 01e3 20       		.byte	32
 513 01e4 17       		.byte	23
ARM GAS  C:\Users\Kotori\AppData\Local\Temp\cc90Ko9b.s 			page 10


 514 01e5 04       		.byte	4
 515 01e6 19       		.byte	25
 516 01e7 80       		.byte	-128
 517 01e8 1E       		.byte	30
 518 01e9 67       		.byte	103
 519 01ea 24       		.byte	36
 520 01eb 01       		.byte	1
 521 01ec 25       		.byte	37
 522 01ed 10       		.byte	16
 523 01ee 27       		.byte	39
 524 01ef 10       		.byte	16
 525 01f0 2E       		.byte	46
 526 01f1 A4       		.byte	-92
 527 01f2 2F       		.byte	47
 528 01f3 80       		.byte	-128
 529 01f4 36       		.byte	54
 530 01f5 01       		.byte	1
 531 01f6 37       		.byte	55
 532 01f7 64       		.byte	100
 533 01f8 3C       		.byte	60
 534 01f9 10       		.byte	16
 535 01fa 3E       		.byte	62
 536 01fb 4A       		.byte	74
 537 01fc 44       		.byte	68
 538 01fd 80       		.byte	-128
 539 01fe 45       		.byte	69
 540 01ff 10       		.byte	16
 541 0200 46       		.byte	70
 542 0201 80       		.byte	-128
 543 0202 47       		.byte	71
 544 0203 08       		.byte	8
 545 0204 4C       		.byte	76
 546 0205 80       		.byte	-128
 547 0206 4E       		.byte	78
 548 0207 04       		.byte	4
 549 0208 4F       		.byte	79
 550 0209 80       		.byte	-128
 551 020a 56       		.byte	86
 552 020b 10       		.byte	16
 553 020c 58       		.byte	88
 554 020d 04       		.byte	4
 555 020e 5A       		.byte	90
 556 020f 0C       		.byte	12
 557 0210 5E       		.byte	94
 558 0211 20       		.byte	32
 559 0212 6C       		.byte	108
 560 0213 14       		.byte	20
 561 0214 6F       		.byte	111
 562 0215 29       		.byte	41
 563 0216 74       		.byte	116
 564 0217 08       		.byte	8
 565 0218 76       		.byte	118
 566 0219 0F       		.byte	15
 567 021a 77       		.byte	119
 568 021b 20       		.byte	32
 569 021c 83       		.byte	-125
 570 021d 80       		.byte	-128
ARM GAS  C:\Users\Kotori\AppData\Local\Temp\cc90Ko9b.s 			page 11


 571 021e 85       		.byte	-123
 572 021f 10       		.byte	16
 573 0220 90       		.byte	-112
 574 0221 10       		.byte	16
 575 0222 94       		.byte	-108
 576 0223 29       		.byte	41
 577 0224 98       		.byte	-104
 578 0225 80       		.byte	-128
 579 0226 9B       		.byte	-101
 580 0227 4C       		.byte	76
 581 0228 9C       		.byte	-100
 582 0229 05       		.byte	5
 583 022a 9D       		.byte	-99
 584 022b 80       		.byte	-128
 585 022c 9E       		.byte	-98
 586 022d 10       		.byte	16
 587 022e 9F       		.byte	-97
 588 022f 11       		.byte	17
 589 0230 A6       		.byte	-90
 590 0231 01       		.byte	1
 591 0232 A7       		.byte	-89
 592 0233 A8       		.byte	-88
 593 0234 B4       		.byte	-76
 594 0235 04       		.byte	4
 595 0236 C0       		.byte	-64
 596 0237 F0       		.byte	-16
 597 0238 C2       		.byte	-62
 598 0239 F0       		.byte	-16
 599 023a C4       		.byte	-60
 600 023b 7A       		.byte	122
 601 023c CA       		.byte	-54
 602 023d F0       		.byte	-16
 603 023e CC       		.byte	-52
 604 023f F0       		.byte	-16
 605 0240 CE       		.byte	-50
 606 0241 F0       		.byte	-16
 607 0242 D0       		.byte	-48
 608 0243 E0       		.byte	-32
 609 0244 D2       		.byte	-46
 610 0245 30       		.byte	48
 611 0246 D6       		.byte	-42
 612 0247 20       		.byte	32
 613 0248 EC       		.byte	-20
 614 0249 10       		.byte	16
 615 024a EE       		.byte	-18
 616 024b 40       		.byte	64
 617 024c 04       		.byte	4
 618 024d 02       		.byte	2
 619 024e 08       		.byte	8
 620 024f 02       		.byte	2
 621 0250 12       		.byte	18
 622 0251 08       		.byte	8
 623 0252 14       		.byte	20
 624 0253 04       		.byte	4
 625 0254 17       		.byte	23
 626 0255 08       		.byte	8
 627 0256 18       		.byte	24
ARM GAS  C:\Users\Kotori\AppData\Local\Temp\cc90Ko9b.s 			page 12


 628 0257 01       		.byte	1
 629 0258 1D       		.byte	29
 630 0259 02       		.byte	2
 631 025a 1E       		.byte	30
 632 025b 04       		.byte	4
 633 025c 1F       		.byte	31
 634 025d 11       		.byte	17
 635 025e 20       		.byte	32
 636 025f 02       		.byte	2
 637 0260 21       		.byte	33
 638 0261 01       		.byte	1
 639 0262 23       		.byte	35
 640 0263 32       		.byte	50
 641 0264 25       		.byte	37
 642 0265 03       		.byte	3
 643 0266 26       		.byte	38
 644 0267 08       		.byte	8
 645 0268 29       		.byte	41
 646 0269 03       		.byte	3
 647 026a 2A       		.byte	42
 648 026b 04       		.byte	4
 649 026c 2C       		.byte	44
 650 026d 04       		.byte	4
 651 026e 2D       		.byte	45
 652 026f 04       		.byte	4
 653 0270 30       		.byte	48
 654 0271 04       		.byte	4
 655 0272 31       		.byte	49
 656 0273 03       		.byte	3
 657 0274 32       		.byte	50
 658 0275 08       		.byte	8
 659 0276 33       		.byte	51
 660 0277 20       		.byte	32
 661 0278 34       		.byte	52
 662 0279 02       		.byte	2
 663 027a 35       		.byte	53
 664 027b 18       		.byte	24
 665 027c 36       		.byte	54
 666 027d 01       		.byte	1
 667 027e 37       		.byte	55
 668 027f 04       		.byte	4
 669 0280 38       		.byte	56
 670 0281 02       		.byte	2
 671 0282 3E       		.byte	62
 672 0283 44       		.byte	68
 673 0284 3F       		.byte	63
 674 0285 50       		.byte	80
 675 0286 54       		.byte	84
 676 0287 18       		.byte	24
 677 0288 56       		.byte	86
 678 0289 04       		.byte	4
 679 028a 58       		.byte	88
 680 028b 04       		.byte	4
 681 028c 59       		.byte	89
 682 028d 04       		.byte	4
 683 028e 5B       		.byte	91
 684 028f 04       		.byte	4
ARM GAS  C:\Users\Kotori\AppData\Local\Temp\cc90Ko9b.s 			page 13


 685 0290 5C       		.byte	92
 686 0291 22       		.byte	34
 687 0292 5D       		.byte	93
 688 0293 20       		.byte	32
 689 0294 5F       		.byte	95
 690 0295 01       		.byte	1
 691 0296 80       		.byte	-128
 692 0297 20       		.byte	32
 693 0298 84       		.byte	-124
 694 0299 02       		.byte	2
 695 029a 85       		.byte	-123
 696 029b 02       		.byte	2
 697 029c 86       		.byte	-122
 698 029d 04       		.byte	4
 699 029e 87       		.byte	-121
 700 029f 01       		.byte	1
 701 02a0 8C       		.byte	-116
 702 02a1 01       		.byte	1
 703 02a2 8D       		.byte	-115
 704 02a3 04       		.byte	4
 705 02a4 8E       		.byte	-114
 706 02a5 06       		.byte	6
 707 02a6 8F       		.byte	-113
 708 02a7 03       		.byte	3
 709 02a8 92       		.byte	-110
 710 02a9 01       		.byte	1
 711 02aa 96       		.byte	-106
 712 02ab 10       		.byte	16
 713 02ac 98       		.byte	-104
 714 02ad 30       		.byte	48
 715 02ae 9B       		.byte	-101
 716 02af 04       		.byte	4
 717 02b0 9D       		.byte	-99
 718 02b1 08       		.byte	8
 719 02b2 A0       		.byte	-96
 720 02b3 08       		.byte	8
 721 02b4 A1       		.byte	-95
 722 02b5 01       		.byte	1
 723 02b6 A3       		.byte	-93
 724 02b7 02       		.byte	2
 725 02b8 A4       		.byte	-92
 726 02b9 02       		.byte	2
 727 02ba A6       		.byte	-90
 728 02bb 04       		.byte	4
 729 02bc A8       		.byte	-88
 730 02bd 30       		.byte	48
 731 02be B0       		.byte	-80
 732 02bf 07       		.byte	7
 733 02c0 B2       		.byte	-78
 734 02c1 08       		.byte	8
 735 02c2 B4       		.byte	-76
 736 02c3 30       		.byte	48
 737 02c4 B5       		.byte	-75
 738 02c5 07       		.byte	7
 739 02c6 B7       		.byte	-73
 740 02c7 08       		.byte	8
 741 02c8 B8       		.byte	-72
ARM GAS  C:\Users\Kotori\AppData\Local\Temp\cc90Ko9b.s 			page 14


 742 02c9 20       		.byte	32
 743 02ca BE       		.byte	-66
 744 02cb 14       		.byte	20
 745 02cc BF       		.byte	-65
 746 02cd 40       		.byte	64
 747 02ce D8       		.byte	-40
 748 02cf 09       		.byte	9
 749 02d0 D9       		.byte	-39
 750 02d1 09       		.byte	9
 751 02d2 DC       		.byte	-36
 752 02d3 99       		.byte	-103
 753 02d4 DF       		.byte	-33
 754 02d5 01       		.byte	1
 755 02d6 00       		.byte	0
 756 02d7 06       		.byte	6
 757 02d8 01       		.byte	1
 758 02d9 40       		.byte	64
 759 02da 04       		.byte	4
 760 02db 28       		.byte	40
 761 02dc 09       		.byte	9
 762 02dd 08       		.byte	8
 763 02de 0A       		.byte	10
 764 02df 48       		.byte	72
 765 02e0 0C       		.byte	12
 766 02e1 04       		.byte	4
 767 02e2 0D       		.byte	13
 768 02e3 12       		.byte	18
 769 02e4 0E       		.byte	14
 770 02e5 02       		.byte	2
 771 02e6 10       		.byte	16
 772 02e7 20       		.byte	32
 773 02e8 11       		.byte	17
 774 02e9 02       		.byte	2
 775 02ea 13       		.byte	19
 776 02eb 20       		.byte	32
 777 02ec 14       		.byte	20
 778 02ed 01       		.byte	1
 779 02ee 16       		.byte	22
 780 02ef 10       		.byte	16
 781 02f0 17       		.byte	23
 782 02f1 11       		.byte	17
 783 02f2 19       		.byte	25
 784 02f3 09       		.byte	9
 785 02f4 1A       		.byte	26
 786 02f5 44       		.byte	68
 787 02f6 1C       		.byte	28
 788 02f7 08       		.byte	8
 789 02f8 1D       		.byte	29
 790 02f9 02       		.byte	2
 791 02fa 1F       		.byte	31
 792 02fb 44       		.byte	68
 793 02fc 20       		.byte	32
 794 02fd 04       		.byte	4
 795 02fe 21       		.byte	33
 796 02ff 90       		.byte	-112
 797 0300 22       		.byte	34
 798 0301 10       		.byte	16
ARM GAS  C:\Users\Kotori\AppData\Local\Temp\cc90Ko9b.s 			page 15


 799 0302 24       		.byte	36
 800 0303 10       		.byte	16
 801 0304 26       		.byte	38
 802 0305 80       		.byte	-128
 803 0306 27       		.byte	39
 804 0307 48       		.byte	72
 805 0308 29       		.byte	41
 806 0309 01       		.byte	1
 807 030a 2E       		.byte	46
 808 030b 40       		.byte	64
 809 030c 2F       		.byte	47
 810 030d A8       		.byte	-88
 811 030e 32       		.byte	50
 812 030f 50       		.byte	80
 813 0310 37       		.byte	55
 814 0311 44       		.byte	68
 815 0312 39       		.byte	57
 816 0313 44       		.byte	68
 817 0314 5C       		.byte	92
 818 0315 01       		.byte	1
 819 0316 65       		.byte	101
 820 0317 82       		.byte	-126
 821 0318 67       		.byte	103
 822 0319 08       		.byte	8
 823 031a 79       		.byte	121
 824 031b 10       		.byte	16
 825 031c 81       		.byte	-127
 826 031d 81       		.byte	-127
 827 031e 82       		.byte	-126
 828 031f 80       		.byte	-128
 829 0320 85       		.byte	-123
 830 0321 02       		.byte	2
 831 0322 88       		.byte	-120
 832 0323 84       		.byte	-124
 833 0324 8B       		.byte	-117
 834 0325 40       		.byte	64
 835 0326 91       		.byte	-111
 836 0327 54       		.byte	84
 837 0328 92       		.byte	-110
 838 0329 88       		.byte	-120
 839 032a 96       		.byte	-106
 840 032b 04       		.byte	4
 841 032c 9B       		.byte	-101
 842 032d 24       		.byte	36
 843 032e 9D       		.byte	-99
 844 032f 08       		.byte	8
 845 0330 9F       		.byte	-97
 846 0331 40       		.byte	64
 847 0332 A0       		.byte	-96
 848 0333 21       		.byte	33
 849 0334 A1       		.byte	-95
 850 0335 09       		.byte	9
 851 0336 A7       		.byte	-89
 852 0337 A8       		.byte	-88
 853 0338 A9       		.byte	-87
 854 0339 04       		.byte	4
 855 033a AC       		.byte	-84
ARM GAS  C:\Users\Kotori\AppData\Local\Temp\cc90Ko9b.s 			page 16


 856 033b 01       		.byte	1
 857 033c AD       		.byte	-83
 858 033d 08       		.byte	8
 859 033e AE       		.byte	-82
 860 033f 40       		.byte	64
 861 0340 AF       		.byte	-81
 862 0341 10       		.byte	16
 863 0342 C0       		.byte	-64
 864 0343 6D       		.byte	109
 865 0344 C2       		.byte	-62
 866 0345 FE       		.byte	-2
 867 0346 C4       		.byte	-60
 868 0347 FE       		.byte	-2
 869 0348 CA       		.byte	-54
 870 0349 F1       		.byte	-15
 871 034a CC       		.byte	-52
 872 034b 5C       		.byte	92
 873 034c CE       		.byte	-50
 874 034d 0A       		.byte	10
 875 034e D6       		.byte	-42
 876 034f 80       		.byte	-128
 877 0350 D8       		.byte	-40
 878 0351 B0       		.byte	-80
 879 0352 DE       		.byte	-34
 880 0353 04       		.byte	4
 881 0354 E6       		.byte	-26
 882 0355 80       		.byte	-128
 883 0356 EC       		.byte	-20
 884 0357 01       		.byte	1
 885 0358 EC       		.byte	-20
 886 0359 01       		.byte	1
 887 035a EC       		.byte	-20
 888 035b 10       		.byte	16
 889 035c 33       		.byte	51
 890 035d 80       		.byte	-128
 891 035e CC       		.byte	-52
 892 035f 10       		.byte	16
 893 0360 50       		.byte	80
 894 0361 11       		.byte	17
 895 0362 54       		.byte	84
 896 0363 80       		.byte	-128
 897 0364 5D       		.byte	93
 898 0365 80       		.byte	-128
 899 0366 6E       		.byte	110
 900 0367 08       		.byte	8
 901 0368 A7       		.byte	-89
 902 0369 80       		.byte	-128
 903 036a D4       		.byte	-44
 904 036b E0       		.byte	-32
 905 036c D6       		.byte	-42
 906 036d 20       		.byte	32
 907 036e DA       		.byte	-38
 908 036f 80       		.byte	-128
 909 0370 5B       		.byte	91
 910 0371 02       		.byte	2
 911 0372 94       		.byte	-108
 912 0373 22       		.byte	34
ARM GAS  C:\Users\Kotori\AppData\Local\Temp\cc90Ko9b.s 			page 17


 913 0374 9B       		.byte	-101
 914 0375 02       		.byte	2
 915 0376 9D       		.byte	-99
 916 0377 80       		.byte	-128
 917 0378 A4       		.byte	-92
 918 0379 80       		.byte	-128
 919 037a A6       		.byte	-90
 920 037b 04       		.byte	4
 921 037c A7       		.byte	-89
 922 037d 80       		.byte	-128
 923 037e AB       		.byte	-85
 924 037f 02       		.byte	2
 925 0380 D6       		.byte	-42
 926 0381 40       		.byte	64
 927 0382 EE       		.byte	-18
 928 0383 80       		.byte	-128
 929 0384 73       		.byte	115
 930 0385 08       		.byte	8
 931 0386 82       		.byte	-126
 932 0387 04       		.byte	4
 933 0388 8F       		.byte	-113
 934 0389 08       		.byte	8
 935 038a 94       		.byte	-108
 936 038b 22       		.byte	34
 937 038c 9D       		.byte	-99
 938 038d 80       		.byte	-128
 939 038e A4       		.byte	-92
 940 038f 80       		.byte	-128
 941 0390 A6       		.byte	-90
 942 0391 04       		.byte	4
 943 0392 A7       		.byte	-89
 944 0393 80       		.byte	-128
 945 0394 DC       		.byte	-36
 946 0395 20       		.byte	32
 947 0396 E6       		.byte	-26
 948 0397 20       		.byte	32
 949 0398 7E       		.byte	126
 950 0399 20       		.byte	32
 951 039a DE       		.byte	-34
 952 039b 01       		.byte	1
 953 039c 07       		.byte	7
 954 039d 40       		.byte	64
 955 039e 57       		.byte	87
 956 039f 02       		.byte	2
 957 03a0 A6       		.byte	-90
 958 03a1 20       		.byte	32
 959 03a2 C0       		.byte	-64
 960 03a3 04       		.byte	4
 961 03a4 D6       		.byte	-42
 962 03a5 04       		.byte	4
 963 03a6 45       		.byte	69
 964 03a7 08       		.byte	8
 965 03a8 83       		.byte	-125
 966 03a9 02       		.byte	2
 967 03aa A6       		.byte	-90
 968 03ab 20       		.byte	32
 969 03ac A7       		.byte	-89
ARM GAS  C:\Users\Kotori\AppData\Local\Temp\cc90Ko9b.s 			page 18


 970 03ad 02       		.byte	2
 971 03ae AB       		.byte	-85
 972 03af 40       		.byte	64
 973 03b0 D0       		.byte	-48
 974 03b1 01       		.byte	1
 975 03b2 A5       		.byte	-91
 976 03b3 08       		.byte	8
 977 03b4 A6       		.byte	-90
 978 03b5 20       		.byte	32
 979 03b6 25       		.byte	37
 980 03b7 10       		.byte	16
 981 03b8 80       		.byte	-128
 982 03b9 01       		.byte	1
 983 03ba 81       		.byte	-127
 984 03bb 80       		.byte	-128
 985 03bc 83       		.byte	-125
 986 03bd 02       		.byte	2
 987 03be 87       		.byte	-121
 988 03bf 80       		.byte	-128
 989 03c0 88       		.byte	-120
 990 03c1 80       		.byte	-128
 991 03c2 94       		.byte	-108
 992 03c3 22       		.byte	34
 993 03c4 9D       		.byte	-99
 994 03c5 80       		.byte	-128
 995 03c6 A4       		.byte	-92
 996 03c7 80       		.byte	-128
 997 03c8 A7       		.byte	-89
 998 03c9 80       		.byte	-128
 999 03ca C8       		.byte	-56
 1000 03cb 20       		.byte	32
 1001 03cc E2       		.byte	-30
 1002 03cd 20       		.byte	32
 1003 03ce E6       		.byte	-26
 1004 03cf B0       		.byte	-80
 1005 03d0 0E       		.byte	14
 1006 03d1 08       		.byte	8
 1007 03d2 0F       		.byte	15
 1008 03d3 04       		.byte	4
 1009 03d4 5F       		.byte	95
 1010 03d5 02       		.byte	2
 1011 03d6 82       		.byte	-126
 1012 03d7 04       		.byte	4
 1013 03d8 87       		.byte	-121
 1014 03d9 04       		.byte	4
 1015 03da 9B       		.byte	-101
 1016 03db 02       		.byte	2
 1017 03dc B4       		.byte	-76
 1018 03dd 10       		.byte	16
 1019 03de B5       		.byte	-75
 1020 03df 10       		.byte	16
 1021 03e0 C2       		.byte	-62
 1022 03e1 80       		.byte	-128
 1023 03e2 D6       		.byte	-42
 1024 03e3 80       		.byte	-128
 1025 03e4 E0       		.byte	-32
 1026 03e5 40       		.byte	64
ARM GAS  C:\Users\Kotori\AppData\Local\Temp\cc90Ko9b.s 			page 19


 1027 03e6 E4       		.byte	-28
 1028 03e7 20       		.byte	32
 1029 03e8 A5       		.byte	-91
 1030 03e9 08       		.byte	8
 1031 03ea AA       		.byte	-86
 1032 03eb 20       		.byte	32
 1033 03ec B5       		.byte	-75
 1034 03ed 08       		.byte	8
 1035 03ee EC       		.byte	-20
 1036 03ef 08       		.byte	8
 1037 03f0 00       		.byte	0
 1038 03f1 04       		.byte	4
 1039 03f2 0A       		.byte	10
 1040 03f3 04       		.byte	4
 1041 03f4 10       		.byte	16
 1042 03f5 04       		.byte	4
 1043 03f6 11       		.byte	17
 1044 03f7 01       		.byte	1
 1045 03f8 1A       		.byte	26
 1046 03f9 04       		.byte	4
 1047 03fa 1B       		.byte	27
 1048 03fb 01       		.byte	1
 1049 03fc 00       		.byte	0
 1050 03fd 03       		.byte	3
 1051 03fe 00       		.byte	0
 1052 03ff 00       		.byte	0
 1053 0400 02       		.byte	2
 1054 0401 10       		.byte	16
 1055 0402 00       		.byte	0
 1056 0403 00       		.byte	0
 1057 0404 1C       		.byte	28
 1058 0405 08       		.byte	8
 1059 0406 23       		.byte	35
 1060 0407 00       		.byte	0
 1061 0408 04       		.byte	4
 1062 0409 00       		.byte	0
 1063 040a 00       		.byte	0
 1064 040b 04       		.byte	4
 1065 040c 08       		.byte	8
 1066 040d FF       		.byte	-1
 1067 040e 00       		.byte	0
 1068 040f 00       		.byte	0
 1069 0410 3F       		.byte	63
 1070 0411 1C       		.byte	28
 1071 0412 00       		.byte	0
 1072 0413 E1       		.byte	-31
 1073 0414 0C       		.byte	12
 1074 0415 C0       		.byte	-64
 1075 0416 00       		.byte	0
 1076 0417 00       		.byte	0
 1077 0418 33       		.byte	51
 1078 0419 18       		.byte	24
 1079 041a 0C       		.byte	12
 1080 041b 00       		.byte	0
 1081 041c 1F       		.byte	31
 1082 041d 80       		.byte	-128
 1083 041e 20       		.byte	32
ARM GAS  C:\Users\Kotori\AppData\Local\Temp\cc90Ko9b.s 			page 20


 1084 041f 00       		.byte	0
 1085 0420 00       		.byte	0
 1086 0421 44       		.byte	68
 1087 0422 23       		.byte	35
 1088 0423 00       		.byte	0
 1089 0424 03       		.byte	3
 1090 0425 E7       		.byte	-25
 1091 0426 00       		.byte	0
 1092 0427 18       		.byte	24
 1093 0428 01       		.byte	1
 1094 0429 3C       		.byte	60
 1095 042a 00       		.byte	0
 1096 042b C2       		.byte	-62
 1097 042c 00       		.byte	0
 1098 042d 00       		.byte	0
 1099 042e 00       		.byte	0
 1100 042f E3       		.byte	-29
 1101 0430 00       		.byte	0
 1102 0431 00       		.byte	0
 1103 0432 10       		.byte	16
 1104 0433 1F       		.byte	31
 1105 0434 0F       		.byte	15
 1106 0435 38       		.byte	56
 1107 0436 2C       		.byte	44
 1108 0437 C0       		.byte	-64
 1109 0438 00       		.byte	0
 1110 0439 00       		.byte	0
 1111 043a A2       		.byte	-94
 1112 043b 08       		.byte	8
 1113 043c 00       		.byte	0
 1114 043d 00       		.byte	0
 1115 043e 04       		.byte	4
 1116 043f 00       		.byte	0
 1117 0440 64       		.byte	100
 1118 0441 05       		.byte	5
 1119 0442 02       		.byte	2
 1120 0443 00       		.byte	0
 1121 0444 03       		.byte	3
 1122 0445 C0       		.byte	-64
 1123 0446 E0       		.byte	-32
 1124 0447 00       		.byte	0
 1125 0448 0A       		.byte	10
 1126 0449 FF       		.byte	-1
 1127 044a FF       		.byte	-1
 1128 044b FF       		.byte	-1
 1129 044c 62       		.byte	98
 1130 044d A0       		.byte	-96
 1131 044e F0       		.byte	-16
 1132 044f 41       		.byte	65
 1133 0450 0C       		.byte	12
 1134 0451 00       		.byte	0
 1135 0452 00       		.byte	0
 1136 0453 00       		.byte	0
 1137 0454 00       		.byte	0
 1138 0455 00       		.byte	0
 1139 0456 02       		.byte	2
 1140 0457 11       		.byte	17
ARM GAS  C:\Users\Kotori\AppData\Local\Temp\cc90Ko9b.s 			page 21


 1141 0458 04       		.byte	4
 1142 0459 04       		.byte	4
 1143 045a 04       		.byte	4
 1144 045b 04       		.byte	4
 1145 045c 22       		.byte	34
 1146 045d 22       		.byte	34
 1147 045e 00       		.byte	0
 1148 045f 01       		.byte	1
 1149 0460 00       		.byte	0
 1150 0461 00       		.byte	0
 1151 0462 00       		.byte	0
 1152 0463 00       		.byte	0
 1153 0464 00       		.byte	0
 1154 0465 00       		.byte	0
 1155 0466 40       		.byte	64
 1156 0467 02       		.byte	2
 1157 0468 00       		.byte	0
 1158 0469 10       		.byte	16
 1159 046a 30       		.byte	48
 1160 046b 10       		.byte	16
 1161 046c 00       		.byte	0
 1162 046d 10       		.byte	16
 1163 046e 10       		.byte	16
 1164 046f 12       		.byte	18
 1165 0470 00       		.byte	0
 1166 0471 00       		.byte	0
 1167 0472 00       		.byte	0
 1168 0473 00       		.byte	0
 1169 0474 00       		.byte	0
 1170 0475 00       		.byte	0
 1171 0476 00       		.byte	0
 1172 0477 00       		.byte	0
 1173 0478 00       		.byte	0
 1174 0479 00       		.byte	0
 1175 047a 00       		.byte	0
 1176 047b 00       		.byte	0
 1177 047c 00       		.byte	0
 1178 047d 00       		.byte	0
 1179 047e 00       		.byte	0
 1180 047f 00       		.byte	0
 1181 0480 00       		.byte	0
 1182 0481 0F       		.byte	15
 1183 0482 0F       		.byte	15
 1184 0483 00       		.byte	0
 1185 0484 0F       		.byte	15
 1186 0485 0F       		.byte	15
 1187 0486 00       		.byte	0
 1188 0487 00       		.byte	0
 1189 0488 00       		.byte	0
 1190 0489 0B       		.byte	11
 1191 048a 0B       		.byte	11
 1192 048b 00       		.byte	0
 1193 048c 00       		.byte	0
 1194 048d 00       		.byte	0
 1195 048e 00       		.byte	0
 1196 048f 00       		.byte	0
 1197 0490 02       		.byte	2
ARM GAS  C:\Users\Kotori\AppData\Local\Temp\cc90Ko9b.s 			page 22


 1198 0491 7E       		.byte	126
 1199 0492 7C       		.byte	124
 1200 0493 00       		.byte	0
 1201 0494 04       		.byte	4
 1202 0495 00       		.byte	0
 1203 0496 00       		.byte	0
 1204 0497 00       		.byte	0
 1205 0498 40       		.byte	64
 1206 0499 00       		.byte	0
 1207 049a 80       		.byte	-128
 1208 049b 40       		.byte	64
 1209 049c 40       		.byte	64
 1210 049d 00       		.byte	0
 1211 049e 40       		.byte	64
 1212 049f 00       		.byte	0
 1213 04a0 07       		.byte	7
 1214 04a1 00       		.byte	0
 1215 04a2 00       		.byte	0
 1216 04a3 00       		.byte	0
 1217 04a4 BB       		.byte	-69
 1218 04a5 00       		.byte	0
 1219 04a6 18       		.byte	24
 1220 04a7 01       		.byte	1
 1221              		.section	.cywolatch,"a",%progbits
 1222              		.align	2
 1223              		.type	cy_meta_wonvl, %object
 1224              		.size	cy_meta_wonvl, 4
 1225              	cy_meta_wonvl:
 1226 0000 BC       		.byte	-68
 1227 0001 90       		.byte	-112
 1228 0002 AC       		.byte	-84
 1229 0003 AF       		.byte	-81
 1230              		.section	.cycustnvl,"a",%progbits
 1231              		.align	2
 1232              		.type	cy_meta_custnvl, %object
 1233              		.size	cy_meta_custnvl, 4
 1234              	cy_meta_custnvl:
 1235 0000 00       		.byte	0
 1236 0001 00       		.byte	0
 1237 0002 40       		.byte	64
 1238 0003 05       		.byte	5
 1239              		.section	.cymeta,"a",%progbits
 1240              		.align	2
 1241              		.type	cy_metadata, %object
 1242              		.size	cy_metadata, 12
 1243              	cy_metadata:
 1244 0000 00       		.byte	0
 1245 0001 01       		.byte	1
 1246 0002 2E       		.byte	46
 1247 0003 16       		.byte	22
 1248 0004 10       		.byte	16
 1249 0005 69       		.byte	105
 1250 0006 00       		.byte	0
 1251 0007 01       		.byte	1
 1252 0008 00       		.byte	0
 1253 0009 00       		.byte	0
 1254 000a 00       		.byte	0
ARM GAS  C:\Users\Kotori\AppData\Local\Temp\cc90Ko9b.s 			page 23


 1255 000b 00       		.byte	0
 1256              		.section	.cyflashprotect,"a",%progbits
 1257              		.align	2
 1258              		.type	cy_meta_flashprotect, %object
 1259              		.size	cy_meta_flashprotect, 256
 1260              	cy_meta_flashprotect:
 1261 0000 00000000 		.space	256
 1261      00000000 
 1261      00000000 
 1261      00000000 
 1261      00000000 
 1262              		.text
 1263              	.Letext0:
 1264              		.file 1 "c:\\program files (x86)\\cypress\\psoc creator\\4.2\\psoc creator\\import\\gnu\\arm\\5.4.
 1265              		.file 2 "c:\\program files (x86)\\cypress\\psoc creator\\4.2\\psoc creator\\import\\gnu\\arm\\5.4.
 1266              		.file 3 "Generated_Source\\PSoC5\\cymetadata.c"
 1267              		.section	.debug_info,"",%progbits
 1268              	.Ldebug_info0:
 1269 0000 32010000 		.4byte	0x132
 1270 0004 0400     		.2byte	0x4
 1271 0006 00000000 		.4byte	.Ldebug_abbrev0
 1272 000a 04       		.byte	0x4
 1273 000b 01       		.uleb128 0x1
 1274 000c 24000000 		.4byte	.LASF17
 1275 0010 0C       		.byte	0xc
 1276 0011 D5010000 		.4byte	.LASF18
 1277 0015 F9000000 		.4byte	.LASF19
 1278 0019 00000000 		.4byte	.Ldebug_line0
 1279 001d 02       		.uleb128 0x2
 1280 001e 01       		.byte	0x1
 1281 001f 06       		.byte	0x6
 1282 0020 C9010000 		.4byte	.LASF0
 1283 0024 03       		.uleb128 0x3
 1284 0025 00000000 		.4byte	.LASF9
 1285 0029 01       		.byte	0x1
 1286 002a 1D       		.byte	0x1d
 1287 002b 2F000000 		.4byte	0x2f
 1288 002f 02       		.uleb128 0x2
 1289 0030 01       		.byte	0x1
 1290 0031 08       		.byte	0x8
 1291 0032 16000000 		.4byte	.LASF1
 1292 0036 02       		.uleb128 0x2
 1293 0037 02       		.byte	0x2
 1294 0038 05       		.byte	0x5
 1295 0039 B6010000 		.4byte	.LASF2
 1296 003d 02       		.uleb128 0x2
 1297 003e 02       		.byte	0x2
 1298 003f 07       		.byte	0x7
 1299 0040 C4000000 		.4byte	.LASF3
 1300 0044 02       		.uleb128 0x2
 1301 0045 04       		.byte	0x4
 1302 0046 05       		.byte	0x5
 1303 0047 C0010000 		.4byte	.LASF4
 1304 004b 02       		.uleb128 0x2
 1305 004c 04       		.byte	0x4
 1306 004d 07       		.byte	0x7
 1307 004e B2000000 		.4byte	.LASF5
ARM GAS  C:\Users\Kotori\AppData\Local\Temp\cc90Ko9b.s 			page 24


 1308 0052 02       		.uleb128 0x2
 1309 0053 08       		.byte	0x8
 1310 0054 05       		.byte	0x5
 1311 0055 A8010000 		.4byte	.LASF6
 1312 0059 02       		.uleb128 0x2
 1313 005a 08       		.byte	0x8
 1314 005b 07       		.byte	0x7
 1315 005c 5D010000 		.4byte	.LASF7
 1316 0060 04       		.uleb128 0x4
 1317 0061 04       		.byte	0x4
 1318 0062 05       		.byte	0x5
 1319 0063 696E7400 		.ascii	"int\000"
 1320 0067 02       		.uleb128 0x2
 1321 0068 04       		.byte	0x4
 1322 0069 07       		.byte	0x7
 1323 006a 50010000 		.4byte	.LASF8
 1324 006e 03       		.uleb128 0x3
 1325 006f 74010000 		.4byte	.LASF10
 1326 0073 02       		.byte	0x2
 1327 0074 18       		.byte	0x18
 1328 0075 24000000 		.4byte	0x24
 1329 0079 05       		.uleb128 0x5
 1330 007a 91000000 		.4byte	0x91
 1331 007e 8A000000 		.4byte	0x8a
 1332 0082 06       		.uleb128 0x6
 1333 0083 8A000000 		.4byte	0x8a
 1334 0087 A704     		.2byte	0x4a7
 1335 0089 00       		.byte	0
 1336 008a 02       		.uleb128 0x2
 1337 008b 04       		.byte	0x4
 1338 008c 07       		.byte	0x7
 1339 008d 9F010000 		.4byte	.LASF11
 1340 0091 07       		.uleb128 0x7
 1341 0092 6E000000 		.4byte	0x6e
 1342 0096 08       		.uleb128 0x8
 1343 0097 E7000000 		.4byte	.LASF12
 1344 009b 03       		.byte	0x3
 1345 009c 1F       		.byte	0x1f
 1346 009d A7000000 		.4byte	0xa7
 1347 00a1 05       		.uleb128 0x5
 1348 00a2 03       		.byte	0x3
 1349 00a3 00000000 		.4byte	cy_meta_configecc
 1350 00a7 07       		.uleb128 0x7
 1351 00a8 79000000 		.4byte	0x79
 1352 00ac 05       		.uleb128 0x5
 1353 00ad 91000000 		.4byte	0x91
 1354 00b1 BC000000 		.4byte	0xbc
 1355 00b5 09       		.uleb128 0x9
 1356 00b6 8A000000 		.4byte	0x8a
 1357 00ba 03       		.byte	0x3
 1358 00bb 00       		.byte	0
 1359 00bc 08       		.uleb128 0x8
 1360 00bd D7000000 		.4byte	.LASF13
 1361 00c1 03       		.byte	0x3
 1362 00c2 C1       		.byte	0xc1
 1363 00c3 CD000000 		.4byte	0xcd
 1364 00c7 05       		.uleb128 0x5
ARM GAS  C:\Users\Kotori\AppData\Local\Temp\cc90Ko9b.s 			page 25


 1365 00c8 03       		.byte	0x3
 1366 00c9 00000000 		.4byte	cy_meta_custnvl
 1367 00cd 07       		.uleb128 0x7
 1368 00ce AC000000 		.4byte	0xac
 1369 00d2 08       		.uleb128 0x8
 1370 00d3 91010000 		.4byte	.LASF14
 1371 00d7 03       		.byte	0x3
 1372 00d8 CF       		.byte	0xcf
 1373 00d9 E3000000 		.4byte	0xe3
 1374 00dd 05       		.uleb128 0x5
 1375 00de 03       		.byte	0x3
 1376 00df 00000000 		.4byte	cy_meta_wonvl
 1377 00e3 07       		.uleb128 0x7
 1378 00e4 AC000000 		.4byte	0xac
 1379 00e8 05       		.uleb128 0x5
 1380 00e9 91000000 		.4byte	0x91
 1381 00ed F8000000 		.4byte	0xf8
 1382 00f1 09       		.uleb128 0x9
 1383 00f2 8A000000 		.4byte	0x8a
 1384 00f6 FF       		.byte	0xff
 1385 00f7 00       		.byte	0
 1386 00f8 08       		.uleb128 0x8
 1387 00f9 7C010000 		.4byte	.LASF15
 1388 00fd 03       		.byte	0x3
 1389 00fe DD       		.byte	0xdd
 1390 00ff 09010000 		.4byte	0x109
 1391 0103 05       		.uleb128 0x5
 1392 0104 03       		.byte	0x3
 1393 0105 00000000 		.4byte	cy_meta_flashprotect
 1394 0109 07       		.uleb128 0x7
 1395 010a E8000000 		.4byte	0xe8
 1396 010e 05       		.uleb128 0x5
 1397 010f 91000000 		.4byte	0x91
 1398 0113 1E010000 		.4byte	0x11e
 1399 0117 09       		.uleb128 0x9
 1400 0118 8A000000 		.4byte	0x8a
 1401 011c 0B       		.byte	0xb
 1402 011d 00       		.byte	0
 1403 011e 0A       		.uleb128 0xa
 1404 011f 0A000000 		.4byte	.LASF16
 1405 0123 03       		.byte	0x3
 1406 0124 0A01     		.2byte	0x10a
 1407 0126 30010000 		.4byte	0x130
 1408 012a 05       		.uleb128 0x5
 1409 012b 03       		.byte	0x3
 1410 012c 00000000 		.4byte	cy_metadata
 1411 0130 07       		.uleb128 0x7
 1412 0131 0E010000 		.4byte	0x10e
 1413 0135 00       		.byte	0
 1414              		.section	.debug_abbrev,"",%progbits
 1415              	.Ldebug_abbrev0:
 1416 0000 01       		.uleb128 0x1
 1417 0001 11       		.uleb128 0x11
 1418 0002 01       		.byte	0x1
 1419 0003 25       		.uleb128 0x25
 1420 0004 0E       		.uleb128 0xe
 1421 0005 13       		.uleb128 0x13
ARM GAS  C:\Users\Kotori\AppData\Local\Temp\cc90Ko9b.s 			page 26


 1422 0006 0B       		.uleb128 0xb
 1423 0007 03       		.uleb128 0x3
 1424 0008 0E       		.uleb128 0xe
 1425 0009 1B       		.uleb128 0x1b
 1426 000a 0E       		.uleb128 0xe
 1427 000b 10       		.uleb128 0x10
 1428 000c 17       		.uleb128 0x17
 1429 000d 00       		.byte	0
 1430 000e 00       		.byte	0
 1431 000f 02       		.uleb128 0x2
 1432 0010 24       		.uleb128 0x24
 1433 0011 00       		.byte	0
 1434 0012 0B       		.uleb128 0xb
 1435 0013 0B       		.uleb128 0xb
 1436 0014 3E       		.uleb128 0x3e
 1437 0015 0B       		.uleb128 0xb
 1438 0016 03       		.uleb128 0x3
 1439 0017 0E       		.uleb128 0xe
 1440 0018 00       		.byte	0
 1441 0019 00       		.byte	0
 1442 001a 03       		.uleb128 0x3
 1443 001b 16       		.uleb128 0x16
 1444 001c 00       		.byte	0
 1445 001d 03       		.uleb128 0x3
 1446 001e 0E       		.uleb128 0xe
 1447 001f 3A       		.uleb128 0x3a
 1448 0020 0B       		.uleb128 0xb
 1449 0021 3B       		.uleb128 0x3b
 1450 0022 0B       		.uleb128 0xb
 1451 0023 49       		.uleb128 0x49
 1452 0024 13       		.uleb128 0x13
 1453 0025 00       		.byte	0
 1454 0026 00       		.byte	0
 1455 0027 04       		.uleb128 0x4
 1456 0028 24       		.uleb128 0x24
 1457 0029 00       		.byte	0
 1458 002a 0B       		.uleb128 0xb
 1459 002b 0B       		.uleb128 0xb
 1460 002c 3E       		.uleb128 0x3e
 1461 002d 0B       		.uleb128 0xb
 1462 002e 03       		.uleb128 0x3
 1463 002f 08       		.uleb128 0x8
 1464 0030 00       		.byte	0
 1465 0031 00       		.byte	0
 1466 0032 05       		.uleb128 0x5
 1467 0033 01       		.uleb128 0x1
 1468 0034 01       		.byte	0x1
 1469 0035 49       		.uleb128 0x49
 1470 0036 13       		.uleb128 0x13
 1471 0037 01       		.uleb128 0x1
 1472 0038 13       		.uleb128 0x13
 1473 0039 00       		.byte	0
 1474 003a 00       		.byte	0
 1475 003b 06       		.uleb128 0x6
 1476 003c 21       		.uleb128 0x21
 1477 003d 00       		.byte	0
 1478 003e 49       		.uleb128 0x49
ARM GAS  C:\Users\Kotori\AppData\Local\Temp\cc90Ko9b.s 			page 27


 1479 003f 13       		.uleb128 0x13
 1480 0040 2F       		.uleb128 0x2f
 1481 0041 05       		.uleb128 0x5
 1482 0042 00       		.byte	0
 1483 0043 00       		.byte	0
 1484 0044 07       		.uleb128 0x7
 1485 0045 26       		.uleb128 0x26
 1486 0046 00       		.byte	0
 1487 0047 49       		.uleb128 0x49
 1488 0048 13       		.uleb128 0x13
 1489 0049 00       		.byte	0
 1490 004a 00       		.byte	0
 1491 004b 08       		.uleb128 0x8
 1492 004c 34       		.uleb128 0x34
 1493 004d 00       		.byte	0
 1494 004e 03       		.uleb128 0x3
 1495 004f 0E       		.uleb128 0xe
 1496 0050 3A       		.uleb128 0x3a
 1497 0051 0B       		.uleb128 0xb
 1498 0052 3B       		.uleb128 0x3b
 1499 0053 0B       		.uleb128 0xb
 1500 0054 49       		.uleb128 0x49
 1501 0055 13       		.uleb128 0x13
 1502 0056 3F       		.uleb128 0x3f
 1503 0057 19       		.uleb128 0x19
 1504 0058 02       		.uleb128 0x2
 1505 0059 18       		.uleb128 0x18
 1506 005a 00       		.byte	0
 1507 005b 00       		.byte	0
 1508 005c 09       		.uleb128 0x9
 1509 005d 21       		.uleb128 0x21
 1510 005e 00       		.byte	0
 1511 005f 49       		.uleb128 0x49
 1512 0060 13       		.uleb128 0x13
 1513 0061 2F       		.uleb128 0x2f
 1514 0062 0B       		.uleb128 0xb
 1515 0063 00       		.byte	0
 1516 0064 00       		.byte	0
 1517 0065 0A       		.uleb128 0xa
 1518 0066 34       		.uleb128 0x34
 1519 0067 00       		.byte	0
 1520 0068 03       		.uleb128 0x3
 1521 0069 0E       		.uleb128 0xe
 1522 006a 3A       		.uleb128 0x3a
 1523 006b 0B       		.uleb128 0xb
 1524 006c 3B       		.uleb128 0x3b
 1525 006d 05       		.uleb128 0x5
 1526 006e 49       		.uleb128 0x49
 1527 006f 13       		.uleb128 0x13
 1528 0070 3F       		.uleb128 0x3f
 1529 0071 19       		.uleb128 0x19
 1530 0072 02       		.uleb128 0x2
 1531 0073 18       		.uleb128 0x18
 1532 0074 00       		.byte	0
 1533 0075 00       		.byte	0
 1534 0076 00       		.byte	0
 1535              		.section	.debug_aranges,"",%progbits
ARM GAS  C:\Users\Kotori\AppData\Local\Temp\cc90Ko9b.s 			page 28


 1536 0000 14000000 		.4byte	0x14
 1537 0004 0200     		.2byte	0x2
 1538 0006 00000000 		.4byte	.Ldebug_info0
 1539 000a 04       		.byte	0x4
 1540 000b 00       		.byte	0
 1541 000c 0000     		.2byte	0
 1542 000e 0000     		.2byte	0
 1543 0010 00000000 		.4byte	0
 1544 0014 00000000 		.4byte	0
 1545              		.section	.debug_line,"",%progbits
 1546              	.Ldebug_line0:
 1547 0000 3D010000 		.section	.debug_str,"MS",%progbits,1
 1547      02003701 
 1547      00000201 
 1547      FB0E0D00 
 1547      01010101 
 1548              	.LASF9:
 1549 0000 5F5F7569 		.ascii	"__uint8_t\000"
 1549      6E74385F 
 1549      7400
 1550              	.LASF16:
 1551 000a 63795F6D 		.ascii	"cy_metadata\000"
 1551      65746164 
 1551      61746100 
 1552              	.LASF1:
 1553 0016 756E7369 		.ascii	"unsigned char\000"
 1553      676E6564 
 1553      20636861 
 1553      7200
 1554              	.LASF17:
 1555 0024 474E5520 		.ascii	"GNU C11 5.4.1 20160609 (release) [ARM/embedded-5-br"
 1555      43313120 
 1555      352E342E 
 1555      31203230 
 1555      31363036 
 1556 0057 616E6368 		.ascii	"anch revision 237715] -mcpu=cortex-m3 -mthumb -g -O"
 1556      20726576 
 1556      6973696F 
 1556      6E203233 
 1556      37373135 
 1557 008a 67202D66 		.ascii	"g -ffunction-sections -ffat-lto-objects\000"
 1557      66756E63 
 1557      74696F6E 
 1557      2D736563 
 1557      74696F6E 
 1558              	.LASF5:
 1559 00b2 6C6F6E67 		.ascii	"long unsigned int\000"
 1559      20756E73 
 1559      69676E65 
 1559      6420696E 
 1559      7400
 1560              	.LASF3:
 1561 00c4 73686F72 		.ascii	"short unsigned int\000"
 1561      7420756E 
 1561      7369676E 
 1561      65642069 
 1561      6E7400
ARM GAS  C:\Users\Kotori\AppData\Local\Temp\cc90Ko9b.s 			page 29


 1562              	.LASF13:
 1563 00d7 63795F6D 		.ascii	"cy_meta_custnvl\000"
 1563      6574615F 
 1563      63757374 
 1563      6E766C00 
 1564              	.LASF12:
 1565 00e7 63795F6D 		.ascii	"cy_meta_configecc\000"
 1565      6574615F 
 1565      636F6E66 
 1565      69676563 
 1565      6300
 1566              	.LASF19:
 1567 00f9 433A5C55 		.ascii	"C:\\Users\\Kotori\\Documents\\PSoC Creator\\Project"
 1567      73657273 
 1567      5C4B6F74 
 1567      6F72695C 
 1567      446F6375 
 1568 0127 53484153 		.ascii	"SHAS_AreaController\\AreaController.cydsn\000"
 1568      5F417265 
 1568      61436F6E 
 1568      74726F6C 
 1568      6C65725C 
 1569              	.LASF8:
 1570 0150 756E7369 		.ascii	"unsigned int\000"
 1570      676E6564 
 1570      20696E74 
 1570      00
 1571              	.LASF7:
 1572 015d 6C6F6E67 		.ascii	"long long unsigned int\000"
 1572      206C6F6E 
 1572      6720756E 
 1572      7369676E 
 1572      65642069 
 1573              	.LASF10:
 1574 0174 75696E74 		.ascii	"uint8_t\000"
 1574      385F7400 
 1575              	.LASF15:
 1576 017c 63795F6D 		.ascii	"cy_meta_flashprotect\000"
 1576      6574615F 
 1576      666C6173 
 1576      6870726F 
 1576      74656374 
 1577              	.LASF14:
 1578 0191 63795F6D 		.ascii	"cy_meta_wonvl\000"
 1578      6574615F 
 1578      776F6E76 
 1578      6C00
 1579              	.LASF11:
 1580 019f 73697A65 		.ascii	"sizetype\000"
 1580      74797065 
 1580      00
 1581              	.LASF6:
 1582 01a8 6C6F6E67 		.ascii	"long long int\000"
 1582      206C6F6E 
 1582      6720696E 
 1582      7400
 1583              	.LASF2:
ARM GAS  C:\Users\Kotori\AppData\Local\Temp\cc90Ko9b.s 			page 30


 1584 01b6 73686F72 		.ascii	"short int\000"
 1584      7420696E 
 1584      7400
 1585              	.LASF4:
 1586 01c0 6C6F6E67 		.ascii	"long int\000"
 1586      20696E74 
 1586      00
 1587              	.LASF0:
 1588 01c9 7369676E 		.ascii	"signed char\000"
 1588      65642063 
 1588      68617200 
 1589              	.LASF18:
 1590 01d5 47656E65 		.ascii	"Generated_Source\\PSoC5\\cymetadata.c\000"
 1590      72617465 
 1590      645F536F 
 1590      75726365 
 1590      5C50536F 
 1591              		.ident	"GCC: (GNU Tools for ARM Embedded Processors) 5.4.1 20160609 (release) [ARM/embedded-5-bran
