ARM GAS  C:\Users\Kotori\AppData\Local\Temp\ccjDg87j.s 			page 1


   1              		.syntax unified
   2              		.cpu cortex-m3
   3              		.fpu softvfp
   4              		.eabi_attribute 20, 1
   5              		.eabi_attribute 21, 1
   6              		.eabi_attribute 23, 3
   7              		.eabi_attribute 24, 1
   8              		.eabi_attribute 25, 1
   9              		.eabi_attribute 26, 1
  10              		.eabi_attribute 30, 1
  11              		.eabi_attribute 34, 1
  12              		.eabi_attribute 18, 4
  13              		.thumb
  14              		.syntax unified
  15              		.file	"HCSR04.c"
  16              		.text
  17              	.Ltext0:
  18              		.cfi_sections	.debug_frame
  19              		.section	.text.HCSR04_Enable,"ax",%progbits
  20              		.align	2
  21              		.global	HCSR04_Enable
  22              		.thumb
  23              		.thumb_func
  24              		.type	HCSR04_Enable, %function
  25              	HCSR04_Enable:
  26              	.LFB1:
  27              		.file 1 "Generated_Source\\PSoC5\\HCSR04.c"
   1:Generated_Source\PSoC5/HCSR04.c **** /*******************************************************************************
   2:Generated_Source\PSoC5/HCSR04.c **** * File Name: HCSR04.c
   3:Generated_Source\PSoC5/HCSR04.c **** * Version 2.80
   4:Generated_Source\PSoC5/HCSR04.c **** *
   5:Generated_Source\PSoC5/HCSR04.c **** * Description:
   6:Generated_Source\PSoC5/HCSR04.c **** *  The Timer component consists of a 8, 16, 24 or 32-bit timer with
   7:Generated_Source\PSoC5/HCSR04.c **** *  a selectable period between 2 and 2^Width - 1.  The timer may free run
   8:Generated_Source\PSoC5/HCSR04.c **** *  or be used as a capture timer as well.  The capture can be initiated
   9:Generated_Source\PSoC5/HCSR04.c **** *  by a positive or negative edge signal as well as via software.
  10:Generated_Source\PSoC5/HCSR04.c **** *  A trigger input can be programmed to enable the timer on rising edge
  11:Generated_Source\PSoC5/HCSR04.c **** *  falling edge, either edge or continous run.
  12:Generated_Source\PSoC5/HCSR04.c **** *  Interrupts may be generated due to a terminal count condition
  13:Generated_Source\PSoC5/HCSR04.c **** *  or a capture event.
  14:Generated_Source\PSoC5/HCSR04.c **** *
  15:Generated_Source\PSoC5/HCSR04.c **** * Note:
  16:Generated_Source\PSoC5/HCSR04.c **** *
  17:Generated_Source\PSoC5/HCSR04.c **** ********************************************************************************
  18:Generated_Source\PSoC5/HCSR04.c **** * Copyright 2008-2017, Cypress Semiconductor Corporation.  All rights reserved.
  19:Generated_Source\PSoC5/HCSR04.c **** * You may use this file only in accordance with the license, terms, conditions,
  20:Generated_Source\PSoC5/HCSR04.c **** * disclaimers, and limitations in the end user license agreement accompanying
  21:Generated_Source\PSoC5/HCSR04.c **** * the software package with which this file was provided.
  22:Generated_Source\PSoC5/HCSR04.c **** ********************************************************************************/
  23:Generated_Source\PSoC5/HCSR04.c **** 
  24:Generated_Source\PSoC5/HCSR04.c **** #include "HCSR04.h"
  25:Generated_Source\PSoC5/HCSR04.c **** 
  26:Generated_Source\PSoC5/HCSR04.c **** uint8 HCSR04_initVar = 0u;
  27:Generated_Source\PSoC5/HCSR04.c **** 
  28:Generated_Source\PSoC5/HCSR04.c **** 
  29:Generated_Source\PSoC5/HCSR04.c **** /*******************************************************************************
  30:Generated_Source\PSoC5/HCSR04.c **** * Function Name: HCSR04_Init
ARM GAS  C:\Users\Kotori\AppData\Local\Temp\ccjDg87j.s 			page 2


  31:Generated_Source\PSoC5/HCSR04.c **** ********************************************************************************
  32:Generated_Source\PSoC5/HCSR04.c **** *
  33:Generated_Source\PSoC5/HCSR04.c **** * Summary:
  34:Generated_Source\PSoC5/HCSR04.c **** *  Initialize to the schematic state
  35:Generated_Source\PSoC5/HCSR04.c **** *
  36:Generated_Source\PSoC5/HCSR04.c **** * Parameters:
  37:Generated_Source\PSoC5/HCSR04.c **** *  void
  38:Generated_Source\PSoC5/HCSR04.c **** *
  39:Generated_Source\PSoC5/HCSR04.c **** * Return:
  40:Generated_Source\PSoC5/HCSR04.c **** *  void
  41:Generated_Source\PSoC5/HCSR04.c **** *
  42:Generated_Source\PSoC5/HCSR04.c **** *******************************************************************************/
  43:Generated_Source\PSoC5/HCSR04.c **** void HCSR04_Init(void) 
  44:Generated_Source\PSoC5/HCSR04.c **** {
  45:Generated_Source\PSoC5/HCSR04.c ****     #if(!HCSR04_UsingFixedFunction)
  46:Generated_Source\PSoC5/HCSR04.c ****             /* Interrupt State Backup for Critical Region*/
  47:Generated_Source\PSoC5/HCSR04.c ****             uint8 HCSR04_interruptState;
  48:Generated_Source\PSoC5/HCSR04.c ****     #endif /* Interrupt state back up for Fixed Function only */
  49:Generated_Source\PSoC5/HCSR04.c **** 
  50:Generated_Source\PSoC5/HCSR04.c ****     #if (HCSR04_UsingFixedFunction)
  51:Generated_Source\PSoC5/HCSR04.c ****         /* Clear all bits but the enable bit (if it's already set) for Timer operation */
  52:Generated_Source\PSoC5/HCSR04.c ****         HCSR04_CONTROL &= HCSR04_CTRL_ENABLE;
  53:Generated_Source\PSoC5/HCSR04.c **** 
  54:Generated_Source\PSoC5/HCSR04.c ****         /* Clear the mode bits for continuous run mode */
  55:Generated_Source\PSoC5/HCSR04.c ****         #if (CY_PSOC5A)
  56:Generated_Source\PSoC5/HCSR04.c ****             HCSR04_CONTROL2 &= ((uint8)(~HCSR04_CTRL_MODE_MASK));
  57:Generated_Source\PSoC5/HCSR04.c ****         #endif /* Clear bits in CONTROL2 only in PSOC5A */
  58:Generated_Source\PSoC5/HCSR04.c **** 
  59:Generated_Source\PSoC5/HCSR04.c ****         #if (CY_PSOC3 || CY_PSOC5LP)
  60:Generated_Source\PSoC5/HCSR04.c ****             HCSR04_CONTROL3 &= ((uint8)(~HCSR04_CTRL_MODE_MASK));
  61:Generated_Source\PSoC5/HCSR04.c ****         #endif /* CONTROL3 register exists only in PSoC3 OR PSoC5LP */
  62:Generated_Source\PSoC5/HCSR04.c **** 
  63:Generated_Source\PSoC5/HCSR04.c ****         /* Check if One Shot mode is enabled i.e. RunMode !=0*/
  64:Generated_Source\PSoC5/HCSR04.c ****         #if (HCSR04_RunModeUsed != 0x0u)
  65:Generated_Source\PSoC5/HCSR04.c ****             /* Set 3rd bit of Control register to enable one shot mode */
  66:Generated_Source\PSoC5/HCSR04.c ****             HCSR04_CONTROL |= 0x04u;
  67:Generated_Source\PSoC5/HCSR04.c ****         #endif /* One Shot enabled only when RunModeUsed is not Continuous*/
  68:Generated_Source\PSoC5/HCSR04.c **** 
  69:Generated_Source\PSoC5/HCSR04.c ****         #if (HCSR04_RunModeUsed == 2)
  70:Generated_Source\PSoC5/HCSR04.c ****             #if (CY_PSOC5A)
  71:Generated_Source\PSoC5/HCSR04.c ****                 /* Set last 2 bits of control2 register if one shot(halt on
  72:Generated_Source\PSoC5/HCSR04.c ****                 interrupt) is enabled*/
  73:Generated_Source\PSoC5/HCSR04.c ****                 HCSR04_CONTROL2 |= 0x03u;
  74:Generated_Source\PSoC5/HCSR04.c ****             #endif /* Set One-Shot Halt on Interrupt bit in CONTROL2 for PSoC5A */
  75:Generated_Source\PSoC5/HCSR04.c **** 
  76:Generated_Source\PSoC5/HCSR04.c ****             #if (CY_PSOC3 || CY_PSOC5LP)
  77:Generated_Source\PSoC5/HCSR04.c ****                 /* Set last 2 bits of control3 register if one shot(halt on
  78:Generated_Source\PSoC5/HCSR04.c ****                 interrupt) is enabled*/
  79:Generated_Source\PSoC5/HCSR04.c ****                 HCSR04_CONTROL3 |= 0x03u;
  80:Generated_Source\PSoC5/HCSR04.c ****             #endif /* Set One-Shot Halt on Interrupt bit in CONTROL3 for PSoC3 or PSoC5LP */
  81:Generated_Source\PSoC5/HCSR04.c **** 
  82:Generated_Source\PSoC5/HCSR04.c ****         #endif /* Remove section if One Shot Halt on Interrupt is not enabled */
  83:Generated_Source\PSoC5/HCSR04.c **** 
  84:Generated_Source\PSoC5/HCSR04.c ****         #if (HCSR04_UsingHWEnable != 0)
  85:Generated_Source\PSoC5/HCSR04.c ****             #if (CY_PSOC5A)
  86:Generated_Source\PSoC5/HCSR04.c ****                 /* Set the default Run Mode of the Timer to Continuous */
  87:Generated_Source\PSoC5/HCSR04.c ****                 HCSR04_CONTROL2 |= HCSR04_CTRL_MODE_PULSEWIDTH;
ARM GAS  C:\Users\Kotori\AppData\Local\Temp\ccjDg87j.s 			page 3


  88:Generated_Source\PSoC5/HCSR04.c ****             #endif /* Set Continuous Run Mode in CONTROL2 for PSoC5A */
  89:Generated_Source\PSoC5/HCSR04.c **** 
  90:Generated_Source\PSoC5/HCSR04.c ****             #if (CY_PSOC3 || CY_PSOC5LP)
  91:Generated_Source\PSoC5/HCSR04.c ****                 /* Clear and Set ROD and COD bits of CFG2 register */
  92:Generated_Source\PSoC5/HCSR04.c ****                 HCSR04_CONTROL3 &= ((uint8)(~HCSR04_CTRL_RCOD_MASK));
  93:Generated_Source\PSoC5/HCSR04.c ****                 HCSR04_CONTROL3 |= HCSR04_CTRL_RCOD;
  94:Generated_Source\PSoC5/HCSR04.c **** 
  95:Generated_Source\PSoC5/HCSR04.c ****                 /* Clear and Enable the HW enable bit in CFG2 register */
  96:Generated_Source\PSoC5/HCSR04.c ****                 HCSR04_CONTROL3 &= ((uint8)(~HCSR04_CTRL_ENBL_MASK));
  97:Generated_Source\PSoC5/HCSR04.c ****                 HCSR04_CONTROL3 |= HCSR04_CTRL_ENBL;
  98:Generated_Source\PSoC5/HCSR04.c **** 
  99:Generated_Source\PSoC5/HCSR04.c ****                 /* Set the default Run Mode of the Timer to Continuous */
 100:Generated_Source\PSoC5/HCSR04.c ****                 HCSR04_CONTROL3 |= HCSR04_CTRL_MODE_CONTINUOUS;
 101:Generated_Source\PSoC5/HCSR04.c ****             #endif /* Set Continuous Run Mode in CONTROL3 for PSoC3ES3 or PSoC5A */
 102:Generated_Source\PSoC5/HCSR04.c **** 
 103:Generated_Source\PSoC5/HCSR04.c ****         #endif /* Configure Run Mode with hardware enable */
 104:Generated_Source\PSoC5/HCSR04.c **** 
 105:Generated_Source\PSoC5/HCSR04.c ****         /* Clear and Set SYNCTC and SYNCCMP bits of RT1 register */
 106:Generated_Source\PSoC5/HCSR04.c ****         HCSR04_RT1 &= ((uint8)(~HCSR04_RT1_MASK));
 107:Generated_Source\PSoC5/HCSR04.c ****         HCSR04_RT1 |= HCSR04_SYNC;
 108:Generated_Source\PSoC5/HCSR04.c **** 
 109:Generated_Source\PSoC5/HCSR04.c ****         /*Enable DSI Sync all all inputs of the Timer*/
 110:Generated_Source\PSoC5/HCSR04.c ****         HCSR04_RT1 &= ((uint8)(~HCSR04_SYNCDSI_MASK));
 111:Generated_Source\PSoC5/HCSR04.c ****         HCSR04_RT1 |= HCSR04_SYNCDSI_EN;
 112:Generated_Source\PSoC5/HCSR04.c **** 
 113:Generated_Source\PSoC5/HCSR04.c ****         /* Set the IRQ to use the status register interrupts */
 114:Generated_Source\PSoC5/HCSR04.c ****         HCSR04_CONTROL2 |= HCSR04_CTRL2_IRQ_SEL;
 115:Generated_Source\PSoC5/HCSR04.c ****     #endif /* Configuring registers of fixed function implementation */
 116:Generated_Source\PSoC5/HCSR04.c **** 
 117:Generated_Source\PSoC5/HCSR04.c ****     /* Set Initial values from Configuration */
 118:Generated_Source\PSoC5/HCSR04.c ****     HCSR04_WritePeriod(HCSR04_INIT_PERIOD);
 119:Generated_Source\PSoC5/HCSR04.c ****     HCSR04_WriteCounter(HCSR04_INIT_PERIOD);
 120:Generated_Source\PSoC5/HCSR04.c **** 
 121:Generated_Source\PSoC5/HCSR04.c ****     #if (HCSR04_UsingHWCaptureCounter)/* Capture counter is enabled */
 122:Generated_Source\PSoC5/HCSR04.c ****         HCSR04_CAPTURE_COUNT_CTRL |= HCSR04_CNTR_ENABLE;
 123:Generated_Source\PSoC5/HCSR04.c ****         HCSR04_SetCaptureCount(HCSR04_INIT_CAPTURE_COUNT);
 124:Generated_Source\PSoC5/HCSR04.c ****     #endif /* Configure capture counter value */
 125:Generated_Source\PSoC5/HCSR04.c **** 
 126:Generated_Source\PSoC5/HCSR04.c ****     #if (!HCSR04_UsingFixedFunction)
 127:Generated_Source\PSoC5/HCSR04.c ****         #if (HCSR04_SoftwareCaptureMode)
 128:Generated_Source\PSoC5/HCSR04.c ****             HCSR04_SetCaptureMode(HCSR04_INIT_CAPTURE_MODE);
 129:Generated_Source\PSoC5/HCSR04.c ****         #endif /* Set Capture Mode for UDB implementation if capture mode is software controlled */
 130:Generated_Source\PSoC5/HCSR04.c **** 
 131:Generated_Source\PSoC5/HCSR04.c ****         #if (HCSR04_SoftwareTriggerMode)
 132:Generated_Source\PSoC5/HCSR04.c ****             #if (!HCSR04_UDB_CONTROL_REG_REMOVED)
 133:Generated_Source\PSoC5/HCSR04.c ****                 if (0u == (HCSR04_CONTROL & HCSR04__B_TIMER__TM_SOFTWARE))
 134:Generated_Source\PSoC5/HCSR04.c ****                 {
 135:Generated_Source\PSoC5/HCSR04.c ****                     HCSR04_SetTriggerMode(HCSR04_INIT_TRIGGER_MODE);
 136:Generated_Source\PSoC5/HCSR04.c ****                 }
 137:Generated_Source\PSoC5/HCSR04.c ****             #endif /* (!HCSR04_UDB_CONTROL_REG_REMOVED) */
 138:Generated_Source\PSoC5/HCSR04.c ****         #endif /* Set trigger mode for UDB Implementation if trigger mode is software controlled */
 139:Generated_Source\PSoC5/HCSR04.c **** 
 140:Generated_Source\PSoC5/HCSR04.c ****         /* CyEnterCriticalRegion and CyExitCriticalRegion are used to mark following region critica
 141:Generated_Source\PSoC5/HCSR04.c ****         /* Enter Critical Region*/
 142:Generated_Source\PSoC5/HCSR04.c ****         HCSR04_interruptState = CyEnterCriticalSection();
 143:Generated_Source\PSoC5/HCSR04.c **** 
 144:Generated_Source\PSoC5/HCSR04.c ****         /* Use the interrupt output of the status register for IRQ output */
ARM GAS  C:\Users\Kotori\AppData\Local\Temp\ccjDg87j.s 			page 4


 145:Generated_Source\PSoC5/HCSR04.c ****         HCSR04_STATUS_AUX_CTRL |= HCSR04_STATUS_ACTL_INT_EN_MASK;
 146:Generated_Source\PSoC5/HCSR04.c **** 
 147:Generated_Source\PSoC5/HCSR04.c ****         /* Exit Critical Region*/
 148:Generated_Source\PSoC5/HCSR04.c ****         CyExitCriticalSection(HCSR04_interruptState);
 149:Generated_Source\PSoC5/HCSR04.c **** 
 150:Generated_Source\PSoC5/HCSR04.c ****         #if (HCSR04_EnableTriggerMode)
 151:Generated_Source\PSoC5/HCSR04.c ****             HCSR04_EnableTrigger();
 152:Generated_Source\PSoC5/HCSR04.c ****         #endif /* Set Trigger enable bit for UDB implementation in the control register*/
 153:Generated_Source\PSoC5/HCSR04.c **** 		
 154:Generated_Source\PSoC5/HCSR04.c **** 		
 155:Generated_Source\PSoC5/HCSR04.c ****         #if (HCSR04_InterruptOnCaptureCount && !HCSR04_UDB_CONTROL_REG_REMOVED)
 156:Generated_Source\PSoC5/HCSR04.c ****             HCSR04_SetInterruptCount(HCSR04_INIT_INT_CAPTURE_COUNT);
 157:Generated_Source\PSoC5/HCSR04.c ****         #endif /* Set interrupt count in UDB implementation if interrupt count feature is checked.*
 158:Generated_Source\PSoC5/HCSR04.c **** 
 159:Generated_Source\PSoC5/HCSR04.c ****         HCSR04_ClearFIFO();
 160:Generated_Source\PSoC5/HCSR04.c ****     #endif /* Configure additional features of UDB implementation */
 161:Generated_Source\PSoC5/HCSR04.c **** 
 162:Generated_Source\PSoC5/HCSR04.c ****     HCSR04_SetInterruptMode(HCSR04_INIT_INTERRUPT_MODE);
 163:Generated_Source\PSoC5/HCSR04.c **** }
 164:Generated_Source\PSoC5/HCSR04.c **** 
 165:Generated_Source\PSoC5/HCSR04.c **** 
 166:Generated_Source\PSoC5/HCSR04.c **** /*******************************************************************************
 167:Generated_Source\PSoC5/HCSR04.c **** * Function Name: HCSR04_Enable
 168:Generated_Source\PSoC5/HCSR04.c **** ********************************************************************************
 169:Generated_Source\PSoC5/HCSR04.c **** *
 170:Generated_Source\PSoC5/HCSR04.c **** * Summary:
 171:Generated_Source\PSoC5/HCSR04.c **** *  Enable the Timer
 172:Generated_Source\PSoC5/HCSR04.c **** *
 173:Generated_Source\PSoC5/HCSR04.c **** * Parameters:
 174:Generated_Source\PSoC5/HCSR04.c **** *  void
 175:Generated_Source\PSoC5/HCSR04.c **** *
 176:Generated_Source\PSoC5/HCSR04.c **** * Return:
 177:Generated_Source\PSoC5/HCSR04.c **** *  void
 178:Generated_Source\PSoC5/HCSR04.c **** *
 179:Generated_Source\PSoC5/HCSR04.c **** *******************************************************************************/
 180:Generated_Source\PSoC5/HCSR04.c **** void HCSR04_Enable(void) 
 181:Generated_Source\PSoC5/HCSR04.c **** {
  28              		.loc 1 181 0
  29              		.cfi_startproc
  30              		@ args = 0, pretend = 0, frame = 0
  31              		@ frame_needed = 0, uses_anonymous_args = 0
  32              		@ link register save eliminated.
 182:Generated_Source\PSoC5/HCSR04.c ****     /* Globally Enable the Fixed Function Block chosen */
 183:Generated_Source\PSoC5/HCSR04.c ****     #if (HCSR04_UsingFixedFunction)
 184:Generated_Source\PSoC5/HCSR04.c ****         HCSR04_GLOBAL_ENABLE |= HCSR04_BLOCK_EN_MASK;
  33              		.loc 1 184 0
  34 0000 084A     		ldr	r2, .L2
  35 0002 1378     		ldrb	r3, [r2]	@ zero_extendqisi2
  36 0004 43F00103 		orr	r3, r3, #1
  37 0008 1370     		strb	r3, [r2]
 185:Generated_Source\PSoC5/HCSR04.c ****         HCSR04_GLOBAL_STBY_ENABLE |= HCSR04_BLOCK_STBY_EN_MASK;
  38              		.loc 1 185 0
  39 000a 1032     		adds	r2, r2, #16
  40 000c 1378     		ldrb	r3, [r2]	@ zero_extendqisi2
  41 000e 43F00103 		orr	r3, r3, #1
  42 0012 1370     		strb	r3, [r2]
 186:Generated_Source\PSoC5/HCSR04.c ****     #endif /* Set Enable bit for enabling Fixed function timer*/
ARM GAS  C:\Users\Kotori\AppData\Local\Temp\ccjDg87j.s 			page 5


 187:Generated_Source\PSoC5/HCSR04.c **** 
 188:Generated_Source\PSoC5/HCSR04.c ****     /* Remove assignment if control register is removed */
 189:Generated_Source\PSoC5/HCSR04.c ****     #if (!HCSR04_UDB_CONTROL_REG_REMOVED || HCSR04_UsingFixedFunction)
 190:Generated_Source\PSoC5/HCSR04.c ****         HCSR04_CONTROL |= HCSR04_CTRL_ENABLE;
  43              		.loc 1 190 0
  44 0014 02F64D32 		addw	r2, r2, #2893
  45 0018 1378     		ldrb	r3, [r2]	@ zero_extendqisi2
  46 001a 43F00103 		orr	r3, r3, #1
  47 001e 1370     		strb	r3, [r2]
  48 0020 7047     		bx	lr
  49              	.L3:
  50 0022 00BF     		.align	2
  51              	.L2:
  52 0024 A3430040 		.word	1073759139
  53              		.cfi_endproc
  54              	.LFE1:
  55              		.size	HCSR04_Enable, .-HCSR04_Enable
  56              		.section	.text.HCSR04_Stop,"ax",%progbits
  57              		.align	2
  58              		.global	HCSR04_Stop
  59              		.thumb
  60              		.thumb_func
  61              		.type	HCSR04_Stop, %function
  62              	HCSR04_Stop:
  63              	.LFB3:
 191:Generated_Source\PSoC5/HCSR04.c ****     #endif /* Remove assignment if control register is removed */
 192:Generated_Source\PSoC5/HCSR04.c **** }
 193:Generated_Source\PSoC5/HCSR04.c **** 
 194:Generated_Source\PSoC5/HCSR04.c **** 
 195:Generated_Source\PSoC5/HCSR04.c **** /*******************************************************************************
 196:Generated_Source\PSoC5/HCSR04.c **** * Function Name: HCSR04_Start
 197:Generated_Source\PSoC5/HCSR04.c **** ********************************************************************************
 198:Generated_Source\PSoC5/HCSR04.c **** *
 199:Generated_Source\PSoC5/HCSR04.c **** * Summary:
 200:Generated_Source\PSoC5/HCSR04.c **** *  The start function initializes the timer with the default values, the
 201:Generated_Source\PSoC5/HCSR04.c **** *  enables the timerto begin counting.  It does not enable interrupts,
 202:Generated_Source\PSoC5/HCSR04.c **** *  the EnableInt command should be called if interrupt generation is required.
 203:Generated_Source\PSoC5/HCSR04.c **** *
 204:Generated_Source\PSoC5/HCSR04.c **** * Parameters:
 205:Generated_Source\PSoC5/HCSR04.c **** *  void
 206:Generated_Source\PSoC5/HCSR04.c **** *
 207:Generated_Source\PSoC5/HCSR04.c **** * Return:
 208:Generated_Source\PSoC5/HCSR04.c **** *  void
 209:Generated_Source\PSoC5/HCSR04.c **** *
 210:Generated_Source\PSoC5/HCSR04.c **** * Global variables:
 211:Generated_Source\PSoC5/HCSR04.c **** *  HCSR04_initVar: Is modified when this function is called for the
 212:Generated_Source\PSoC5/HCSR04.c **** *   first time. Is used to ensure that initialization happens only once.
 213:Generated_Source\PSoC5/HCSR04.c **** *
 214:Generated_Source\PSoC5/HCSR04.c **** *******************************************************************************/
 215:Generated_Source\PSoC5/HCSR04.c **** void HCSR04_Start(void) 
 216:Generated_Source\PSoC5/HCSR04.c **** {
 217:Generated_Source\PSoC5/HCSR04.c ****     if(HCSR04_initVar == 0u)
 218:Generated_Source\PSoC5/HCSR04.c ****     {
 219:Generated_Source\PSoC5/HCSR04.c ****         HCSR04_Init();
 220:Generated_Source\PSoC5/HCSR04.c **** 
 221:Generated_Source\PSoC5/HCSR04.c ****         HCSR04_initVar = 1u;   /* Clear this bit for Initialization */
 222:Generated_Source\PSoC5/HCSR04.c ****     }
ARM GAS  C:\Users\Kotori\AppData\Local\Temp\ccjDg87j.s 			page 6


 223:Generated_Source\PSoC5/HCSR04.c **** 
 224:Generated_Source\PSoC5/HCSR04.c ****     /* Enable the Timer */
 225:Generated_Source\PSoC5/HCSR04.c ****     HCSR04_Enable();
 226:Generated_Source\PSoC5/HCSR04.c **** }
 227:Generated_Source\PSoC5/HCSR04.c **** 
 228:Generated_Source\PSoC5/HCSR04.c **** 
 229:Generated_Source\PSoC5/HCSR04.c **** /*******************************************************************************
 230:Generated_Source\PSoC5/HCSR04.c **** * Function Name: HCSR04_Stop
 231:Generated_Source\PSoC5/HCSR04.c **** ********************************************************************************
 232:Generated_Source\PSoC5/HCSR04.c **** *
 233:Generated_Source\PSoC5/HCSR04.c **** * Summary:
 234:Generated_Source\PSoC5/HCSR04.c **** *  The stop function halts the timer, but does not change any modes or disable
 235:Generated_Source\PSoC5/HCSR04.c **** *  interrupts.
 236:Generated_Source\PSoC5/HCSR04.c **** *
 237:Generated_Source\PSoC5/HCSR04.c **** * Parameters:
 238:Generated_Source\PSoC5/HCSR04.c **** *  void
 239:Generated_Source\PSoC5/HCSR04.c **** *
 240:Generated_Source\PSoC5/HCSR04.c **** * Return:
 241:Generated_Source\PSoC5/HCSR04.c **** *  void
 242:Generated_Source\PSoC5/HCSR04.c **** *
 243:Generated_Source\PSoC5/HCSR04.c **** * Side Effects: If the Enable mode is set to Hardware only then this function
 244:Generated_Source\PSoC5/HCSR04.c **** *               has no effect on the operation of the timer.
 245:Generated_Source\PSoC5/HCSR04.c **** *
 246:Generated_Source\PSoC5/HCSR04.c **** *******************************************************************************/
 247:Generated_Source\PSoC5/HCSR04.c **** void HCSR04_Stop(void) 
 248:Generated_Source\PSoC5/HCSR04.c **** {
  64              		.loc 1 248 0
  65              		.cfi_startproc
  66              		@ args = 0, pretend = 0, frame = 0
  67              		@ frame_needed = 0, uses_anonymous_args = 0
  68              		@ link register save eliminated.
 249:Generated_Source\PSoC5/HCSR04.c ****     /* Disable Timer */
 250:Generated_Source\PSoC5/HCSR04.c ****     #if(!HCSR04_UDB_CONTROL_REG_REMOVED || HCSR04_UsingFixedFunction)
 251:Generated_Source\PSoC5/HCSR04.c ****         HCSR04_CONTROL &= ((uint8)(~HCSR04_CTRL_ENABLE));
  69              		.loc 1 251 0
  70 0000 084A     		ldr	r2, .L5
  71 0002 1378     		ldrb	r3, [r2]	@ zero_extendqisi2
  72 0004 03F0FE03 		and	r3, r3, #254
  73 0008 1370     		strb	r3, [r2]
 252:Generated_Source\PSoC5/HCSR04.c ****     #endif /* Remove assignment if control register is removed */
 253:Generated_Source\PSoC5/HCSR04.c **** 
 254:Generated_Source\PSoC5/HCSR04.c ****     /* Globally disable the Fixed Function Block chosen */
 255:Generated_Source\PSoC5/HCSR04.c ****     #if (HCSR04_UsingFixedFunction)
 256:Generated_Source\PSoC5/HCSR04.c ****         HCSR04_GLOBAL_ENABLE &= ((uint8)(~HCSR04_BLOCK_EN_MASK));
  74              		.loc 1 256 0
  75 000a A2F65D32 		subw	r2, r2, #2909
  76 000e 1378     		ldrb	r3, [r2]	@ zero_extendqisi2
  77 0010 03F0FE03 		and	r3, r3, #254
  78 0014 1370     		strb	r3, [r2]
 257:Generated_Source\PSoC5/HCSR04.c ****         HCSR04_GLOBAL_STBY_ENABLE &= ((uint8)(~HCSR04_BLOCK_STBY_EN_MASK));
  79              		.loc 1 257 0
  80 0016 1032     		adds	r2, r2, #16
  81 0018 1378     		ldrb	r3, [r2]	@ zero_extendqisi2
  82 001a 03F0FE03 		and	r3, r3, #254
  83 001e 1370     		strb	r3, [r2]
  84 0020 7047     		bx	lr
  85              	.L6:
ARM GAS  C:\Users\Kotori\AppData\Local\Temp\ccjDg87j.s 			page 7


  86 0022 00BF     		.align	2
  87              	.L5:
  88 0024 004F0040 		.word	1073762048
  89              		.cfi_endproc
  90              	.LFE3:
  91              		.size	HCSR04_Stop, .-HCSR04_Stop
  92              		.section	.text.HCSR04_SetInterruptMode,"ax",%progbits
  93              		.align	2
  94              		.global	HCSR04_SetInterruptMode
  95              		.thumb
  96              		.thumb_func
  97              		.type	HCSR04_SetInterruptMode, %function
  98              	HCSR04_SetInterruptMode:
  99              	.LFB4:
 258:Generated_Source\PSoC5/HCSR04.c ****     #endif /* Disable global enable for the Timer Fixed function block to stop the Timer*/
 259:Generated_Source\PSoC5/HCSR04.c **** }
 260:Generated_Source\PSoC5/HCSR04.c **** 
 261:Generated_Source\PSoC5/HCSR04.c **** 
 262:Generated_Source\PSoC5/HCSR04.c **** /*******************************************************************************
 263:Generated_Source\PSoC5/HCSR04.c **** * Function Name: HCSR04_SetInterruptMode
 264:Generated_Source\PSoC5/HCSR04.c **** ********************************************************************************
 265:Generated_Source\PSoC5/HCSR04.c **** *
 266:Generated_Source\PSoC5/HCSR04.c **** * Summary:
 267:Generated_Source\PSoC5/HCSR04.c **** *  This function selects which of the interrupt inputs may cause an interrupt.
 268:Generated_Source\PSoC5/HCSR04.c **** *  The twosources are caputure and terminal.  One, both or neither may
 269:Generated_Source\PSoC5/HCSR04.c **** *  be selected.
 270:Generated_Source\PSoC5/HCSR04.c **** *
 271:Generated_Source\PSoC5/HCSR04.c **** * Parameters:
 272:Generated_Source\PSoC5/HCSR04.c **** *  interruptMode:   This parameter is used to enable interrups on either/or
 273:Generated_Source\PSoC5/HCSR04.c **** *                   terminal count or capture.
 274:Generated_Source\PSoC5/HCSR04.c **** *
 275:Generated_Source\PSoC5/HCSR04.c **** * Return:
 276:Generated_Source\PSoC5/HCSR04.c **** *  void
 277:Generated_Source\PSoC5/HCSR04.c **** *
 278:Generated_Source\PSoC5/HCSR04.c **** *******************************************************************************/
 279:Generated_Source\PSoC5/HCSR04.c **** void HCSR04_SetInterruptMode(uint8 interruptMode) 
 280:Generated_Source\PSoC5/HCSR04.c **** {
 100              		.loc 1 280 0
 101              		.cfi_startproc
 102              		@ args = 0, pretend = 0, frame = 0
 103              		@ frame_needed = 0, uses_anonymous_args = 0
 104              		@ link register save eliminated.
 105              	.LVL0:
 281:Generated_Source\PSoC5/HCSR04.c ****     HCSR04_STATUS_MASK = interruptMode;
 106              		.loc 1 281 0
 107 0000 014B     		ldr	r3, .L8
 108 0002 1870     		strb	r0, [r3]
 109 0004 7047     		bx	lr
 110              	.L9:
 111 0006 00BF     		.align	2
 112              	.L8:
 113 0008 034F0040 		.word	1073762051
 114              		.cfi_endproc
 115              	.LFE4:
 116              		.size	HCSR04_SetInterruptMode, .-HCSR04_SetInterruptMode
 117              		.section	.text.HCSR04_SoftwareCapture,"ax",%progbits
 118              		.align	2
ARM GAS  C:\Users\Kotori\AppData\Local\Temp\ccjDg87j.s 			page 8


 119              		.global	HCSR04_SoftwareCapture
 120              		.thumb
 121              		.thumb_func
 122              		.type	HCSR04_SoftwareCapture, %function
 123              	HCSR04_SoftwareCapture:
 124              	.LFB5:
 282:Generated_Source\PSoC5/HCSR04.c **** }
 283:Generated_Source\PSoC5/HCSR04.c **** 
 284:Generated_Source\PSoC5/HCSR04.c **** 
 285:Generated_Source\PSoC5/HCSR04.c **** /*******************************************************************************
 286:Generated_Source\PSoC5/HCSR04.c **** * Function Name: HCSR04_SoftwareCapture
 287:Generated_Source\PSoC5/HCSR04.c **** ********************************************************************************
 288:Generated_Source\PSoC5/HCSR04.c **** *
 289:Generated_Source\PSoC5/HCSR04.c **** * Summary:
 290:Generated_Source\PSoC5/HCSR04.c **** *  This function forces a capture independent of the capture signal.
 291:Generated_Source\PSoC5/HCSR04.c **** *
 292:Generated_Source\PSoC5/HCSR04.c **** * Parameters:
 293:Generated_Source\PSoC5/HCSR04.c **** *  void
 294:Generated_Source\PSoC5/HCSR04.c **** *
 295:Generated_Source\PSoC5/HCSR04.c **** * Return:
 296:Generated_Source\PSoC5/HCSR04.c **** *  void
 297:Generated_Source\PSoC5/HCSR04.c **** *
 298:Generated_Source\PSoC5/HCSR04.c **** * Side Effects:
 299:Generated_Source\PSoC5/HCSR04.c **** *  An existing hardware capture could be overwritten.
 300:Generated_Source\PSoC5/HCSR04.c **** *
 301:Generated_Source\PSoC5/HCSR04.c **** *******************************************************************************/
 302:Generated_Source\PSoC5/HCSR04.c **** void HCSR04_SoftwareCapture(void) 
 303:Generated_Source\PSoC5/HCSR04.c **** {
 125              		.loc 1 303 0
 126              		.cfi_startproc
 127              		@ args = 0, pretend = 0, frame = 0
 128              		@ frame_needed = 0, uses_anonymous_args = 0
 129              		@ link register save eliminated.
 304:Generated_Source\PSoC5/HCSR04.c ****     /* Generate a software capture by reading the counter register */
 305:Generated_Source\PSoC5/HCSR04.c ****     #if(HCSR04_UsingFixedFunction)
 306:Generated_Source\PSoC5/HCSR04.c ****         (void)CY_GET_REG16(HCSR04_COUNTER_LSB_PTR);
 130              		.loc 1 306 0
 131 0000 014B     		ldr	r3, .L11
 132 0002 1B88     		ldrh	r3, [r3]
 133 0004 7047     		bx	lr
 134              	.L12:
 135 0006 00BF     		.align	2
 136              	.L11:
 137 0008 064F0040 		.word	1073762054
 138              		.cfi_endproc
 139              	.LFE5:
 140              		.size	HCSR04_SoftwareCapture, .-HCSR04_SoftwareCapture
 141              		.section	.text.HCSR04_ReadStatusRegister,"ax",%progbits
 142              		.align	2
 143              		.global	HCSR04_ReadStatusRegister
 144              		.thumb
 145              		.thumb_func
 146              		.type	HCSR04_ReadStatusRegister, %function
 147              	HCSR04_ReadStatusRegister:
 148              	.LFB6:
 307:Generated_Source\PSoC5/HCSR04.c ****     #else
 308:Generated_Source\PSoC5/HCSR04.c ****         (void)CY_GET_REG8(HCSR04_COUNTER_LSB_PTR_8BIT);
ARM GAS  C:\Users\Kotori\AppData\Local\Temp\ccjDg87j.s 			page 9


 309:Generated_Source\PSoC5/HCSR04.c ****     #endif/* (HCSR04_UsingFixedFunction) */
 310:Generated_Source\PSoC5/HCSR04.c ****     /* Capture Data is now in the FIFO */
 311:Generated_Source\PSoC5/HCSR04.c **** }
 312:Generated_Source\PSoC5/HCSR04.c **** 
 313:Generated_Source\PSoC5/HCSR04.c **** 
 314:Generated_Source\PSoC5/HCSR04.c **** /*******************************************************************************
 315:Generated_Source\PSoC5/HCSR04.c **** * Function Name: HCSR04_ReadStatusRegister
 316:Generated_Source\PSoC5/HCSR04.c **** ********************************************************************************
 317:Generated_Source\PSoC5/HCSR04.c **** *
 318:Generated_Source\PSoC5/HCSR04.c **** * Summary:
 319:Generated_Source\PSoC5/HCSR04.c **** *  Reads the status register and returns it's state. This function should use
 320:Generated_Source\PSoC5/HCSR04.c **** *  defined types for the bit-field information as the bits in this register may
 321:Generated_Source\PSoC5/HCSR04.c **** *  be permuteable.
 322:Generated_Source\PSoC5/HCSR04.c **** *
 323:Generated_Source\PSoC5/HCSR04.c **** * Parameters:
 324:Generated_Source\PSoC5/HCSR04.c **** *  void
 325:Generated_Source\PSoC5/HCSR04.c **** *
 326:Generated_Source\PSoC5/HCSR04.c **** * Return:
 327:Generated_Source\PSoC5/HCSR04.c **** *  The contents of the status register
 328:Generated_Source\PSoC5/HCSR04.c **** *
 329:Generated_Source\PSoC5/HCSR04.c **** * Side Effects:
 330:Generated_Source\PSoC5/HCSR04.c **** *  Status register bits may be clear on read.
 331:Generated_Source\PSoC5/HCSR04.c **** *
 332:Generated_Source\PSoC5/HCSR04.c **** *******************************************************************************/
 333:Generated_Source\PSoC5/HCSR04.c **** uint8   HCSR04_ReadStatusRegister(void) 
 334:Generated_Source\PSoC5/HCSR04.c **** {
 149              		.loc 1 334 0
 150              		.cfi_startproc
 151              		@ args = 0, pretend = 0, frame = 0
 152              		@ frame_needed = 0, uses_anonymous_args = 0
 153              		@ link register save eliminated.
 335:Generated_Source\PSoC5/HCSR04.c ****     return (HCSR04_STATUS);
 154              		.loc 1 335 0
 155 0000 014B     		ldr	r3, .L14
 156 0002 1878     		ldrb	r0, [r3]	@ zero_extendqisi2
 336:Generated_Source\PSoC5/HCSR04.c **** }
 157              		.loc 1 336 0
 158 0004 7047     		bx	lr
 159              	.L15:
 160 0006 00BF     		.align	2
 161              	.L14:
 162 0008 034F0040 		.word	1073762051
 163              		.cfi_endproc
 164              	.LFE6:
 165              		.size	HCSR04_ReadStatusRegister, .-HCSR04_ReadStatusRegister
 166              		.section	.text.HCSR04_ReadControlRegister,"ax",%progbits
 167              		.align	2
 168              		.global	HCSR04_ReadControlRegister
 169              		.thumb
 170              		.thumb_func
 171              		.type	HCSR04_ReadControlRegister, %function
 172              	HCSR04_ReadControlRegister:
 173              	.LFB7:
 337:Generated_Source\PSoC5/HCSR04.c **** 
 338:Generated_Source\PSoC5/HCSR04.c **** 
 339:Generated_Source\PSoC5/HCSR04.c **** #if (!HCSR04_UDB_CONTROL_REG_REMOVED) /* Remove API if control register is unused */
 340:Generated_Source\PSoC5/HCSR04.c **** 
ARM GAS  C:\Users\Kotori\AppData\Local\Temp\ccjDg87j.s 			page 10


 341:Generated_Source\PSoC5/HCSR04.c **** 
 342:Generated_Source\PSoC5/HCSR04.c **** /*******************************************************************************
 343:Generated_Source\PSoC5/HCSR04.c **** * Function Name: HCSR04_ReadControlRegister
 344:Generated_Source\PSoC5/HCSR04.c **** ********************************************************************************
 345:Generated_Source\PSoC5/HCSR04.c **** *
 346:Generated_Source\PSoC5/HCSR04.c **** * Summary:
 347:Generated_Source\PSoC5/HCSR04.c **** *  Reads the control register and returns it's value.
 348:Generated_Source\PSoC5/HCSR04.c **** *
 349:Generated_Source\PSoC5/HCSR04.c **** * Parameters:
 350:Generated_Source\PSoC5/HCSR04.c **** *  void
 351:Generated_Source\PSoC5/HCSR04.c **** *
 352:Generated_Source\PSoC5/HCSR04.c **** * Return:
 353:Generated_Source\PSoC5/HCSR04.c **** *  The contents of the control register
 354:Generated_Source\PSoC5/HCSR04.c **** *
 355:Generated_Source\PSoC5/HCSR04.c **** *******************************************************************************/
 356:Generated_Source\PSoC5/HCSR04.c **** uint8 HCSR04_ReadControlRegister(void) 
 357:Generated_Source\PSoC5/HCSR04.c **** {
 174              		.loc 1 357 0
 175              		.cfi_startproc
 176              		@ args = 0, pretend = 0, frame = 0
 177              		@ frame_needed = 0, uses_anonymous_args = 0
 178              		@ link register save eliminated.
 358:Generated_Source\PSoC5/HCSR04.c ****     #if (!HCSR04_UDB_CONTROL_REG_REMOVED) 
 359:Generated_Source\PSoC5/HCSR04.c ****         return ((uint8)HCSR04_CONTROL);
 179              		.loc 1 359 0
 180 0000 014B     		ldr	r3, .L17
 181 0002 1878     		ldrb	r0, [r3]	@ zero_extendqisi2
 360:Generated_Source\PSoC5/HCSR04.c ****     #else
 361:Generated_Source\PSoC5/HCSR04.c ****         return (0);
 362:Generated_Source\PSoC5/HCSR04.c ****     #endif /* (!HCSR04_UDB_CONTROL_REG_REMOVED) */
 363:Generated_Source\PSoC5/HCSR04.c **** }
 182              		.loc 1 363 0
 183 0004 7047     		bx	lr
 184              	.L18:
 185 0006 00BF     		.align	2
 186              	.L17:
 187 0008 004F0040 		.word	1073762048
 188              		.cfi_endproc
 189              	.LFE7:
 190              		.size	HCSR04_ReadControlRegister, .-HCSR04_ReadControlRegister
 191              		.section	.text.HCSR04_WriteControlRegister,"ax",%progbits
 192              		.align	2
 193              		.global	HCSR04_WriteControlRegister
 194              		.thumb
 195              		.thumb_func
 196              		.type	HCSR04_WriteControlRegister, %function
 197              	HCSR04_WriteControlRegister:
 198              	.LFB8:
 364:Generated_Source\PSoC5/HCSR04.c **** 
 365:Generated_Source\PSoC5/HCSR04.c **** 
 366:Generated_Source\PSoC5/HCSR04.c **** /*******************************************************************************
 367:Generated_Source\PSoC5/HCSR04.c **** * Function Name: HCSR04_WriteControlRegister
 368:Generated_Source\PSoC5/HCSR04.c **** ********************************************************************************
 369:Generated_Source\PSoC5/HCSR04.c **** *
 370:Generated_Source\PSoC5/HCSR04.c **** * Summary:
 371:Generated_Source\PSoC5/HCSR04.c **** *  Sets the bit-field of the control register.
 372:Generated_Source\PSoC5/HCSR04.c **** *
ARM GAS  C:\Users\Kotori\AppData\Local\Temp\ccjDg87j.s 			page 11


 373:Generated_Source\PSoC5/HCSR04.c **** * Parameters:
 374:Generated_Source\PSoC5/HCSR04.c **** *  control: The contents of the control register
 375:Generated_Source\PSoC5/HCSR04.c **** *
 376:Generated_Source\PSoC5/HCSR04.c **** * Return:
 377:Generated_Source\PSoC5/HCSR04.c **** *
 378:Generated_Source\PSoC5/HCSR04.c **** *******************************************************************************/
 379:Generated_Source\PSoC5/HCSR04.c **** void HCSR04_WriteControlRegister(uint8 control) 
 380:Generated_Source\PSoC5/HCSR04.c **** {
 199              		.loc 1 380 0
 200              		.cfi_startproc
 201              		@ args = 0, pretend = 0, frame = 0
 202              		@ frame_needed = 0, uses_anonymous_args = 0
 203              		@ link register save eliminated.
 204              	.LVL1:
 381:Generated_Source\PSoC5/HCSR04.c ****     #if (!HCSR04_UDB_CONTROL_REG_REMOVED) 
 382:Generated_Source\PSoC5/HCSR04.c ****         HCSR04_CONTROL = control;
 205              		.loc 1 382 0
 206 0000 014B     		ldr	r3, .L20
 207 0002 1870     		strb	r0, [r3]
 208 0004 7047     		bx	lr
 209              	.L21:
 210 0006 00BF     		.align	2
 211              	.L20:
 212 0008 004F0040 		.word	1073762048
 213              		.cfi_endproc
 214              	.LFE8:
 215              		.size	HCSR04_WriteControlRegister, .-HCSR04_WriteControlRegister
 216              		.section	.text.HCSR04_ReadPeriod,"ax",%progbits
 217              		.align	2
 218              		.global	HCSR04_ReadPeriod
 219              		.thumb
 220              		.thumb_func
 221              		.type	HCSR04_ReadPeriod, %function
 222              	HCSR04_ReadPeriod:
 223              	.LFB9:
 383:Generated_Source\PSoC5/HCSR04.c ****     #else
 384:Generated_Source\PSoC5/HCSR04.c ****         control = 0u;
 385:Generated_Source\PSoC5/HCSR04.c ****     #endif /* (!HCSR04_UDB_CONTROL_REG_REMOVED) */
 386:Generated_Source\PSoC5/HCSR04.c **** }
 387:Generated_Source\PSoC5/HCSR04.c **** 
 388:Generated_Source\PSoC5/HCSR04.c **** #endif /* Remove API if control register is unused */
 389:Generated_Source\PSoC5/HCSR04.c **** 
 390:Generated_Source\PSoC5/HCSR04.c **** 
 391:Generated_Source\PSoC5/HCSR04.c **** /*******************************************************************************
 392:Generated_Source\PSoC5/HCSR04.c **** * Function Name: HCSR04_ReadPeriod
 393:Generated_Source\PSoC5/HCSR04.c **** ********************************************************************************
 394:Generated_Source\PSoC5/HCSR04.c **** *
 395:Generated_Source\PSoC5/HCSR04.c **** * Summary:
 396:Generated_Source\PSoC5/HCSR04.c **** *  This function returns the current value of the Period.
 397:Generated_Source\PSoC5/HCSR04.c **** *
 398:Generated_Source\PSoC5/HCSR04.c **** * Parameters:
 399:Generated_Source\PSoC5/HCSR04.c **** *  void
 400:Generated_Source\PSoC5/HCSR04.c **** *
 401:Generated_Source\PSoC5/HCSR04.c **** * Return:
 402:Generated_Source\PSoC5/HCSR04.c **** *  The present value of the counter.
 403:Generated_Source\PSoC5/HCSR04.c **** *
 404:Generated_Source\PSoC5/HCSR04.c **** *******************************************************************************/
ARM GAS  C:\Users\Kotori\AppData\Local\Temp\ccjDg87j.s 			page 12


 405:Generated_Source\PSoC5/HCSR04.c **** uint16 HCSR04_ReadPeriod(void) 
 406:Generated_Source\PSoC5/HCSR04.c **** {
 224              		.loc 1 406 0
 225              		.cfi_startproc
 226              		@ args = 0, pretend = 0, frame = 0
 227              		@ frame_needed = 0, uses_anonymous_args = 0
 228              		@ link register save eliminated.
 407:Generated_Source\PSoC5/HCSR04.c ****    #if(HCSR04_UsingFixedFunction)
 408:Generated_Source\PSoC5/HCSR04.c ****        return ((uint16)CY_GET_REG16(HCSR04_PERIOD_LSB_PTR));
 229              		.loc 1 408 0
 230 0000 014B     		ldr	r3, .L23
 231 0002 1888     		ldrh	r0, [r3]
 409:Generated_Source\PSoC5/HCSR04.c ****    #else
 410:Generated_Source\PSoC5/HCSR04.c ****        return (CY_GET_REG16(HCSR04_PERIOD_LSB_PTR));
 411:Generated_Source\PSoC5/HCSR04.c ****    #endif /* (HCSR04_UsingFixedFunction) */
 412:Generated_Source\PSoC5/HCSR04.c **** }
 232              		.loc 1 412 0
 233 0004 80B2     		uxth	r0, r0
 234 0006 7047     		bx	lr
 235              	.L24:
 236              		.align	2
 237              	.L23:
 238 0008 044F0040 		.word	1073762052
 239              		.cfi_endproc
 240              	.LFE9:
 241              		.size	HCSR04_ReadPeriod, .-HCSR04_ReadPeriod
 242              		.section	.text.HCSR04_WritePeriod,"ax",%progbits
 243              		.align	2
 244              		.global	HCSR04_WritePeriod
 245              		.thumb
 246              		.thumb_func
 247              		.type	HCSR04_WritePeriod, %function
 248              	HCSR04_WritePeriod:
 249              	.LFB10:
 413:Generated_Source\PSoC5/HCSR04.c **** 
 414:Generated_Source\PSoC5/HCSR04.c **** 
 415:Generated_Source\PSoC5/HCSR04.c **** /*******************************************************************************
 416:Generated_Source\PSoC5/HCSR04.c **** * Function Name: HCSR04_WritePeriod
 417:Generated_Source\PSoC5/HCSR04.c **** ********************************************************************************
 418:Generated_Source\PSoC5/HCSR04.c **** *
 419:Generated_Source\PSoC5/HCSR04.c **** * Summary:
 420:Generated_Source\PSoC5/HCSR04.c **** *  This function is used to change the period of the counter.  The new period
 421:Generated_Source\PSoC5/HCSR04.c **** *  will be loaded the next time terminal count is detected.
 422:Generated_Source\PSoC5/HCSR04.c **** *
 423:Generated_Source\PSoC5/HCSR04.c **** * Parameters:
 424:Generated_Source\PSoC5/HCSR04.c **** *  period: This value may be between 1 and (2^Resolution)-1.  A value of 0 will
 425:Generated_Source\PSoC5/HCSR04.c **** *          result in the counter remaining at zero.
 426:Generated_Source\PSoC5/HCSR04.c **** *
 427:Generated_Source\PSoC5/HCSR04.c **** * Return:
 428:Generated_Source\PSoC5/HCSR04.c **** *  void
 429:Generated_Source\PSoC5/HCSR04.c **** *
 430:Generated_Source\PSoC5/HCSR04.c **** *******************************************************************************/
 431:Generated_Source\PSoC5/HCSR04.c **** void HCSR04_WritePeriod(uint16 period) 
 432:Generated_Source\PSoC5/HCSR04.c **** {
 250              		.loc 1 432 0
 251              		.cfi_startproc
 252              		@ args = 0, pretend = 0, frame = 0
ARM GAS  C:\Users\Kotori\AppData\Local\Temp\ccjDg87j.s 			page 13


 253              		@ frame_needed = 0, uses_anonymous_args = 0
 254              		@ link register save eliminated.
 255              	.LVL2:
 433:Generated_Source\PSoC5/HCSR04.c ****     #if(HCSR04_UsingFixedFunction)
 434:Generated_Source\PSoC5/HCSR04.c ****         uint16 period_temp = (uint16)period;
 435:Generated_Source\PSoC5/HCSR04.c ****         CY_SET_REG16(HCSR04_PERIOD_LSB_PTR, period_temp);
 256              		.loc 1 435 0
 257 0000 014B     		ldr	r3, .L26
 258 0002 1880     		strh	r0, [r3]	@ movhi
 259 0004 7047     		bx	lr
 260              	.L27:
 261 0006 00BF     		.align	2
 262              	.L26:
 263 0008 044F0040 		.word	1073762052
 264              		.cfi_endproc
 265              	.LFE10:
 266              		.size	HCSR04_WritePeriod, .-HCSR04_WritePeriod
 267              		.section	.text.HCSR04_ReadCapture,"ax",%progbits
 268              		.align	2
 269              		.global	HCSR04_ReadCapture
 270              		.thumb
 271              		.thumb_func
 272              		.type	HCSR04_ReadCapture, %function
 273              	HCSR04_ReadCapture:
 274              	.LFB11:
 436:Generated_Source\PSoC5/HCSR04.c ****     #else
 437:Generated_Source\PSoC5/HCSR04.c ****         CY_SET_REG16(HCSR04_PERIOD_LSB_PTR, period);
 438:Generated_Source\PSoC5/HCSR04.c ****     #endif /*Write Period value with appropriate resolution suffix depending on UDB or fixed functi
 439:Generated_Source\PSoC5/HCSR04.c **** }
 440:Generated_Source\PSoC5/HCSR04.c **** 
 441:Generated_Source\PSoC5/HCSR04.c **** 
 442:Generated_Source\PSoC5/HCSR04.c **** /*******************************************************************************
 443:Generated_Source\PSoC5/HCSR04.c **** * Function Name: HCSR04_ReadCapture
 444:Generated_Source\PSoC5/HCSR04.c **** ********************************************************************************
 445:Generated_Source\PSoC5/HCSR04.c **** *
 446:Generated_Source\PSoC5/HCSR04.c **** * Summary:
 447:Generated_Source\PSoC5/HCSR04.c **** *  This function returns the last value captured.
 448:Generated_Source\PSoC5/HCSR04.c **** *
 449:Generated_Source\PSoC5/HCSR04.c **** * Parameters:
 450:Generated_Source\PSoC5/HCSR04.c **** *  void
 451:Generated_Source\PSoC5/HCSR04.c **** *
 452:Generated_Source\PSoC5/HCSR04.c **** * Return:
 453:Generated_Source\PSoC5/HCSR04.c **** *  Present Capture value.
 454:Generated_Source\PSoC5/HCSR04.c **** *
 455:Generated_Source\PSoC5/HCSR04.c **** *******************************************************************************/
 456:Generated_Source\PSoC5/HCSR04.c **** uint16 HCSR04_ReadCapture(void) 
 457:Generated_Source\PSoC5/HCSR04.c **** {
 275              		.loc 1 457 0
 276              		.cfi_startproc
 277              		@ args = 0, pretend = 0, frame = 0
 278              		@ frame_needed = 0, uses_anonymous_args = 0
 279              		@ link register save eliminated.
 458:Generated_Source\PSoC5/HCSR04.c ****    #if(HCSR04_UsingFixedFunction)
 459:Generated_Source\PSoC5/HCSR04.c ****        return ((uint16)CY_GET_REG16(HCSR04_CAPTURE_LSB_PTR));
 280              		.loc 1 459 0
 281 0000 014B     		ldr	r3, .L29
 282 0002 1888     		ldrh	r0, [r3]
ARM GAS  C:\Users\Kotori\AppData\Local\Temp\ccjDg87j.s 			page 14


 460:Generated_Source\PSoC5/HCSR04.c ****    #else
 461:Generated_Source\PSoC5/HCSR04.c ****        return (CY_GET_REG16(HCSR04_CAPTURE_LSB_PTR));
 462:Generated_Source\PSoC5/HCSR04.c ****    #endif /* (HCSR04_UsingFixedFunction) */
 463:Generated_Source\PSoC5/HCSR04.c **** }
 283              		.loc 1 463 0
 284 0004 80B2     		uxth	r0, r0
 285 0006 7047     		bx	lr
 286              	.L30:
 287              		.align	2
 288              	.L29:
 289 0008 084F0040 		.word	1073762056
 290              		.cfi_endproc
 291              	.LFE11:
 292              		.size	HCSR04_ReadCapture, .-HCSR04_ReadCapture
 293              		.section	.text.HCSR04_WriteCounter,"ax",%progbits
 294              		.align	2
 295              		.global	HCSR04_WriteCounter
 296              		.thumb
 297              		.thumb_func
 298              		.type	HCSR04_WriteCounter, %function
 299              	HCSR04_WriteCounter:
 300              	.LFB12:
 464:Generated_Source\PSoC5/HCSR04.c **** 
 465:Generated_Source\PSoC5/HCSR04.c **** 
 466:Generated_Source\PSoC5/HCSR04.c **** /*******************************************************************************
 467:Generated_Source\PSoC5/HCSR04.c **** * Function Name: HCSR04_WriteCounter
 468:Generated_Source\PSoC5/HCSR04.c **** ********************************************************************************
 469:Generated_Source\PSoC5/HCSR04.c **** *
 470:Generated_Source\PSoC5/HCSR04.c **** * Summary:
 471:Generated_Source\PSoC5/HCSR04.c **** *  This funtion is used to set the counter to a specific value
 472:Generated_Source\PSoC5/HCSR04.c **** *
 473:Generated_Source\PSoC5/HCSR04.c **** * Parameters:
 474:Generated_Source\PSoC5/HCSR04.c **** *  counter:  New counter value.
 475:Generated_Source\PSoC5/HCSR04.c **** *
 476:Generated_Source\PSoC5/HCSR04.c **** * Return:
 477:Generated_Source\PSoC5/HCSR04.c **** *  void
 478:Generated_Source\PSoC5/HCSR04.c **** *
 479:Generated_Source\PSoC5/HCSR04.c **** *******************************************************************************/
 480:Generated_Source\PSoC5/HCSR04.c **** void HCSR04_WriteCounter(uint16 counter) 
 481:Generated_Source\PSoC5/HCSR04.c **** {
 301              		.loc 1 481 0
 302              		.cfi_startproc
 303              		@ args = 0, pretend = 0, frame = 0
 304              		@ frame_needed = 0, uses_anonymous_args = 0
 305              		@ link register save eliminated.
 306              	.LVL3:
 482:Generated_Source\PSoC5/HCSR04.c ****    #if(HCSR04_UsingFixedFunction)
 483:Generated_Source\PSoC5/HCSR04.c ****         /* This functionality is removed until a FixedFunction HW update to
 484:Generated_Source\PSoC5/HCSR04.c ****          * allow this register to be written
 485:Generated_Source\PSoC5/HCSR04.c ****          */
 486:Generated_Source\PSoC5/HCSR04.c ****         CY_SET_REG16(HCSR04_COUNTER_LSB_PTR, (uint16)counter);
 307              		.loc 1 486 0
 308 0000 014B     		ldr	r3, .L32
 309 0002 1880     		strh	r0, [r3]	@ movhi
 310 0004 7047     		bx	lr
 311              	.L33:
 312 0006 00BF     		.align	2
ARM GAS  C:\Users\Kotori\AppData\Local\Temp\ccjDg87j.s 			page 15


 313              	.L32:
 314 0008 064F0040 		.word	1073762054
 315              		.cfi_endproc
 316              	.LFE12:
 317              		.size	HCSR04_WriteCounter, .-HCSR04_WriteCounter
 318              		.section	.text.HCSR04_Init,"ax",%progbits
 319              		.align	2
 320              		.global	HCSR04_Init
 321              		.thumb
 322              		.thumb_func
 323              		.type	HCSR04_Init, %function
 324              	HCSR04_Init:
 325              	.LFB0:
  44:Generated_Source\PSoC5/HCSR04.c ****     #if(!HCSR04_UsingFixedFunction)
 326              		.loc 1 44 0
 327              		.cfi_startproc
 328              		@ args = 0, pretend = 0, frame = 0
 329              		@ frame_needed = 0, uses_anonymous_args = 0
 330 0000 08B5     		push	{r3, lr}
 331              		.cfi_def_cfa_offset 8
 332              		.cfi_offset 3, -8
 333              		.cfi_offset 14, -4
  52:Generated_Source\PSoC5/HCSR04.c **** 
 334              		.loc 1 52 0
 335 0002 1F4A     		ldr	r2, .L36
 336 0004 1378     		ldrb	r3, [r2]	@ zero_extendqisi2
 337 0006 03F00103 		and	r3, r3, #1
 338 000a 1370     		strb	r3, [r2]
  60:Generated_Source\PSoC5/HCSR04.c ****         #endif /* CONTROL3 register exists only in PSoC3 OR PSoC5LP */
 339              		.loc 1 60 0
 340 000c 1D4B     		ldr	r3, .L36+4
 341 000e 1A78     		ldrb	r2, [r3]	@ zero_extendqisi2
 342 0010 02F0FC02 		and	r2, r2, #252
 343 0014 1A70     		strb	r2, [r3]
  92:Generated_Source\PSoC5/HCSR04.c ****                 HCSR04_CONTROL3 |= HCSR04_CTRL_RCOD;
 344              		.loc 1 92 0
 345 0016 1A78     		ldrb	r2, [r3]	@ zero_extendqisi2
 346 0018 02F0F302 		and	r2, r2, #243
 347 001c 1A70     		strb	r2, [r3]
  93:Generated_Source\PSoC5/HCSR04.c **** 
 348              		.loc 1 93 0
 349 001e 1A78     		ldrb	r2, [r3]	@ zero_extendqisi2
 350 0020 42F00C02 		orr	r2, r2, #12
 351 0024 1A70     		strb	r2, [r3]
  96:Generated_Source\PSoC5/HCSR04.c ****                 HCSR04_CONTROL3 |= HCSR04_CTRL_ENBL;
 352              		.loc 1 96 0
 353 0026 1A78     		ldrb	r2, [r3]	@ zero_extendqisi2
 354 0028 02F07F02 		and	r2, r2, #127
 355 002c 1A70     		strb	r2, [r3]
  97:Generated_Source\PSoC5/HCSR04.c **** 
 356              		.loc 1 97 0
 357 002e 1A78     		ldrb	r2, [r3]	@ zero_extendqisi2
 358 0030 42F08002 		orr	r2, r2, #128
 359 0034 1A70     		strb	r2, [r3]
 100:Generated_Source\PSoC5/HCSR04.c ****             #endif /* Set Continuous Run Mode in CONTROL3 for PSoC3ES3 or PSoC5A */
 360              		.loc 1 100 0
 361 0036 1A78     		ldrb	r2, [r3]	@ zero_extendqisi2
ARM GAS  C:\Users\Kotori\AppData\Local\Temp\ccjDg87j.s 			page 16


 362 0038 D2B2     		uxtb	r2, r2
 363 003a 1A70     		strb	r2, [r3]
 106:Generated_Source\PSoC5/HCSR04.c ****         HCSR04_RT1 |= HCSR04_SYNC;
 364              		.loc 1 106 0
 365 003c 0933     		adds	r3, r3, #9
 366 003e 1A78     		ldrb	r2, [r3]	@ zero_extendqisi2
 367 0040 02F0CF02 		and	r2, r2, #207
 368 0044 1A70     		strb	r2, [r3]
 107:Generated_Source\PSoC5/HCSR04.c **** 
 369              		.loc 1 107 0
 370 0046 1A78     		ldrb	r2, [r3]	@ zero_extendqisi2
 371 0048 42F03002 		orr	r2, r2, #48
 372 004c 1A70     		strb	r2, [r3]
 110:Generated_Source\PSoC5/HCSR04.c ****         HCSR04_RT1 |= HCSR04_SYNCDSI_EN;
 373              		.loc 1 110 0
 374 004e 1A78     		ldrb	r2, [r3]	@ zero_extendqisi2
 375 0050 02F0F002 		and	r2, r2, #240
 376 0054 1A70     		strb	r2, [r3]
 111:Generated_Source\PSoC5/HCSR04.c **** 
 377              		.loc 1 111 0
 378 0056 1A78     		ldrb	r2, [r3]	@ zero_extendqisi2
 379 0058 42F00F02 		orr	r2, r2, #15
 380 005c 1A70     		strb	r2, [r3]
 114:Generated_Source\PSoC5/HCSR04.c ****     #endif /* Configuring registers of fixed function implementation */
 381              		.loc 1 114 0
 382 005e 0A4A     		ldr	r2, .L36+8
 383 0060 1378     		ldrb	r3, [r2]	@ zero_extendqisi2
 384 0062 43F00103 		orr	r3, r3, #1
 385 0066 1370     		strb	r3, [r2]
 118:Generated_Source\PSoC5/HCSR04.c ****     HCSR04_WriteCounter(HCSR04_INIT_PERIOD);
 386              		.loc 1 118 0
 387 0068 4FF6FF70 		movw	r0, #65535
 388 006c FFF7FEFF 		bl	HCSR04_WritePeriod
 389              	.LVL4:
 119:Generated_Source\PSoC5/HCSR04.c **** 
 390              		.loc 1 119 0
 391 0070 4FF6FF70 		movw	r0, #65535
 392 0074 FFF7FEFF 		bl	HCSR04_WriteCounter
 393              	.LVL5:
 162:Generated_Source\PSoC5/HCSR04.c **** }
 394              		.loc 1 162 0
 395 0078 0020     		movs	r0, #0
 396 007a FFF7FEFF 		bl	HCSR04_SetInterruptMode
 397              	.LVL6:
 398 007e 08BD     		pop	{r3, pc}
 399              	.L37:
 400              		.align	2
 401              	.L36:
 402 0080 004F0040 		.word	1073762048
 403 0084 024F0040 		.word	1073762050
 404 0088 014F0040 		.word	1073762049
 405              		.cfi_endproc
 406              	.LFE0:
 407              		.size	HCSR04_Init, .-HCSR04_Init
 408              		.section	.text.HCSR04_Start,"ax",%progbits
 409              		.align	2
 410              		.global	HCSR04_Start
ARM GAS  C:\Users\Kotori\AppData\Local\Temp\ccjDg87j.s 			page 17


 411              		.thumb
 412              		.thumb_func
 413              		.type	HCSR04_Start, %function
 414              	HCSR04_Start:
 415              	.LFB2:
 216:Generated_Source\PSoC5/HCSR04.c ****     if(HCSR04_initVar == 0u)
 416              		.loc 1 216 0
 417              		.cfi_startproc
 418              		@ args = 0, pretend = 0, frame = 0
 419              		@ frame_needed = 0, uses_anonymous_args = 0
 420 0000 08B5     		push	{r3, lr}
 421              		.cfi_def_cfa_offset 8
 422              		.cfi_offset 3, -8
 423              		.cfi_offset 14, -4
 217:Generated_Source\PSoC5/HCSR04.c ****     {
 424              		.loc 1 217 0
 425 0002 054B     		ldr	r3, .L41
 426 0004 1B78     		ldrb	r3, [r3]	@ zero_extendqisi2
 427 0006 23B9     		cbnz	r3, .L39
 219:Generated_Source\PSoC5/HCSR04.c **** 
 428              		.loc 1 219 0
 429 0008 FFF7FEFF 		bl	HCSR04_Init
 430              	.LVL7:
 221:Generated_Source\PSoC5/HCSR04.c ****     }
 431              		.loc 1 221 0
 432 000c 0122     		movs	r2, #1
 433 000e 024B     		ldr	r3, .L41
 434 0010 1A70     		strb	r2, [r3]
 435              	.L39:
 225:Generated_Source\PSoC5/HCSR04.c **** }
 436              		.loc 1 225 0
 437 0012 FFF7FEFF 		bl	HCSR04_Enable
 438              	.LVL8:
 439 0016 08BD     		pop	{r3, pc}
 440              	.L42:
 441              		.align	2
 442              	.L41:
 443 0018 00000000 		.word	.LANCHOR0
 444              		.cfi_endproc
 445              	.LFE2:
 446              		.size	HCSR04_Start, .-HCSR04_Start
 447              		.section	.text.HCSR04_ReadCounter,"ax",%progbits
 448              		.align	2
 449              		.global	HCSR04_ReadCounter
 450              		.thumb
 451              		.thumb_func
 452              		.type	HCSR04_ReadCounter, %function
 453              	HCSR04_ReadCounter:
 454              	.LFB13:
 487:Generated_Source\PSoC5/HCSR04.c ****         
 488:Generated_Source\PSoC5/HCSR04.c ****     #else
 489:Generated_Source\PSoC5/HCSR04.c ****         CY_SET_REG16(HCSR04_COUNTER_LSB_PTR, counter);
 490:Generated_Source\PSoC5/HCSR04.c ****     #endif /* Set Write Counter only for the UDB implementation (Write Counter not available in fix
 491:Generated_Source\PSoC5/HCSR04.c **** }
 492:Generated_Source\PSoC5/HCSR04.c **** 
 493:Generated_Source\PSoC5/HCSR04.c **** 
 494:Generated_Source\PSoC5/HCSR04.c **** /*******************************************************************************
ARM GAS  C:\Users\Kotori\AppData\Local\Temp\ccjDg87j.s 			page 18


 495:Generated_Source\PSoC5/HCSR04.c **** * Function Name: HCSR04_ReadCounter
 496:Generated_Source\PSoC5/HCSR04.c **** ********************************************************************************
 497:Generated_Source\PSoC5/HCSR04.c **** *
 498:Generated_Source\PSoC5/HCSR04.c **** * Summary:
 499:Generated_Source\PSoC5/HCSR04.c **** *  This function returns the current counter value.
 500:Generated_Source\PSoC5/HCSR04.c **** *
 501:Generated_Source\PSoC5/HCSR04.c **** * Parameters:
 502:Generated_Source\PSoC5/HCSR04.c **** *  void
 503:Generated_Source\PSoC5/HCSR04.c **** *
 504:Generated_Source\PSoC5/HCSR04.c **** * Return:
 505:Generated_Source\PSoC5/HCSR04.c **** *  Present compare value.
 506:Generated_Source\PSoC5/HCSR04.c **** *
 507:Generated_Source\PSoC5/HCSR04.c **** *******************************************************************************/
 508:Generated_Source\PSoC5/HCSR04.c **** uint16 HCSR04_ReadCounter(void) 
 509:Generated_Source\PSoC5/HCSR04.c **** {
 455              		.loc 1 509 0
 456              		.cfi_startproc
 457              		@ args = 0, pretend = 0, frame = 0
 458              		@ frame_needed = 0, uses_anonymous_args = 0
 459              		@ link register save eliminated.
 510:Generated_Source\PSoC5/HCSR04.c ****     /* Force capture by reading Accumulator */
 511:Generated_Source\PSoC5/HCSR04.c ****     /* Must first do a software capture to be able to read the counter */
 512:Generated_Source\PSoC5/HCSR04.c ****     /* It is up to the user code to make sure there isn't already captured data in the FIFO */
 513:Generated_Source\PSoC5/HCSR04.c ****     #if(HCSR04_UsingFixedFunction)
 514:Generated_Source\PSoC5/HCSR04.c ****         (void)CY_GET_REG16(HCSR04_COUNTER_LSB_PTR);
 460              		.loc 1 514 0
 461 0000 024B     		ldr	r3, .L44
 462 0002 1B88     		ldrh	r3, [r3]
 515:Generated_Source\PSoC5/HCSR04.c ****     #else
 516:Generated_Source\PSoC5/HCSR04.c ****         (void)CY_GET_REG8(HCSR04_COUNTER_LSB_PTR_8BIT);
 517:Generated_Source\PSoC5/HCSR04.c ****     #endif/* (HCSR04_UsingFixedFunction) */
 518:Generated_Source\PSoC5/HCSR04.c **** 
 519:Generated_Source\PSoC5/HCSR04.c ****     /* Read the data from the FIFO (or capture register for Fixed Function)*/
 520:Generated_Source\PSoC5/HCSR04.c ****     #if(HCSR04_UsingFixedFunction)
 521:Generated_Source\PSoC5/HCSR04.c ****         return ((uint16)CY_GET_REG16(HCSR04_CAPTURE_LSB_PTR));
 463              		.loc 1 521 0
 464 0004 024B     		ldr	r3, .L44+4
 465 0006 1888     		ldrh	r0, [r3]
 522:Generated_Source\PSoC5/HCSR04.c ****     #else
 523:Generated_Source\PSoC5/HCSR04.c ****         return (CY_GET_REG16(HCSR04_CAPTURE_LSB_PTR));
 524:Generated_Source\PSoC5/HCSR04.c ****     #endif /* (HCSR04_UsingFixedFunction) */
 525:Generated_Source\PSoC5/HCSR04.c **** }
 466              		.loc 1 525 0
 467 0008 80B2     		uxth	r0, r0
 468 000a 7047     		bx	lr
 469              	.L45:
 470              		.align	2
 471              	.L44:
 472 000c 064F0040 		.word	1073762054
 473 0010 084F0040 		.word	1073762056
 474              		.cfi_endproc
 475              	.LFE13:
 476              		.size	HCSR04_ReadCounter, .-HCSR04_ReadCounter
 477              		.global	HCSR04_initVar
 478              		.bss
 479              		.set	.LANCHOR0,. + 0
 480              		.type	HCSR04_initVar, %object
ARM GAS  C:\Users\Kotori\AppData\Local\Temp\ccjDg87j.s 			page 19


 481              		.size	HCSR04_initVar, 1
 482              	HCSR04_initVar:
 483 0000 00       		.space	1
 484              		.text
 485              	.Letext0:
 486              		.file 2 "Generated_Source\\PSoC5\\cytypes.h"
 487              		.section	.debug_info,"",%progbits
 488              	.Ldebug_info0:
 489 0000 8F020000 		.4byte	0x28f
 490 0004 0400     		.2byte	0x4
 491 0006 00000000 		.4byte	.Ldebug_abbrev0
 492 000a 04       		.byte	0x4
 493 000b 01       		.uleb128 0x1
 494 000c B9000000 		.4byte	.LASF36
 495 0010 0C       		.byte	0xc
 496 0011 22000000 		.4byte	.LASF37
 497 0015 BD010000 		.4byte	.LASF38
 498 0019 00000000 		.4byte	.Ldebug_ranges0+0
 499 001d 00000000 		.4byte	0
 500 0021 00000000 		.4byte	.Ldebug_line0
 501 0025 02       		.uleb128 0x2
 502 0026 01       		.byte	0x1
 503 0027 06       		.byte	0x6
 504 0028 00030000 		.4byte	.LASF0
 505 002c 02       		.uleb128 0x2
 506 002d 01       		.byte	0x1
 507 002e 08       		.byte	0x8
 508 002f AB000000 		.4byte	.LASF1
 509 0033 02       		.uleb128 0x2
 510 0034 02       		.byte	0x2
 511 0035 05       		.byte	0x5
 512 0036 AB020000 		.4byte	.LASF2
 513 003a 02       		.uleb128 0x2
 514 003b 02       		.byte	0x2
 515 003c 07       		.byte	0x7
 516 003d 6B000000 		.4byte	.LASF3
 517 0041 02       		.uleb128 0x2
 518 0042 04       		.byte	0x4
 519 0043 05       		.byte	0x5
 520 0044 E6020000 		.4byte	.LASF4
 521 0048 02       		.uleb128 0x2
 522 0049 04       		.byte	0x4
 523 004a 07       		.byte	0x7
 524 004b 5E010000 		.4byte	.LASF5
 525 004f 02       		.uleb128 0x2
 526 0050 08       		.byte	0x8
 527 0051 05       		.byte	0x5
 528 0052 8F020000 		.4byte	.LASF6
 529 0056 02       		.uleb128 0x2
 530 0057 08       		.byte	0x8
 531 0058 07       		.byte	0x7
 532 0059 34020000 		.4byte	.LASF7
 533 005d 03       		.uleb128 0x3
 534 005e 04       		.byte	0x4
 535 005f 05       		.byte	0x5
 536 0060 696E7400 		.ascii	"int\000"
 537 0064 02       		.uleb128 0x2
ARM GAS  C:\Users\Kotori\AppData\Local\Temp\ccjDg87j.s 			page 20


 538 0065 04       		.byte	0x4
 539 0066 07       		.byte	0x7
 540 0067 27020000 		.4byte	.LASF8
 541 006b 04       		.uleb128 0x4
 542 006c 70010000 		.4byte	.LASF9
 543 0070 02       		.byte	0x2
 544 0071 E401     		.2byte	0x1e4
 545 0073 2C000000 		.4byte	0x2c
 546 0077 04       		.uleb128 0x4
 547 0078 9C010000 		.4byte	.LASF10
 548 007c 02       		.byte	0x2
 549 007d E501     		.2byte	0x1e5
 550 007f 3A000000 		.4byte	0x3a
 551 0083 02       		.uleb128 0x2
 552 0084 04       		.byte	0x4
 553 0085 04       		.byte	0x4
 554 0086 91000000 		.4byte	.LASF11
 555 008a 02       		.uleb128 0x2
 556 008b 08       		.byte	0x8
 557 008c 04       		.byte	0x4
 558 008d 95010000 		.4byte	.LASF12
 559 0091 02       		.uleb128 0x2
 560 0092 01       		.byte	0x1
 561 0093 08       		.byte	0x8
 562 0094 EF020000 		.4byte	.LASF13
 563 0098 04       		.uleb128 0x4
 564 0099 47010000 		.4byte	.LASF14
 565 009d 02       		.byte	0x2
 566 009e 8E02     		.2byte	0x28e
 567 00a0 A4000000 		.4byte	0xa4
 568 00a4 05       		.uleb128 0x5
 569 00a5 6B000000 		.4byte	0x6b
 570 00a9 04       		.uleb128 0x4
 571 00aa 00000000 		.4byte	.LASF15
 572 00ae 02       		.byte	0x2
 573 00af 8F02     		.2byte	0x28f
 574 00b1 B5000000 		.4byte	0xb5
 575 00b5 05       		.uleb128 0x5
 576 00b6 77000000 		.4byte	0x77
 577 00ba 02       		.uleb128 0x2
 578 00bb 08       		.byte	0x8
 579 00bc 04       		.byte	0x4
 580 00bd F4020000 		.4byte	.LASF16
 581 00c1 02       		.uleb128 0x2
 582 00c2 04       		.byte	0x4
 583 00c3 07       		.byte	0x7
 584 00c4 86020000 		.4byte	.LASF17
 585 00c8 06       		.uleb128 0x6
 586 00c9 0C030000 		.4byte	.LASF18
 587 00cd 01       		.byte	0x1
 588 00ce B4       		.byte	0xb4
 589 00cf 00000000 		.4byte	.LFB1
 590 00d3 28000000 		.4byte	.LFE1-.LFB1
 591 00d7 01       		.uleb128 0x1
 592 00d8 9C       		.byte	0x9c
 593 00d9 06       		.uleb128 0x6
 594 00da DA020000 		.4byte	.LASF19
ARM GAS  C:\Users\Kotori\AppData\Local\Temp\ccjDg87j.s 			page 21


 595 00de 01       		.byte	0x1
 596 00df F7       		.byte	0xf7
 597 00e0 00000000 		.4byte	.LFB3
 598 00e4 28000000 		.4byte	.LFE3-.LFB3
 599 00e8 01       		.uleb128 0x1
 600 00e9 9C       		.byte	0x9c
 601 00ea 07       		.uleb128 0x7
 602 00eb B5020000 		.4byte	.LASF23
 603 00ef 01       		.byte	0x1
 604 00f0 1701     		.2byte	0x117
 605 00f2 00000000 		.4byte	.LFB4
 606 00f6 0C000000 		.4byte	.LFE4-.LFB4
 607 00fa 01       		.uleb128 0x1
 608 00fb 9C       		.byte	0x9c
 609 00fc 0F010000 		.4byte	0x10f
 610 0100 08       		.uleb128 0x8
 611 0101 9D020000 		.4byte	.LASF25
 612 0105 01       		.byte	0x1
 613 0106 1701     		.2byte	0x117
 614 0108 6B000000 		.4byte	0x6b
 615 010c 01       		.uleb128 0x1
 616 010d 50       		.byte	0x50
 617 010e 00       		.byte	0
 618 010f 09       		.uleb128 0x9
 619 0110 7E010000 		.4byte	.LASF20
 620 0114 01       		.byte	0x1
 621 0115 2E01     		.2byte	0x12e
 622 0117 00000000 		.4byte	.LFB5
 623 011b 0C000000 		.4byte	.LFE5-.LFB5
 624 011f 01       		.uleb128 0x1
 625 0120 9C       		.byte	0x9c
 626 0121 0A       		.uleb128 0xa
 627 0122 A3010000 		.4byte	.LASF21
 628 0126 01       		.byte	0x1
 629 0127 4D01     		.2byte	0x14d
 630 0129 6B000000 		.4byte	0x6b
 631 012d 00000000 		.4byte	.LFB6
 632 0131 0C000000 		.4byte	.LFE6-.LFB6
 633 0135 01       		.uleb128 0x1
 634 0136 9C       		.byte	0x9c
 635 0137 0A       		.uleb128 0xa
 636 0138 6B020000 		.4byte	.LASF22
 637 013c 01       		.byte	0x1
 638 013d 6401     		.2byte	0x164
 639 013f 6B000000 		.4byte	0x6b
 640 0143 00000000 		.4byte	.LFB7
 641 0147 0C000000 		.4byte	.LFE7-.LFB7
 642 014b 01       		.uleb128 0x1
 643 014c 9C       		.byte	0x9c
 644 014d 07       		.uleb128 0x7
 645 014e 06000000 		.4byte	.LASF24
 646 0152 01       		.byte	0x1
 647 0153 7B01     		.2byte	0x17b
 648 0155 00000000 		.4byte	.LFB8
 649 0159 0C000000 		.4byte	.LFE8-.LFB8
 650 015d 01       		.uleb128 0x1
 651 015e 9C       		.byte	0x9c
ARM GAS  C:\Users\Kotori\AppData\Local\Temp\ccjDg87j.s 			page 22


 652 015f 72010000 		.4byte	0x172
 653 0163 08       		.uleb128 0x8
 654 0164 76010000 		.4byte	.LASF26
 655 0168 01       		.byte	0x1
 656 0169 7B01     		.2byte	0x17b
 657 016b 6B000000 		.4byte	0x6b
 658 016f 01       		.uleb128 0x1
 659 0170 50       		.byte	0x50
 660 0171 00       		.byte	0
 661 0172 0A       		.uleb128 0xa
 662 0173 4C010000 		.4byte	.LASF27
 663 0177 01       		.byte	0x1
 664 0178 9501     		.2byte	0x195
 665 017a 77000000 		.4byte	0x77
 666 017e 00000000 		.4byte	.LFB9
 667 0182 0C000000 		.4byte	.LFE9-.LFB9
 668 0186 01       		.uleb128 0x1
 669 0187 9C       		.byte	0x9c
 670 0188 07       		.uleb128 0x7
 671 0189 14020000 		.4byte	.LASF28
 672 018d 01       		.byte	0x1
 673 018e AF01     		.2byte	0x1af
 674 0190 00000000 		.4byte	.LFB10
 675 0194 0C000000 		.4byte	.LFE10-.LFB10
 676 0198 01       		.uleb128 0x1
 677 0199 9C       		.byte	0x9c
 678 019a BB010000 		.4byte	0x1bb
 679 019e 08       		.uleb128 0x8
 680 019f 64000000 		.4byte	.LASF29
 681 01a3 01       		.byte	0x1
 682 01a4 AF01     		.2byte	0x1af
 683 01a6 77000000 		.4byte	0x77
 684 01aa 01       		.uleb128 0x1
 685 01ab 50       		.byte	0x50
 686 01ac 0B       		.uleb128 0xb
 687 01ad 4B020000 		.4byte	.LASF39
 688 01b1 01       		.byte	0x1
 689 01b2 B201     		.2byte	0x1b2
 690 01b4 77000000 		.4byte	0x77
 691 01b8 01       		.uleb128 0x1
 692 01b9 50       		.byte	0x50
 693 01ba 00       		.byte	0
 694 01bb 0A       		.uleb128 0xa
 695 01bc 42000000 		.4byte	.LASF30
 696 01c0 01       		.byte	0x1
 697 01c1 C801     		.2byte	0x1c8
 698 01c3 77000000 		.4byte	0x77
 699 01c7 00000000 		.4byte	.LFB11
 700 01cb 0C000000 		.4byte	.LFE11-.LFB11
 701 01cf 01       		.uleb128 0x1
 702 01d0 9C       		.byte	0x9c
 703 01d1 07       		.uleb128 0x7
 704 01d2 57020000 		.4byte	.LASF31
 705 01d6 01       		.byte	0x1
 706 01d7 E001     		.2byte	0x1e0
 707 01d9 00000000 		.4byte	.LFB12
 708 01dd 0C000000 		.4byte	.LFE12-.LFB12
ARM GAS  C:\Users\Kotori\AppData\Local\Temp\ccjDg87j.s 			page 23


 709 01e1 01       		.uleb128 0x1
 710 01e2 9C       		.byte	0x9c
 711 01e3 F6010000 		.4byte	0x1f6
 712 01e7 08       		.uleb128 0x8
 713 01e8 97000000 		.4byte	.LASF32
 714 01ec 01       		.byte	0x1
 715 01ed E001     		.2byte	0x1e0
 716 01ef 77000000 		.4byte	0x77
 717 01f3 01       		.uleb128 0x1
 718 01f4 50       		.byte	0x50
 719 01f5 00       		.byte	0
 720 01f6 0C       		.uleb128 0xc
 721 01f7 9F000000 		.4byte	.LASF33
 722 01fb 01       		.byte	0x1
 723 01fc 2B       		.byte	0x2b
 724 01fd 00000000 		.4byte	.LFB0
 725 0201 8C000000 		.4byte	.LFE0-.LFB0
 726 0205 01       		.uleb128 0x1
 727 0206 9C       		.byte	0x9c
 728 0207 43020000 		.4byte	0x243
 729 020b 0D       		.uleb128 0xd
 730 020c 70000000 		.4byte	.LVL4
 731 0210 88010000 		.4byte	0x188
 732 0214 1F020000 		.4byte	0x21f
 733 0218 0E       		.uleb128 0xe
 734 0219 01       		.uleb128 0x1
 735 021a 50       		.byte	0x50
 736 021b 02       		.uleb128 0x2
 737 021c 09       		.byte	0x9
 738 021d FF       		.byte	0xff
 739 021e 00       		.byte	0
 740 021f 0D       		.uleb128 0xd
 741 0220 78000000 		.4byte	.LVL5
 742 0224 D1010000 		.4byte	0x1d1
 743 0228 33020000 		.4byte	0x233
 744 022c 0E       		.uleb128 0xe
 745 022d 01       		.uleb128 0x1
 746 022e 50       		.byte	0x50
 747 022f 02       		.uleb128 0x2
 748 0230 09       		.byte	0x9
 749 0231 FF       		.byte	0xff
 750 0232 00       		.byte	0
 751 0233 0F       		.uleb128 0xf
 752 0234 7E000000 		.4byte	.LVL6
 753 0238 EA000000 		.4byte	0xea
 754 023c 0E       		.uleb128 0xe
 755 023d 01       		.uleb128 0x1
 756 023e 50       		.byte	0x50
 757 023f 01       		.uleb128 0x1
 758 0240 30       		.byte	0x30
 759 0241 00       		.byte	0
 760 0242 00       		.byte	0
 761 0243 0C       		.uleb128 0xc
 762 0244 CD020000 		.4byte	.LASF34
 763 0248 01       		.byte	0x1
 764 0249 D7       		.byte	0xd7
 765 024a 00000000 		.4byte	.LFB2
ARM GAS  C:\Users\Kotori\AppData\Local\Temp\ccjDg87j.s 			page 24


 766 024e 1C000000 		.4byte	.LFE2-.LFB2
 767 0252 01       		.uleb128 0x1
 768 0253 9C       		.byte	0x9c
 769 0254 6B020000 		.4byte	0x26b
 770 0258 10       		.uleb128 0x10
 771 0259 0C000000 		.4byte	.LVL7
 772 025d F6010000 		.4byte	0x1f6
 773 0261 10       		.uleb128 0x10
 774 0262 16000000 		.4byte	.LVL8
 775 0266 C8000000 		.4byte	0xc8
 776 026a 00       		.byte	0
 777 026b 0A       		.uleb128 0xa
 778 026c 7E000000 		.4byte	.LASF35
 779 0270 01       		.byte	0x1
 780 0271 FC01     		.2byte	0x1fc
 781 0273 77000000 		.4byte	0x77
 782 0277 00000000 		.4byte	.LFB13
 783 027b 14000000 		.4byte	.LFE13-.LFB13
 784 027f 01       		.uleb128 0x1
 785 0280 9C       		.byte	0x9c
 786 0281 11       		.uleb128 0x11
 787 0282 55000000 		.4byte	.LASF40
 788 0286 01       		.byte	0x1
 789 0287 1A       		.byte	0x1a
 790 0288 6B000000 		.4byte	0x6b
 791 028c 05       		.uleb128 0x5
 792 028d 03       		.byte	0x3
 793 028e 00000000 		.4byte	HCSR04_initVar
 794 0292 00       		.byte	0
 795              		.section	.debug_abbrev,"",%progbits
 796              	.Ldebug_abbrev0:
 797 0000 01       		.uleb128 0x1
 798 0001 11       		.uleb128 0x11
 799 0002 01       		.byte	0x1
 800 0003 25       		.uleb128 0x25
 801 0004 0E       		.uleb128 0xe
 802 0005 13       		.uleb128 0x13
 803 0006 0B       		.uleb128 0xb
 804 0007 03       		.uleb128 0x3
 805 0008 0E       		.uleb128 0xe
 806 0009 1B       		.uleb128 0x1b
 807 000a 0E       		.uleb128 0xe
 808 000b 55       		.uleb128 0x55
 809 000c 17       		.uleb128 0x17
 810 000d 11       		.uleb128 0x11
 811 000e 01       		.uleb128 0x1
 812 000f 10       		.uleb128 0x10
 813 0010 17       		.uleb128 0x17
 814 0011 00       		.byte	0
 815 0012 00       		.byte	0
 816 0013 02       		.uleb128 0x2
 817 0014 24       		.uleb128 0x24
 818 0015 00       		.byte	0
 819 0016 0B       		.uleb128 0xb
 820 0017 0B       		.uleb128 0xb
 821 0018 3E       		.uleb128 0x3e
 822 0019 0B       		.uleb128 0xb
ARM GAS  C:\Users\Kotori\AppData\Local\Temp\ccjDg87j.s 			page 25


 823 001a 03       		.uleb128 0x3
 824 001b 0E       		.uleb128 0xe
 825 001c 00       		.byte	0
 826 001d 00       		.byte	0
 827 001e 03       		.uleb128 0x3
 828 001f 24       		.uleb128 0x24
 829 0020 00       		.byte	0
 830 0021 0B       		.uleb128 0xb
 831 0022 0B       		.uleb128 0xb
 832 0023 3E       		.uleb128 0x3e
 833 0024 0B       		.uleb128 0xb
 834 0025 03       		.uleb128 0x3
 835 0026 08       		.uleb128 0x8
 836 0027 00       		.byte	0
 837 0028 00       		.byte	0
 838 0029 04       		.uleb128 0x4
 839 002a 16       		.uleb128 0x16
 840 002b 00       		.byte	0
 841 002c 03       		.uleb128 0x3
 842 002d 0E       		.uleb128 0xe
 843 002e 3A       		.uleb128 0x3a
 844 002f 0B       		.uleb128 0xb
 845 0030 3B       		.uleb128 0x3b
 846 0031 05       		.uleb128 0x5
 847 0032 49       		.uleb128 0x49
 848 0033 13       		.uleb128 0x13
 849 0034 00       		.byte	0
 850 0035 00       		.byte	0
 851 0036 05       		.uleb128 0x5
 852 0037 35       		.uleb128 0x35
 853 0038 00       		.byte	0
 854 0039 49       		.uleb128 0x49
 855 003a 13       		.uleb128 0x13
 856 003b 00       		.byte	0
 857 003c 00       		.byte	0
 858 003d 06       		.uleb128 0x6
 859 003e 2E       		.uleb128 0x2e
 860 003f 00       		.byte	0
 861 0040 3F       		.uleb128 0x3f
 862 0041 19       		.uleb128 0x19
 863 0042 03       		.uleb128 0x3
 864 0043 0E       		.uleb128 0xe
 865 0044 3A       		.uleb128 0x3a
 866 0045 0B       		.uleb128 0xb
 867 0046 3B       		.uleb128 0x3b
 868 0047 0B       		.uleb128 0xb
 869 0048 27       		.uleb128 0x27
 870 0049 19       		.uleb128 0x19
 871 004a 11       		.uleb128 0x11
 872 004b 01       		.uleb128 0x1
 873 004c 12       		.uleb128 0x12
 874 004d 06       		.uleb128 0x6
 875 004e 40       		.uleb128 0x40
 876 004f 18       		.uleb128 0x18
 877 0050 9742     		.uleb128 0x2117
 878 0052 19       		.uleb128 0x19
 879 0053 00       		.byte	0
ARM GAS  C:\Users\Kotori\AppData\Local\Temp\ccjDg87j.s 			page 26


 880 0054 00       		.byte	0
 881 0055 07       		.uleb128 0x7
 882 0056 2E       		.uleb128 0x2e
 883 0057 01       		.byte	0x1
 884 0058 3F       		.uleb128 0x3f
 885 0059 19       		.uleb128 0x19
 886 005a 03       		.uleb128 0x3
 887 005b 0E       		.uleb128 0xe
 888 005c 3A       		.uleb128 0x3a
 889 005d 0B       		.uleb128 0xb
 890 005e 3B       		.uleb128 0x3b
 891 005f 05       		.uleb128 0x5
 892 0060 27       		.uleb128 0x27
 893 0061 19       		.uleb128 0x19
 894 0062 11       		.uleb128 0x11
 895 0063 01       		.uleb128 0x1
 896 0064 12       		.uleb128 0x12
 897 0065 06       		.uleb128 0x6
 898 0066 40       		.uleb128 0x40
 899 0067 18       		.uleb128 0x18
 900 0068 9742     		.uleb128 0x2117
 901 006a 19       		.uleb128 0x19
 902 006b 01       		.uleb128 0x1
 903 006c 13       		.uleb128 0x13
 904 006d 00       		.byte	0
 905 006e 00       		.byte	0
 906 006f 08       		.uleb128 0x8
 907 0070 05       		.uleb128 0x5
 908 0071 00       		.byte	0
 909 0072 03       		.uleb128 0x3
 910 0073 0E       		.uleb128 0xe
 911 0074 3A       		.uleb128 0x3a
 912 0075 0B       		.uleb128 0xb
 913 0076 3B       		.uleb128 0x3b
 914 0077 05       		.uleb128 0x5
 915 0078 49       		.uleb128 0x49
 916 0079 13       		.uleb128 0x13
 917 007a 02       		.uleb128 0x2
 918 007b 18       		.uleb128 0x18
 919 007c 00       		.byte	0
 920 007d 00       		.byte	0
 921 007e 09       		.uleb128 0x9
 922 007f 2E       		.uleb128 0x2e
 923 0080 00       		.byte	0
 924 0081 3F       		.uleb128 0x3f
 925 0082 19       		.uleb128 0x19
 926 0083 03       		.uleb128 0x3
 927 0084 0E       		.uleb128 0xe
 928 0085 3A       		.uleb128 0x3a
 929 0086 0B       		.uleb128 0xb
 930 0087 3B       		.uleb128 0x3b
 931 0088 05       		.uleb128 0x5
 932 0089 27       		.uleb128 0x27
 933 008a 19       		.uleb128 0x19
 934 008b 11       		.uleb128 0x11
 935 008c 01       		.uleb128 0x1
 936 008d 12       		.uleb128 0x12
ARM GAS  C:\Users\Kotori\AppData\Local\Temp\ccjDg87j.s 			page 27


 937 008e 06       		.uleb128 0x6
 938 008f 40       		.uleb128 0x40
 939 0090 18       		.uleb128 0x18
 940 0091 9742     		.uleb128 0x2117
 941 0093 19       		.uleb128 0x19
 942 0094 00       		.byte	0
 943 0095 00       		.byte	0
 944 0096 0A       		.uleb128 0xa
 945 0097 2E       		.uleb128 0x2e
 946 0098 00       		.byte	0
 947 0099 3F       		.uleb128 0x3f
 948 009a 19       		.uleb128 0x19
 949 009b 03       		.uleb128 0x3
 950 009c 0E       		.uleb128 0xe
 951 009d 3A       		.uleb128 0x3a
 952 009e 0B       		.uleb128 0xb
 953 009f 3B       		.uleb128 0x3b
 954 00a0 05       		.uleb128 0x5
 955 00a1 27       		.uleb128 0x27
 956 00a2 19       		.uleb128 0x19
 957 00a3 49       		.uleb128 0x49
 958 00a4 13       		.uleb128 0x13
 959 00a5 11       		.uleb128 0x11
 960 00a6 01       		.uleb128 0x1
 961 00a7 12       		.uleb128 0x12
 962 00a8 06       		.uleb128 0x6
 963 00a9 40       		.uleb128 0x40
 964 00aa 18       		.uleb128 0x18
 965 00ab 9742     		.uleb128 0x2117
 966 00ad 19       		.uleb128 0x19
 967 00ae 00       		.byte	0
 968 00af 00       		.byte	0
 969 00b0 0B       		.uleb128 0xb
 970 00b1 34       		.uleb128 0x34
 971 00b2 00       		.byte	0
 972 00b3 03       		.uleb128 0x3
 973 00b4 0E       		.uleb128 0xe
 974 00b5 3A       		.uleb128 0x3a
 975 00b6 0B       		.uleb128 0xb
 976 00b7 3B       		.uleb128 0x3b
 977 00b8 05       		.uleb128 0x5
 978 00b9 49       		.uleb128 0x49
 979 00ba 13       		.uleb128 0x13
 980 00bb 02       		.uleb128 0x2
 981 00bc 18       		.uleb128 0x18
 982 00bd 00       		.byte	0
 983 00be 00       		.byte	0
 984 00bf 0C       		.uleb128 0xc
 985 00c0 2E       		.uleb128 0x2e
 986 00c1 01       		.byte	0x1
 987 00c2 3F       		.uleb128 0x3f
 988 00c3 19       		.uleb128 0x19
 989 00c4 03       		.uleb128 0x3
 990 00c5 0E       		.uleb128 0xe
 991 00c6 3A       		.uleb128 0x3a
 992 00c7 0B       		.uleb128 0xb
 993 00c8 3B       		.uleb128 0x3b
ARM GAS  C:\Users\Kotori\AppData\Local\Temp\ccjDg87j.s 			page 28


 994 00c9 0B       		.uleb128 0xb
 995 00ca 27       		.uleb128 0x27
 996 00cb 19       		.uleb128 0x19
 997 00cc 11       		.uleb128 0x11
 998 00cd 01       		.uleb128 0x1
 999 00ce 12       		.uleb128 0x12
 1000 00cf 06       		.uleb128 0x6
 1001 00d0 40       		.uleb128 0x40
 1002 00d1 18       		.uleb128 0x18
 1003 00d2 9742     		.uleb128 0x2117
 1004 00d4 19       		.uleb128 0x19
 1005 00d5 01       		.uleb128 0x1
 1006 00d6 13       		.uleb128 0x13
 1007 00d7 00       		.byte	0
 1008 00d8 00       		.byte	0
 1009 00d9 0D       		.uleb128 0xd
 1010 00da 898201   		.uleb128 0x4109
 1011 00dd 01       		.byte	0x1
 1012 00de 11       		.uleb128 0x11
 1013 00df 01       		.uleb128 0x1
 1014 00e0 31       		.uleb128 0x31
 1015 00e1 13       		.uleb128 0x13
 1016 00e2 01       		.uleb128 0x1
 1017 00e3 13       		.uleb128 0x13
 1018 00e4 00       		.byte	0
 1019 00e5 00       		.byte	0
 1020 00e6 0E       		.uleb128 0xe
 1021 00e7 8A8201   		.uleb128 0x410a
 1022 00ea 00       		.byte	0
 1023 00eb 02       		.uleb128 0x2
 1024 00ec 18       		.uleb128 0x18
 1025 00ed 9142     		.uleb128 0x2111
 1026 00ef 18       		.uleb128 0x18
 1027 00f0 00       		.byte	0
 1028 00f1 00       		.byte	0
 1029 00f2 0F       		.uleb128 0xf
 1030 00f3 898201   		.uleb128 0x4109
 1031 00f6 01       		.byte	0x1
 1032 00f7 11       		.uleb128 0x11
 1033 00f8 01       		.uleb128 0x1
 1034 00f9 31       		.uleb128 0x31
 1035 00fa 13       		.uleb128 0x13
 1036 00fb 00       		.byte	0
 1037 00fc 00       		.byte	0
 1038 00fd 10       		.uleb128 0x10
 1039 00fe 898201   		.uleb128 0x4109
 1040 0101 00       		.byte	0
 1041 0102 11       		.uleb128 0x11
 1042 0103 01       		.uleb128 0x1
 1043 0104 31       		.uleb128 0x31
 1044 0105 13       		.uleb128 0x13
 1045 0106 00       		.byte	0
 1046 0107 00       		.byte	0
 1047 0108 11       		.uleb128 0x11
 1048 0109 34       		.uleb128 0x34
 1049 010a 00       		.byte	0
 1050 010b 03       		.uleb128 0x3
ARM GAS  C:\Users\Kotori\AppData\Local\Temp\ccjDg87j.s 			page 29


 1051 010c 0E       		.uleb128 0xe
 1052 010d 3A       		.uleb128 0x3a
 1053 010e 0B       		.uleb128 0xb
 1054 010f 3B       		.uleb128 0x3b
 1055 0110 0B       		.uleb128 0xb
 1056 0111 49       		.uleb128 0x49
 1057 0112 13       		.uleb128 0x13
 1058 0113 3F       		.uleb128 0x3f
 1059 0114 19       		.uleb128 0x19
 1060 0115 02       		.uleb128 0x2
 1061 0116 18       		.uleb128 0x18
 1062 0117 00       		.byte	0
 1063 0118 00       		.byte	0
 1064 0119 00       		.byte	0
 1065              		.section	.debug_aranges,"",%progbits
 1066 0000 84000000 		.4byte	0x84
 1067 0004 0200     		.2byte	0x2
 1068 0006 00000000 		.4byte	.Ldebug_info0
 1069 000a 04       		.byte	0x4
 1070 000b 00       		.byte	0
 1071 000c 0000     		.2byte	0
 1072 000e 0000     		.2byte	0
 1073 0010 00000000 		.4byte	.LFB1
 1074 0014 28000000 		.4byte	.LFE1-.LFB1
 1075 0018 00000000 		.4byte	.LFB3
 1076 001c 28000000 		.4byte	.LFE3-.LFB3
 1077 0020 00000000 		.4byte	.LFB4
 1078 0024 0C000000 		.4byte	.LFE4-.LFB4
 1079 0028 00000000 		.4byte	.LFB5
 1080 002c 0C000000 		.4byte	.LFE5-.LFB5
 1081 0030 00000000 		.4byte	.LFB6
 1082 0034 0C000000 		.4byte	.LFE6-.LFB6
 1083 0038 00000000 		.4byte	.LFB7
 1084 003c 0C000000 		.4byte	.LFE7-.LFB7
 1085 0040 00000000 		.4byte	.LFB8
 1086 0044 0C000000 		.4byte	.LFE8-.LFB8
 1087 0048 00000000 		.4byte	.LFB9
 1088 004c 0C000000 		.4byte	.LFE9-.LFB9
 1089 0050 00000000 		.4byte	.LFB10
 1090 0054 0C000000 		.4byte	.LFE10-.LFB10
 1091 0058 00000000 		.4byte	.LFB11
 1092 005c 0C000000 		.4byte	.LFE11-.LFB11
 1093 0060 00000000 		.4byte	.LFB12
 1094 0064 0C000000 		.4byte	.LFE12-.LFB12
 1095 0068 00000000 		.4byte	.LFB0
 1096 006c 8C000000 		.4byte	.LFE0-.LFB0
 1097 0070 00000000 		.4byte	.LFB2
 1098 0074 1C000000 		.4byte	.LFE2-.LFB2
 1099 0078 00000000 		.4byte	.LFB13
 1100 007c 14000000 		.4byte	.LFE13-.LFB13
 1101 0080 00000000 		.4byte	0
 1102 0084 00000000 		.4byte	0
 1103              		.section	.debug_ranges,"",%progbits
 1104              	.Ldebug_ranges0:
 1105 0000 00000000 		.4byte	.LFB1
 1106 0004 28000000 		.4byte	.LFE1
 1107 0008 00000000 		.4byte	.LFB3
ARM GAS  C:\Users\Kotori\AppData\Local\Temp\ccjDg87j.s 			page 30


 1108 000c 28000000 		.4byte	.LFE3
 1109 0010 00000000 		.4byte	.LFB4
 1110 0014 0C000000 		.4byte	.LFE4
 1111 0018 00000000 		.4byte	.LFB5
 1112 001c 0C000000 		.4byte	.LFE5
 1113 0020 00000000 		.4byte	.LFB6
 1114 0024 0C000000 		.4byte	.LFE6
 1115 0028 00000000 		.4byte	.LFB7
 1116 002c 0C000000 		.4byte	.LFE7
 1117 0030 00000000 		.4byte	.LFB8
 1118 0034 0C000000 		.4byte	.LFE8
 1119 0038 00000000 		.4byte	.LFB9
 1120 003c 0C000000 		.4byte	.LFE9
 1121 0040 00000000 		.4byte	.LFB10
 1122 0044 0C000000 		.4byte	.LFE10
 1123 0048 00000000 		.4byte	.LFB11
 1124 004c 0C000000 		.4byte	.LFE11
 1125 0050 00000000 		.4byte	.LFB12
 1126 0054 0C000000 		.4byte	.LFE12
 1127 0058 00000000 		.4byte	.LFB0
 1128 005c 8C000000 		.4byte	.LFE0
 1129 0060 00000000 		.4byte	.LFB2
 1130 0064 1C000000 		.4byte	.LFE2
 1131 0068 00000000 		.4byte	.LFB13
 1132 006c 14000000 		.4byte	.LFE13
 1133 0070 00000000 		.4byte	0
 1134 0074 00000000 		.4byte	0
 1135              		.section	.debug_line,"",%progbits
 1136              	.Ldebug_line0:
 1137 0000 55010000 		.section	.debug_str,"MS",%progbits,1
 1137      02004300 
 1137      00000201 
 1137      FB0E0D00 
 1137      01010101 
 1138              	.LASF15:
 1139 0000 72656731 		.ascii	"reg16\000"
 1139      3600
 1140              	.LASF24:
 1141 0006 48435352 		.ascii	"HCSR04_WriteControlRegister\000"
 1141      30345F57 
 1141      72697465 
 1141      436F6E74 
 1141      726F6C52 
 1142              	.LASF37:
 1143 0022 47656E65 		.ascii	"Generated_Source\\PSoC5\\HCSR04.c\000"
 1143      72617465 
 1143      645F536F 
 1143      75726365 
 1143      5C50536F 
 1144              	.LASF30:
 1145 0042 48435352 		.ascii	"HCSR04_ReadCapture\000"
 1145      30345F52 
 1145      65616443 
 1145      61707475 
 1145      726500
 1146              	.LASF40:
 1147 0055 48435352 		.ascii	"HCSR04_initVar\000"
ARM GAS  C:\Users\Kotori\AppData\Local\Temp\ccjDg87j.s 			page 31


 1147      30345F69 
 1147      6E697456 
 1147      617200
 1148              	.LASF29:
 1149 0064 70657269 		.ascii	"period\000"
 1149      6F6400
 1150              	.LASF3:
 1151 006b 73686F72 		.ascii	"short unsigned int\000"
 1151      7420756E 
 1151      7369676E 
 1151      65642069 
 1151      6E7400
 1152              	.LASF35:
 1153 007e 48435352 		.ascii	"HCSR04_ReadCounter\000"
 1153      30345F52 
 1153      65616443 
 1153      6F756E74 
 1153      657200
 1154              	.LASF11:
 1155 0091 666C6F61 		.ascii	"float\000"
 1155      7400
 1156              	.LASF32:
 1157 0097 636F756E 		.ascii	"counter\000"
 1157      74657200 
 1158              	.LASF33:
 1159 009f 48435352 		.ascii	"HCSR04_Init\000"
 1159      30345F49 
 1159      6E697400 
 1160              	.LASF1:
 1161 00ab 756E7369 		.ascii	"unsigned char\000"
 1161      676E6564 
 1161      20636861 
 1161      7200
 1162              	.LASF36:
 1163 00b9 474E5520 		.ascii	"GNU C11 5.4.1 20160609 (release) [ARM/embedded-5-br"
 1163      43313120 
 1163      352E342E 
 1163      31203230 
 1163      31363036 
 1164 00ec 616E6368 		.ascii	"anch revision 237715] -mcpu=cortex-m3 -mthumb -g -O"
 1164      20726576 
 1164      6973696F 
 1164      6E203233 
 1164      37373135 
 1165 011f 67202D66 		.ascii	"g -ffunction-sections -ffat-lto-objects\000"
 1165      66756E63 
 1165      74696F6E 
 1165      2D736563 
 1165      74696F6E 
 1166              	.LASF14:
 1167 0147 72656738 		.ascii	"reg8\000"
 1167      00
 1168              	.LASF27:
 1169 014c 48435352 		.ascii	"HCSR04_ReadPeriod\000"
 1169      30345F52 
 1169      65616450 
 1169      6572696F 
ARM GAS  C:\Users\Kotori\AppData\Local\Temp\ccjDg87j.s 			page 32


 1169      6400
 1170              	.LASF5:
 1171 015e 6C6F6E67 		.ascii	"long unsigned int\000"
 1171      20756E73 
 1171      69676E65 
 1171      6420696E 
 1171      7400
 1172              	.LASF9:
 1173 0170 75696E74 		.ascii	"uint8\000"
 1173      3800
 1174              	.LASF26:
 1175 0176 636F6E74 		.ascii	"control\000"
 1175      726F6C00 
 1176              	.LASF20:
 1177 017e 48435352 		.ascii	"HCSR04_SoftwareCapture\000"
 1177      30345F53 
 1177      6F667477 
 1177      61726543 
 1177      61707475 
 1178              	.LASF12:
 1179 0195 646F7562 		.ascii	"double\000"
 1179      6C6500
 1180              	.LASF10:
 1181 019c 75696E74 		.ascii	"uint16\000"
 1181      313600
 1182              	.LASF21:
 1183 01a3 48435352 		.ascii	"HCSR04_ReadStatusRegister\000"
 1183      30345F52 
 1183      65616453 
 1183      74617475 
 1183      73526567 
 1184              	.LASF38:
 1185 01bd 433A5C55 		.ascii	"C:\\Users\\Kotori\\Documents\\PSoC Creator\\Project"
 1185      73657273 
 1185      5C4B6F74 
 1185      6F72695C 
 1185      446F6375 
 1186 01eb 53484153 		.ascii	"SHAS_AreaController\\AreaController.cydsn\000"
 1186      5F417265 
 1186      61436F6E 
 1186      74726F6C 
 1186      6C65725C 
 1187              	.LASF28:
 1188 0214 48435352 		.ascii	"HCSR04_WritePeriod\000"
 1188      30345F57 
 1188      72697465 
 1188      50657269 
 1188      6F6400
 1189              	.LASF8:
 1190 0227 756E7369 		.ascii	"unsigned int\000"
 1190      676E6564 
 1190      20696E74 
 1190      00
 1191              	.LASF7:
 1192 0234 6C6F6E67 		.ascii	"long long unsigned int\000"
 1192      206C6F6E 
 1192      6720756E 
ARM GAS  C:\Users\Kotori\AppData\Local\Temp\ccjDg87j.s 			page 33


 1192      7369676E 
 1192      65642069 
 1193              	.LASF39:
 1194 024b 70657269 		.ascii	"period_temp\000"
 1194      6F645F74 
 1194      656D7000 
 1195              	.LASF31:
 1196 0257 48435352 		.ascii	"HCSR04_WriteCounter\000"
 1196      30345F57 
 1196      72697465 
 1196      436F756E 
 1196      74657200 
 1197              	.LASF22:
 1198 026b 48435352 		.ascii	"HCSR04_ReadControlRegister\000"
 1198      30345F52 
 1198      65616443 
 1198      6F6E7472 
 1198      6F6C5265 
 1199              	.LASF17:
 1200 0286 73697A65 		.ascii	"sizetype\000"
 1200      74797065 
 1200      00
 1201              	.LASF6:
 1202 028f 6C6F6E67 		.ascii	"long long int\000"
 1202      206C6F6E 
 1202      6720696E 
 1202      7400
 1203              	.LASF25:
 1204 029d 696E7465 		.ascii	"interruptMode\000"
 1204      72727570 
 1204      744D6F64 
 1204      6500
 1205              	.LASF2:
 1206 02ab 73686F72 		.ascii	"short int\000"
 1206      7420696E 
 1206      7400
 1207              	.LASF23:
 1208 02b5 48435352 		.ascii	"HCSR04_SetInterruptMode\000"
 1208      30345F53 
 1208      6574496E 
 1208      74657272 
 1208      7570744D 
 1209              	.LASF34:
 1210 02cd 48435352 		.ascii	"HCSR04_Start\000"
 1210      30345F53 
 1210      74617274 
 1210      00
 1211              	.LASF19:
 1212 02da 48435352 		.ascii	"HCSR04_Stop\000"
 1212      30345F53 
 1212      746F7000 
 1213              	.LASF4:
 1214 02e6 6C6F6E67 		.ascii	"long int\000"
 1214      20696E74 
 1214      00
 1215              	.LASF13:
 1216 02ef 63686172 		.ascii	"char\000"
ARM GAS  C:\Users\Kotori\AppData\Local\Temp\ccjDg87j.s 			page 34


 1216      00
 1217              	.LASF16:
 1218 02f4 6C6F6E67 		.ascii	"long double\000"
 1218      20646F75 
 1218      626C6500 
 1219              	.LASF0:
 1220 0300 7369676E 		.ascii	"signed char\000"
 1220      65642063 
 1220      68617200 
 1221              	.LASF18:
 1222 030c 48435352 		.ascii	"HCSR04_Enable\000"
 1222      30345F45 
 1222      6E61626C 
 1222      6500
 1223              		.ident	"GCC: (GNU Tools for ARM Embedded Processors) 5.4.1 20160609 (release) [ARM/embedded-5-bran
