ARM GAS  C:\Users\Kotori\AppData\Local\Temp\ccIfqUET.s 			page 1


   1              		.syntax unified
   2              		.cpu cortex-m3
   3              		.fpu softvfp
   4              		.eabi_attribute 20, 1
   5              		.eabi_attribute 21, 1
   6              		.eabi_attribute 23, 3
   7              		.eabi_attribute 24, 1
   8              		.eabi_attribute 25, 1
   9              		.eabi_attribute 26, 1
  10              		.eabi_attribute 30, 1
  11              		.eabi_attribute 34, 1
  12              		.eabi_attribute 18, 4
  13              		.thumb
  14              		.syntax unified
  15              		.file	"stepctrl.c"
  16              		.text
  17              	.Ltext0:
  18              		.cfi_sections	.debug_frame
  19              		.section	.text.STEP_EN,"ax",%progbits
  20              		.align	2
  21              		.global	STEP_EN
  22              		.thumb
  23              		.thumb_func
  24              		.type	STEP_EN, %function
  25              	STEP_EN:
  26              	.LFB63:
  27              		.file 1 "stepctrl.c"
   1:stepctrl.c    **** /* ========================================
   2:stepctrl.c    ****  *
   3:stepctrl.c    ****  * Copyright J2DW, 2018
   4:stepctrl.c    ****  * All Rights Reserved
   5:stepctrl.c    ****  * UNPUBLISHED, LICENSED SOFTWARE.
   6:stepctrl.c    ****  *
   7:stepctrl.c    ****  * CONFIDENTIAL AND PROPRIETARY INFORMATION
   8:stepctrl.c    ****  * WHICH IS THE PROPERTY OF J2DW.
   9:stepctrl.c    ****  *
  10:stepctrl.c    ****  * File: stepctrl.c
  11:stepctrl.c    ****  * Description: SHAS Area Controller Stepper Motor Functions
  12:stepctrl.c    ****  * Author(s): Jamie Doan, John Mo, Dallas Crus, William Vuong
  13:stepctrl.c    ****  * Revision Date: 2018-11-04
  14:stepctrl.c    ****  * ========================================
  15:stepctrl.c    **** */
  16:stepctrl.c    **** #include "stepctrl.h"
  17:stepctrl.c    **** #include "project.h"
  18:stepctrl.c    **** #include "stdlib.h"
  19:stepctrl.c    **** 
  20:stepctrl.c    **** void STEP_EN(uint8 num) {
  28              		.loc 1 20 0
  29              		.cfi_startproc
  30              		@ args = 0, pretend = 0, frame = 0
  31              		@ frame_needed = 0, uses_anonymous_args = 0
  32              	.LVL0:
  33 0000 08B5     		push	{r3, lr}
  34              		.cfi_def_cfa_offset 8
  35              		.cfi_offset 3, -8
  36              		.cfi_offset 14, -4
  21:stepctrl.c    ****     if (num == 0) {
ARM GAS  C:\Users\Kotori\AppData\Local\Temp\ccIfqUET.s 			page 2


  37              		.loc 1 21 0
  38 0002 30B9     		cbnz	r0, .L2
  22:stepctrl.c    ****        Step_Control_Write(Step_Control_Read() & 0x06); 
  39              		.loc 1 22 0
  40 0004 FFF7FEFF 		bl	Step_Control_Read
  41              	.LVL1:
  42 0008 00F00600 		and	r0, r0, #6
  43 000c FFF7FEFF 		bl	Step_Control_Write
  44              	.LVL2:
  45 0010 08BD     		pop	{r3, pc}
  46              	.LVL3:
  47              	.L2:
  23:stepctrl.c    ****     } else {
  24:stepctrl.c    ****        Step_Control_Write(Step_Control_Read() | 0x01); 
  48              		.loc 1 24 0
  49 0012 FFF7FEFF 		bl	Step_Control_Read
  50              	.LVL4:
  51 0016 40F00100 		orr	r0, r0, #1
  52 001a C0B2     		uxtb	r0, r0
  53 001c FFF7FEFF 		bl	Step_Control_Write
  54              	.LVL5:
  55 0020 08BD     		pop	{r3, pc}
  56              		.cfi_endproc
  57              	.LFE63:
  58              		.size	STEP_EN, .-STEP_EN
  59 0022 00BF     		.section	.text.STEP_DIR,"ax",%progbits
  60              		.align	2
  61              		.global	STEP_DIR
  62              		.thumb
  63              		.thumb_func
  64              		.type	STEP_DIR, %function
  65              	STEP_DIR:
  66              	.LFB64:
  25:stepctrl.c    ****     }
  26:stepctrl.c    **** }
  27:stepctrl.c    **** 
  28:stepctrl.c    **** void STEP_DIR(uint8 num) {
  67              		.loc 1 28 0
  68              		.cfi_startproc
  69              		@ args = 0, pretend = 0, frame = 0
  70              		@ frame_needed = 0, uses_anonymous_args = 0
  71              	.LVL6:
  72 0000 08B5     		push	{r3, lr}
  73              		.cfi_def_cfa_offset 8
  74              		.cfi_offset 3, -8
  75              		.cfi_offset 14, -4
  29:stepctrl.c    ****     if (num == 0) {
  76              		.loc 1 29 0
  77 0002 30B9     		cbnz	r0, .L6
  30:stepctrl.c    ****        Step_Control_Write(Step_Control_Read() & 0x03); 
  78              		.loc 1 30 0
  79 0004 FFF7FEFF 		bl	Step_Control_Read
  80              	.LVL7:
  81 0008 00F00300 		and	r0, r0, #3
  82 000c FFF7FEFF 		bl	Step_Control_Write
  83              	.LVL8:
  84 0010 08BD     		pop	{r3, pc}
ARM GAS  C:\Users\Kotori\AppData\Local\Temp\ccIfqUET.s 			page 3


  85              	.LVL9:
  86              	.L6:
  31:stepctrl.c    ****     } else {
  32:stepctrl.c    ****        Step_Control_Write(Step_Control_Read() | 0x04); 
  87              		.loc 1 32 0
  88 0012 FFF7FEFF 		bl	Step_Control_Read
  89              	.LVL10:
  90 0016 40F00400 		orr	r0, r0, #4
  91 001a C0B2     		uxtb	r0, r0
  92 001c FFF7FEFF 		bl	Step_Control_Write
  93              	.LVL11:
  94 0020 08BD     		pop	{r3, pc}
  95              		.cfi_endproc
  96              	.LFE64:
  97              		.size	STEP_DIR, .-STEP_DIR
  98 0022 00BF     		.section	.text.STEP_RUN,"ax",%progbits
  99              		.align	2
 100              		.global	STEP_RUN
 101              		.thumb
 102              		.thumb_func
 103              		.type	STEP_RUN, %function
 104              	STEP_RUN:
 105              	.LFB65:
  33:stepctrl.c    ****     }
  34:stepctrl.c    **** }
  35:stepctrl.c    **** 
  36:stepctrl.c    **** void STEP_RUN() {
 106              		.loc 1 36 0
 107              		.cfi_startproc
 108              		@ args = 0, pretend = 0, frame = 0
 109              		@ frame_needed = 0, uses_anonymous_args = 0
 110 0000 08B5     		push	{r3, lr}
 111              		.cfi_def_cfa_offset 8
 112              		.cfi_offset 3, -8
 113              		.cfi_offset 14, -4
  37:stepctrl.c    ****     Step_Control_Write(Step_Control_Read() ^ 0x02); 
 114              		.loc 1 37 0
 115 0002 FFF7FEFF 		bl	Step_Control_Read
 116              	.LVL12:
 117 0006 80F00200 		eor	r0, r0, #2
 118 000a C0B2     		uxtb	r0, r0
 119 000c FFF7FEFF 		bl	Step_Control_Write
 120              	.LVL13:
  38:stepctrl.c    ****     Step_Control_Write(Step_Control_Read() ^ 0x02); 
 121              		.loc 1 38 0
 122 0010 FFF7FEFF 		bl	Step_Control_Read
 123              	.LVL14:
 124 0014 80F00200 		eor	r0, r0, #2
 125 0018 C0B2     		uxtb	r0, r0
 126 001a FFF7FEFF 		bl	Step_Control_Write
 127              	.LVL15:
 128 001e 08BD     		pop	{r3, pc}
 129              		.cfi_endproc
 130              	.LFE65:
 131              		.size	STEP_RUN, .-STEP_RUN
 132              		.text
 133              	.Letext0:
ARM GAS  C:\Users\Kotori\AppData\Local\Temp\ccIfqUET.s 			page 4


 134              		.file 2 "c:\\program files (x86)\\cypress\\psoc creator\\4.2\\psoc creator\\import\\gnu\\arm\\5.4.
 135              		.file 3 "c:\\program files (x86)\\cypress\\psoc creator\\4.2\\psoc creator\\import\\gnu\\arm\\5.4.
 136              		.file 4 "Generated_Source\\PSoC5/cytypes.h"
 137              		.file 5 "Generated_Source\\PSoC5/Step_Control.h"
 138              		.file 6 "Generated_Source\\PSoC5/core_cm3.h"
 139              		.section	.debug_info,"",%progbits
 140              	.Ldebug_info0:
 141 0000 A0010000 		.4byte	0x1a0
 142 0004 0400     		.2byte	0x4
 143 0006 00000000 		.4byte	.Ldebug_abbrev0
 144 000a 04       		.byte	0x4
 145 000b 01       		.uleb128 0x1
 146 000c 57000000 		.4byte	.LASF21
 147 0010 0C       		.byte	0xc
 148 0011 EF010000 		.4byte	.LASF22
 149 0015 39010000 		.4byte	.LASF23
 150 0019 00000000 		.4byte	.Ldebug_ranges0+0
 151 001d 00000000 		.4byte	0
 152 0021 00000000 		.4byte	.Ldebug_line0
 153 0025 02       		.uleb128 0x2
 154 0026 01       		.byte	0x1
 155 0027 06       		.byte	0x6
 156 0028 4B000000 		.4byte	.LASF0
 157 002c 02       		.uleb128 0x2
 158 002d 01       		.byte	0x1
 159 002e 08       		.byte	0x8
 160 002f 37000000 		.4byte	.LASF1
 161 0033 02       		.uleb128 0x2
 162 0034 02       		.byte	0x2
 163 0035 05       		.byte	0x5
 164 0036 E5010000 		.4byte	.LASF2
 165 003a 02       		.uleb128 0x2
 166 003b 02       		.byte	0x2
 167 003c 07       		.byte	0x7
 168 003d 0E000000 		.4byte	.LASF3
 169 0041 03       		.uleb128 0x3
 170 0042 D5010000 		.4byte	.LASF9
 171 0046 02       		.byte	0x2
 172 0047 3F       		.byte	0x3f
 173 0048 4C000000 		.4byte	0x4c
 174 004c 02       		.uleb128 0x2
 175 004d 04       		.byte	0x4
 176 004e 05       		.byte	0x5
 177 004f 27010000 		.4byte	.LASF4
 178 0053 02       		.uleb128 0x2
 179 0054 04       		.byte	0x4
 180 0055 07       		.byte	0x7
 181 0056 ED000000 		.4byte	.LASF5
 182 005a 02       		.uleb128 0x2
 183 005b 08       		.byte	0x8
 184 005c 05       		.byte	0x5
 185 005d 00000000 		.4byte	.LASF6
 186 0061 02       		.uleb128 0x2
 187 0062 08       		.byte	0x8
 188 0063 07       		.byte	0x7
 189 0064 FF000000 		.4byte	.LASF7
 190 0068 04       		.uleb128 0x4
ARM GAS  C:\Users\Kotori\AppData\Local\Temp\ccIfqUET.s 			page 5


 191 0069 04       		.byte	0x4
 192 006a 05       		.byte	0x5
 193 006b 696E7400 		.ascii	"int\000"
 194 006f 02       		.uleb128 0x2
 195 0070 04       		.byte	0x4
 196 0071 07       		.byte	0x7
 197 0072 21000000 		.4byte	.LASF8
 198 0076 03       		.uleb128 0x3
 199 0077 E5000000 		.4byte	.LASF10
 200 007b 03       		.byte	0x3
 201 007c 2C       		.byte	0x2c
 202 007d 41000000 		.4byte	0x41
 203 0081 05       		.uleb128 0x5
 204 0082 45000000 		.4byte	.LASF11
 205 0086 04       		.byte	0x4
 206 0087 E401     		.2byte	0x1e4
 207 0089 2C000000 		.4byte	0x2c
 208 008d 02       		.uleb128 0x2
 209 008e 04       		.byte	0x4
 210 008f 04       		.byte	0x4
 211 0090 DF010000 		.4byte	.LASF12
 212 0094 02       		.uleb128 0x2
 213 0095 08       		.byte	0x8
 214 0096 04       		.byte	0x4
 215 0097 90010000 		.4byte	.LASF13
 216 009b 02       		.uleb128 0x2
 217 009c 01       		.byte	0x1
 218 009d 08       		.byte	0x8
 219 009e FA010000 		.4byte	.LASF14
 220 00a2 02       		.uleb128 0x2
 221 00a3 08       		.byte	0x8
 222 00a4 04       		.byte	0x4
 223 00a5 C9010000 		.4byte	.LASF15
 224 00a9 02       		.uleb128 0x2
 225 00aa 04       		.byte	0x4
 226 00ab 07       		.byte	0x7
 227 00ac 30010000 		.4byte	.LASF16
 228 00b0 06       		.uleb128 0x6
 229 00b1 16010000 		.4byte	.LASF17
 230 00b5 01       		.byte	0x1
 231 00b6 14       		.byte	0x14
 232 00b7 00000000 		.4byte	.LFB63
 233 00bb 22000000 		.4byte	.LFE63-.LFB63
 234 00bf 01       		.uleb128 0x1
 235 00c0 9C       		.byte	0x9c
 236 00c1 F9000000 		.4byte	0xf9
 237 00c5 07       		.uleb128 0x7
 238 00c6 6E756D00 		.ascii	"num\000"
 239 00ca 01       		.byte	0x1
 240 00cb 14       		.byte	0x14
 241 00cc 81000000 		.4byte	0x81
 242 00d0 00000000 		.4byte	.LLST0
 243 00d4 08       		.uleb128 0x8
 244 00d5 08000000 		.4byte	.LVL1
 245 00d9 8D010000 		.4byte	0x18d
 246 00dd 08       		.uleb128 0x8
 247 00de 10000000 		.4byte	.LVL2
ARM GAS  C:\Users\Kotori\AppData\Local\Temp\ccIfqUET.s 			page 6


 248 00e2 98010000 		.4byte	0x198
 249 00e6 08       		.uleb128 0x8
 250 00e7 16000000 		.4byte	.LVL4
 251 00eb 8D010000 		.4byte	0x18d
 252 00ef 08       		.uleb128 0x8
 253 00f0 20000000 		.4byte	.LVL5
 254 00f4 98010000 		.4byte	0x198
 255 00f8 00       		.byte	0
 256 00f9 06       		.uleb128 0x6
 257 00fa 2E000000 		.4byte	.LASF18
 258 00fe 01       		.byte	0x1
 259 00ff 1C       		.byte	0x1c
 260 0100 00000000 		.4byte	.LFB64
 261 0104 22000000 		.4byte	.LFE64-.LFB64
 262 0108 01       		.uleb128 0x1
 263 0109 9C       		.byte	0x9c
 264 010a 42010000 		.4byte	0x142
 265 010e 07       		.uleb128 0x7
 266 010f 6E756D00 		.ascii	"num\000"
 267 0113 01       		.byte	0x1
 268 0114 1C       		.byte	0x1c
 269 0115 81000000 		.4byte	0x81
 270 0119 3A000000 		.4byte	.LLST1
 271 011d 08       		.uleb128 0x8
 272 011e 08000000 		.4byte	.LVL7
 273 0122 8D010000 		.4byte	0x18d
 274 0126 08       		.uleb128 0x8
 275 0127 10000000 		.4byte	.LVL8
 276 012b 98010000 		.4byte	0x198
 277 012f 08       		.uleb128 0x8
 278 0130 16000000 		.4byte	.LVL10
 279 0134 8D010000 		.4byte	0x18d
 280 0138 08       		.uleb128 0x8
 281 0139 20000000 		.4byte	.LVL11
 282 013d 98010000 		.4byte	0x198
 283 0141 00       		.byte	0
 284 0142 09       		.uleb128 0x9
 285 0143 1E010000 		.4byte	.LASF24
 286 0147 01       		.byte	0x1
 287 0148 24       		.byte	0x24
 288 0149 00000000 		.4byte	.LFB65
 289 014d 20000000 		.4byte	.LFE65-.LFB65
 290 0151 01       		.uleb128 0x1
 291 0152 9C       		.byte	0x9c
 292 0153 7C010000 		.4byte	0x17c
 293 0157 08       		.uleb128 0x8
 294 0158 06000000 		.4byte	.LVL12
 295 015c 8D010000 		.4byte	0x18d
 296 0160 08       		.uleb128 0x8
 297 0161 10000000 		.4byte	.LVL13
 298 0165 98010000 		.4byte	0x198
 299 0169 08       		.uleb128 0x8
 300 016a 14000000 		.4byte	.LVL14
 301 016e 8D010000 		.4byte	0x18d
 302 0172 08       		.uleb128 0x8
 303 0173 1E000000 		.4byte	.LVL15
 304 0177 98010000 		.4byte	0x198
ARM GAS  C:\Users\Kotori\AppData\Local\Temp\ccIfqUET.s 			page 7


 305 017b 00       		.byte	0
 306 017c 0A       		.uleb128 0xa
 307 017d AA010000 		.4byte	.LASF25
 308 0181 06       		.byte	0x6
 309 0182 1207     		.2byte	0x712
 310 0184 88010000 		.4byte	0x188
 311 0188 0B       		.uleb128 0xb
 312 0189 76000000 		.4byte	0x76
 313 018d 0C       		.uleb128 0xc
 314 018e B7010000 		.4byte	.LASF19
 315 0192 B7010000 		.4byte	.LASF19
 316 0196 05       		.byte	0x5
 317 0197 30       		.byte	0x30
 318 0198 0C       		.uleb128 0xc
 319 0199 97010000 		.4byte	.LASF20
 320 019d 97010000 		.4byte	.LASF20
 321 01a1 05       		.byte	0x5
 322 01a2 2F       		.byte	0x2f
 323 01a3 00       		.byte	0
 324              		.section	.debug_abbrev,"",%progbits
 325              	.Ldebug_abbrev0:
 326 0000 01       		.uleb128 0x1
 327 0001 11       		.uleb128 0x11
 328 0002 01       		.byte	0x1
 329 0003 25       		.uleb128 0x25
 330 0004 0E       		.uleb128 0xe
 331 0005 13       		.uleb128 0x13
 332 0006 0B       		.uleb128 0xb
 333 0007 03       		.uleb128 0x3
 334 0008 0E       		.uleb128 0xe
 335 0009 1B       		.uleb128 0x1b
 336 000a 0E       		.uleb128 0xe
 337 000b 55       		.uleb128 0x55
 338 000c 17       		.uleb128 0x17
 339 000d 11       		.uleb128 0x11
 340 000e 01       		.uleb128 0x1
 341 000f 10       		.uleb128 0x10
 342 0010 17       		.uleb128 0x17
 343 0011 00       		.byte	0
 344 0012 00       		.byte	0
 345 0013 02       		.uleb128 0x2
 346 0014 24       		.uleb128 0x24
 347 0015 00       		.byte	0
 348 0016 0B       		.uleb128 0xb
 349 0017 0B       		.uleb128 0xb
 350 0018 3E       		.uleb128 0x3e
 351 0019 0B       		.uleb128 0xb
 352 001a 03       		.uleb128 0x3
 353 001b 0E       		.uleb128 0xe
 354 001c 00       		.byte	0
 355 001d 00       		.byte	0
 356 001e 03       		.uleb128 0x3
 357 001f 16       		.uleb128 0x16
 358 0020 00       		.byte	0
 359 0021 03       		.uleb128 0x3
 360 0022 0E       		.uleb128 0xe
 361 0023 3A       		.uleb128 0x3a
ARM GAS  C:\Users\Kotori\AppData\Local\Temp\ccIfqUET.s 			page 8


 362 0024 0B       		.uleb128 0xb
 363 0025 3B       		.uleb128 0x3b
 364 0026 0B       		.uleb128 0xb
 365 0027 49       		.uleb128 0x49
 366 0028 13       		.uleb128 0x13
 367 0029 00       		.byte	0
 368 002a 00       		.byte	0
 369 002b 04       		.uleb128 0x4
 370 002c 24       		.uleb128 0x24
 371 002d 00       		.byte	0
 372 002e 0B       		.uleb128 0xb
 373 002f 0B       		.uleb128 0xb
 374 0030 3E       		.uleb128 0x3e
 375 0031 0B       		.uleb128 0xb
 376 0032 03       		.uleb128 0x3
 377 0033 08       		.uleb128 0x8
 378 0034 00       		.byte	0
 379 0035 00       		.byte	0
 380 0036 05       		.uleb128 0x5
 381 0037 16       		.uleb128 0x16
 382 0038 00       		.byte	0
 383 0039 03       		.uleb128 0x3
 384 003a 0E       		.uleb128 0xe
 385 003b 3A       		.uleb128 0x3a
 386 003c 0B       		.uleb128 0xb
 387 003d 3B       		.uleb128 0x3b
 388 003e 05       		.uleb128 0x5
 389 003f 49       		.uleb128 0x49
 390 0040 13       		.uleb128 0x13
 391 0041 00       		.byte	0
 392 0042 00       		.byte	0
 393 0043 06       		.uleb128 0x6
 394 0044 2E       		.uleb128 0x2e
 395 0045 01       		.byte	0x1
 396 0046 3F       		.uleb128 0x3f
 397 0047 19       		.uleb128 0x19
 398 0048 03       		.uleb128 0x3
 399 0049 0E       		.uleb128 0xe
 400 004a 3A       		.uleb128 0x3a
 401 004b 0B       		.uleb128 0xb
 402 004c 3B       		.uleb128 0x3b
 403 004d 0B       		.uleb128 0xb
 404 004e 27       		.uleb128 0x27
 405 004f 19       		.uleb128 0x19
 406 0050 11       		.uleb128 0x11
 407 0051 01       		.uleb128 0x1
 408 0052 12       		.uleb128 0x12
 409 0053 06       		.uleb128 0x6
 410 0054 40       		.uleb128 0x40
 411 0055 18       		.uleb128 0x18
 412 0056 9742     		.uleb128 0x2117
 413 0058 19       		.uleb128 0x19
 414 0059 01       		.uleb128 0x1
 415 005a 13       		.uleb128 0x13
 416 005b 00       		.byte	0
 417 005c 00       		.byte	0
 418 005d 07       		.uleb128 0x7
ARM GAS  C:\Users\Kotori\AppData\Local\Temp\ccIfqUET.s 			page 9


 419 005e 05       		.uleb128 0x5
 420 005f 00       		.byte	0
 421 0060 03       		.uleb128 0x3
 422 0061 08       		.uleb128 0x8
 423 0062 3A       		.uleb128 0x3a
 424 0063 0B       		.uleb128 0xb
 425 0064 3B       		.uleb128 0x3b
 426 0065 0B       		.uleb128 0xb
 427 0066 49       		.uleb128 0x49
 428 0067 13       		.uleb128 0x13
 429 0068 02       		.uleb128 0x2
 430 0069 17       		.uleb128 0x17
 431 006a 00       		.byte	0
 432 006b 00       		.byte	0
 433 006c 08       		.uleb128 0x8
 434 006d 898201   		.uleb128 0x4109
 435 0070 00       		.byte	0
 436 0071 11       		.uleb128 0x11
 437 0072 01       		.uleb128 0x1
 438 0073 31       		.uleb128 0x31
 439 0074 13       		.uleb128 0x13
 440 0075 00       		.byte	0
 441 0076 00       		.byte	0
 442 0077 09       		.uleb128 0x9
 443 0078 2E       		.uleb128 0x2e
 444 0079 01       		.byte	0x1
 445 007a 3F       		.uleb128 0x3f
 446 007b 19       		.uleb128 0x19
 447 007c 03       		.uleb128 0x3
 448 007d 0E       		.uleb128 0xe
 449 007e 3A       		.uleb128 0x3a
 450 007f 0B       		.uleb128 0xb
 451 0080 3B       		.uleb128 0x3b
 452 0081 0B       		.uleb128 0xb
 453 0082 11       		.uleb128 0x11
 454 0083 01       		.uleb128 0x1
 455 0084 12       		.uleb128 0x12
 456 0085 06       		.uleb128 0x6
 457 0086 40       		.uleb128 0x40
 458 0087 18       		.uleb128 0x18
 459 0088 9742     		.uleb128 0x2117
 460 008a 19       		.uleb128 0x19
 461 008b 01       		.uleb128 0x1
 462 008c 13       		.uleb128 0x13
 463 008d 00       		.byte	0
 464 008e 00       		.byte	0
 465 008f 0A       		.uleb128 0xa
 466 0090 34       		.uleb128 0x34
 467 0091 00       		.byte	0
 468 0092 03       		.uleb128 0x3
 469 0093 0E       		.uleb128 0xe
 470 0094 3A       		.uleb128 0x3a
 471 0095 0B       		.uleb128 0xb
 472 0096 3B       		.uleb128 0x3b
 473 0097 05       		.uleb128 0x5
 474 0098 49       		.uleb128 0x49
 475 0099 13       		.uleb128 0x13
ARM GAS  C:\Users\Kotori\AppData\Local\Temp\ccIfqUET.s 			page 10


 476 009a 3F       		.uleb128 0x3f
 477 009b 19       		.uleb128 0x19
 478 009c 3C       		.uleb128 0x3c
 479 009d 19       		.uleb128 0x19
 480 009e 00       		.byte	0
 481 009f 00       		.byte	0
 482 00a0 0B       		.uleb128 0xb
 483 00a1 35       		.uleb128 0x35
 484 00a2 00       		.byte	0
 485 00a3 49       		.uleb128 0x49
 486 00a4 13       		.uleb128 0x13
 487 00a5 00       		.byte	0
 488 00a6 00       		.byte	0
 489 00a7 0C       		.uleb128 0xc
 490 00a8 2E       		.uleb128 0x2e
 491 00a9 00       		.byte	0
 492 00aa 3F       		.uleb128 0x3f
 493 00ab 19       		.uleb128 0x19
 494 00ac 3C       		.uleb128 0x3c
 495 00ad 19       		.uleb128 0x19
 496 00ae 6E       		.uleb128 0x6e
 497 00af 0E       		.uleb128 0xe
 498 00b0 03       		.uleb128 0x3
 499 00b1 0E       		.uleb128 0xe
 500 00b2 3A       		.uleb128 0x3a
 501 00b3 0B       		.uleb128 0xb
 502 00b4 3B       		.uleb128 0x3b
 503 00b5 0B       		.uleb128 0xb
 504 00b6 00       		.byte	0
 505 00b7 00       		.byte	0
 506 00b8 00       		.byte	0
 507              		.section	.debug_loc,"",%progbits
 508              	.Ldebug_loc0:
 509              	.LLST0:
 510 0000 00000000 		.4byte	.LVL0
 511 0004 07000000 		.4byte	.LVL1-1
 512 0008 0100     		.2byte	0x1
 513 000a 50       		.byte	0x50
 514 000b 07000000 		.4byte	.LVL1-1
 515 000f 12000000 		.4byte	.LVL3
 516 0013 0400     		.2byte	0x4
 517 0015 F3       		.byte	0xf3
 518 0016 01       		.uleb128 0x1
 519 0017 50       		.byte	0x50
 520 0018 9F       		.byte	0x9f
 521 0019 12000000 		.4byte	.LVL3
 522 001d 15000000 		.4byte	.LVL4-1
 523 0021 0100     		.2byte	0x1
 524 0023 50       		.byte	0x50
 525 0024 15000000 		.4byte	.LVL4-1
 526 0028 22000000 		.4byte	.LFE63
 527 002c 0400     		.2byte	0x4
 528 002e F3       		.byte	0xf3
 529 002f 01       		.uleb128 0x1
 530 0030 50       		.byte	0x50
 531 0031 9F       		.byte	0x9f
 532 0032 00000000 		.4byte	0
ARM GAS  C:\Users\Kotori\AppData\Local\Temp\ccIfqUET.s 			page 11


 533 0036 00000000 		.4byte	0
 534              	.LLST1:
 535 003a 00000000 		.4byte	.LVL6
 536 003e 07000000 		.4byte	.LVL7-1
 537 0042 0100     		.2byte	0x1
 538 0044 50       		.byte	0x50
 539 0045 07000000 		.4byte	.LVL7-1
 540 0049 12000000 		.4byte	.LVL9
 541 004d 0400     		.2byte	0x4
 542 004f F3       		.byte	0xf3
 543 0050 01       		.uleb128 0x1
 544 0051 50       		.byte	0x50
 545 0052 9F       		.byte	0x9f
 546 0053 12000000 		.4byte	.LVL9
 547 0057 15000000 		.4byte	.LVL10-1
 548 005b 0100     		.2byte	0x1
 549 005d 50       		.byte	0x50
 550 005e 15000000 		.4byte	.LVL10-1
 551 0062 22000000 		.4byte	.LFE64
 552 0066 0400     		.2byte	0x4
 553 0068 F3       		.byte	0xf3
 554 0069 01       		.uleb128 0x1
 555 006a 50       		.byte	0x50
 556 006b 9F       		.byte	0x9f
 557 006c 00000000 		.4byte	0
 558 0070 00000000 		.4byte	0
 559              		.section	.debug_aranges,"",%progbits
 560 0000 2C000000 		.4byte	0x2c
 561 0004 0200     		.2byte	0x2
 562 0006 00000000 		.4byte	.Ldebug_info0
 563 000a 04       		.byte	0x4
 564 000b 00       		.byte	0
 565 000c 0000     		.2byte	0
 566 000e 0000     		.2byte	0
 567 0010 00000000 		.4byte	.LFB63
 568 0014 22000000 		.4byte	.LFE63-.LFB63
 569 0018 00000000 		.4byte	.LFB64
 570 001c 22000000 		.4byte	.LFE64-.LFB64
 571 0020 00000000 		.4byte	.LFB65
 572 0024 20000000 		.4byte	.LFE65-.LFB65
 573 0028 00000000 		.4byte	0
 574 002c 00000000 		.4byte	0
 575              		.section	.debug_ranges,"",%progbits
 576              	.Ldebug_ranges0:
 577 0000 00000000 		.4byte	.LFB63
 578 0004 22000000 		.4byte	.LFE63
 579 0008 00000000 		.4byte	.LFB64
 580 000c 22000000 		.4byte	.LFE64
 581 0010 00000000 		.4byte	.LFB65
 582 0014 20000000 		.4byte	.LFE65
 583 0018 00000000 		.4byte	0
 584 001c 00000000 		.4byte	0
 585              		.section	.debug_line,"",%progbits
 586              	.Ldebug_line0:
 587 0000 9D010000 		.section	.debug_str,"MS",%progbits,1
 587      02006201 
 587      00000201 
ARM GAS  C:\Users\Kotori\AppData\Local\Temp\ccIfqUET.s 			page 12


 587      FB0E0D00 
 587      01010101 
 588              	.LASF6:
 589 0000 6C6F6E67 		.ascii	"long long int\000"
 589      206C6F6E 
 589      6720696E 
 589      7400
 590              	.LASF3:
 591 000e 73686F72 		.ascii	"short unsigned int\000"
 591      7420756E 
 591      7369676E 
 591      65642069 
 591      6E7400
 592              	.LASF8:
 593 0021 756E7369 		.ascii	"unsigned int\000"
 593      676E6564 
 593      20696E74 
 593      00
 594              	.LASF18:
 595 002e 53544550 		.ascii	"STEP_DIR\000"
 595      5F444952 
 595      00
 596              	.LASF1:
 597 0037 756E7369 		.ascii	"unsigned char\000"
 597      676E6564 
 597      20636861 
 597      7200
 598              	.LASF11:
 599 0045 75696E74 		.ascii	"uint8\000"
 599      3800
 600              	.LASF0:
 601 004b 7369676E 		.ascii	"signed char\000"
 601      65642063 
 601      68617200 
 602              	.LASF21:
 603 0057 474E5520 		.ascii	"GNU C11 5.4.1 20160609 (release) [ARM/embedded-5-br"
 603      43313120 
 603      352E342E 
 603      31203230 
 603      31363036 
 604 008a 616E6368 		.ascii	"anch revision 237715] -mcpu=cortex-m3 -mthumb -g -O"
 604      20726576 
 604      6973696F 
 604      6E203233 
 604      37373135 
 605 00bd 67202D66 		.ascii	"g -ffunction-sections -ffat-lto-objects\000"
 605      66756E63 
 605      74696F6E 
 605      2D736563 
 605      74696F6E 
 606              	.LASF10:
 607 00e5 696E7433 		.ascii	"int32_t\000"
 607      325F7400 
 608              	.LASF5:
 609 00ed 6C6F6E67 		.ascii	"long unsigned int\000"
 609      20756E73 
 609      69676E65 
ARM GAS  C:\Users\Kotori\AppData\Local\Temp\ccIfqUET.s 			page 13


 609      6420696E 
 609      7400
 610              	.LASF7:
 611 00ff 6C6F6E67 		.ascii	"long long unsigned int\000"
 611      206C6F6E 
 611      6720756E 
 611      7369676E 
 611      65642069 
 612              	.LASF17:
 613 0116 53544550 		.ascii	"STEP_EN\000"
 613      5F454E00 
 614              	.LASF24:
 615 011e 53544550 		.ascii	"STEP_RUN\000"
 615      5F52554E 
 615      00
 616              	.LASF4:
 617 0127 6C6F6E67 		.ascii	"long int\000"
 617      20696E74 
 617      00
 618              	.LASF16:
 619 0130 73697A65 		.ascii	"sizetype\000"
 619      74797065 
 619      00
 620              	.LASF23:
 621 0139 433A5C55 		.ascii	"C:\\Users\\Kotori\\Documents\\PSoC Creator\\Project"
 621      73657273 
 621      5C4B6F74 
 621      6F72695C 
 621      446F6375 
 622 0167 53484153 		.ascii	"SHAS_AreaController\\AreaController.cydsn\000"
 622      5F417265 
 622      61436F6E 
 622      74726F6C 
 622      6C65725C 
 623              	.LASF13:
 624 0190 646F7562 		.ascii	"double\000"
 624      6C6500
 625              	.LASF20:
 626 0197 53746570 		.ascii	"Step_Control_Write\000"
 626      5F436F6E 
 626      74726F6C 
 626      5F577269 
 626      746500
 627              	.LASF25:
 628 01aa 49544D5F 		.ascii	"ITM_RxBuffer\000"
 628      52784275 
 628      66666572 
 628      00
 629              	.LASF19:
 630 01b7 53746570 		.ascii	"Step_Control_Read\000"
 630      5F436F6E 
 630      74726F6C 
 630      5F526561 
 630      6400
 631              	.LASF15:
 632 01c9 6C6F6E67 		.ascii	"long double\000"
 632      20646F75 
ARM GAS  C:\Users\Kotori\AppData\Local\Temp\ccIfqUET.s 			page 14


 632      626C6500 
 633              	.LASF9:
 634 01d5 5F5F696E 		.ascii	"__int32_t\000"
 634      7433325F 
 634      7400
 635              	.LASF12:
 636 01df 666C6F61 		.ascii	"float\000"
 636      7400
 637              	.LASF2:
 638 01e5 73686F72 		.ascii	"short int\000"
 638      7420696E 
 638      7400
 639              	.LASF22:
 640 01ef 73746570 		.ascii	"stepctrl.c\000"
 640      6374726C 
 640      2E6300
 641              	.LASF14:
 642 01fa 63686172 		.ascii	"char\000"
 642      00
 643              		.ident	"GCC: (GNU Tools for ARM Embedded Processors) 5.4.1 20160609 (release) [ARM/embedded-5-bran
